info: ::1 - - [09/Mar/2022:02:42:38 +0000] "POST /api/v1/users/register HTTP/1.1" 201 326 "-" "PostmanRuntime/7.29.0"

info: ::1 - - [09/Mar/2022:02:44:06 +0000] "POST /api/v1/users/register HTTP/1.1" 201 326 "-" "PostmanRuntime/7.29.0"

info: ::1 - - [09/Mar/2022:02:46:32 +0000] "POST /api/v1/users/register HTTP/1.1" 201 326 "-" "PostmanRuntime/7.29.0"

info: ::1 - - [09/Mar/2022:02:50:21 +0000] "POST /api/v1/users/register HTTP/1.1" 500 61 "-" "PostmanRuntime/7.29.0"

info: ::1 - - [09/Mar/2022:02:57:20 +0000] "POST /api/v1/users/register HTTP/1.1" 201 326 "-" "PostmanRuntime/7.29.0"

info: ::1 - - [09/Mar/2022:03:02:14 +0000] "POST /api/v1/users/register HTTP/1.1" 500 109 "-" "PostmanRuntime/7.29.0"

info: ::1 - - [09/Mar/2022:03:03:49 +0000] "POST /api/v1/users/register HTTP/1.1" 500 58 "-" "PostmanRuntime/7.29.0"

info: ::1 - - [09/Mar/2022:03:04:09 +0000] "POST /api/v1/users/register HTTP/1.1" 201 326 "-" "PostmanRuntime/7.29.0"

info: ::1 - - [09/Mar/2022:03:15:39 +0000] "POST /api/v1/users/register HTTP/1.1" 201 326 "-" "PostmanRuntime/7.29.0"

info: ::1 - - [09/Mar/2022:03:19:26 +0000] "POST /api/v1/users/register HTTP/1.1" 201 326 "-" "PostmanRuntime/7.29.0"

info: ::1 - - [09/Mar/2022:03:21:14 +0000] "POST /api/v1/users/register HTTP/1.1" 201 328 "-" "PostmanRuntime/7.29.0"

info: ::1 - - [09/Mar/2022:03:21:47 +0000] "POST /api/v1/users/register HTTP/1.1" 201 328 "-" "PostmanRuntime/7.29.0"

info: ::1 - - [09/Mar/2022:03:28:45 +0000] "POST /api/v1/users/register HTTP/1.1" 201 328 "-" "PostmanRuntime/7.29.0"

info: ::1 - - [09/Mar/2022:03:29:18 +0000] "POST /api/v1/users/register HTTP/1.1" 201 328 "-" "PostmanRuntime/7.29.0"

info: ::1 - - [09/Mar/2022:03:29:58 +0000] "POST /api/v1/users/register HTTP/1.1" 201 328 "-" "PostmanRuntime/7.29.0"

info: ::1 - - [09/Mar/2022:03:33:28 +0000] "POST /api/v1/users/register HTTP/1.1" 201 328 "-" "PostmanRuntime/7.29.0"

info: ::1 - - [09/Mar/2022:03:36:24 +0000] "POST /api/v1/users/register HTTP/1.1" 201 328 "-" "PostmanRuntime/7.29.0"

info: ::1 - - [09/Mar/2022:03:44:19 +0000] "POST /api/v1/users/register HTTP/1.1" 201 328 "-" "PostmanRuntime/7.29.0"

info: ::1 - - [09/Mar/2022:03:45:33 +0000] "POST /api/v1/users/register HTTP/1.1" 500 58 "-" "PostmanRuntime/7.29.0"

info: ::1 - - [09/Mar/2022:03:45:41 +0000] "POST /api/v1/users/register HTTP/1.1" 201 328 "-" "PostmanRuntime/7.29.0"

info: ::1 - - [09/Mar/2022:03:58:59 +0000] "POST /api/v1/users/register HTTP/1.1" 409 55 "-" "PostmanRuntime/7.29.0"

info: ::1 - - [09/Mar/2022:17:00:44 +0000] "POST /api/v1/note HTTP/1.1" 400 2 "-" "PostmanRuntime/7.29.0"

info: ::1 - - [09/Mar/2022:17:01:38 +0000] "POST /api/v1/note HTTP/1.1" 400 2 "-" "PostmanRuntime/7.29.0"

info: ::1 - - [09/Mar/2022:17:02:16 +0000] "POST /api/v1/note HTTP/1.1" 400 2 "-" "PostmanRuntime/7.29.0"

info: ::1 - - [09/Mar/2022:17:03:11 +0000] "POST /api/v1/note HTTP/1.1" 400 2 "-" "PostmanRuntime/7.29.0"

info: ::1 - - [09/Mar/2022:17:04:03 +0000] "GET /api-docs/ HTTP/1.1" 304 - "-" "Mozilla/5.0 (Windows NT 10.0; Win64; x64) AppleWebKit/537.36 (KHTML, like Gecko) Chrome/101.0.4919.0 Safari/537.36"

info: ::1 - - [09/Mar/2022:17:04:03 +0000] "GET /api-docs/swagger-ui-init.js HTTP/1.1" 304 - "-" "Mozilla/5.0 (Windows NT 10.0; Win64; x64) AppleWebKit/537.36 (KHTML, like Gecko) Chrome/101.0.4919.0 Safari/537.36"

info: ::1 - - [09/Mar/2022:17:04:03 +0000] "GET /api-docs/swagger-ui-standalone-preset.js HTTP/1.1" 304 - "-" "Mozilla/5.0 (Windows NT 10.0; Win64; x64) AppleWebKit/537.36 (KHTML, like Gecko) Chrome/101.0.4919.0 Safari/537.36"

info: ::1 - - [09/Mar/2022:17:04:03 +0000] "GET /api-docs/swagger-ui-bundle.js HTTP/1.1" 304 - "-" "Mozilla/5.0 (Windows NT 10.0; Win64; x64) AppleWebKit/537.36 (KHTML, like Gecko) Chrome/101.0.4919.0 Safari/537.36"

info: ::1 - - [09/Mar/2022:17:04:03 +0000] "GET /api-docs/swagger-ui.css HTTP/1.1" 304 - "-" "Mozilla/5.0 (Windows NT 10.0; Win64; x64) AppleWebKit/537.36 (KHTML, like Gecko) Chrome/101.0.4919.0 Safari/537.36"

info: ::1 - - [09/Mar/2022:17:04:04 +0000] "GET /api-docs/favicon-32x32.png HTTP/1.1" 304 - "-" "Mozilla/5.0 (Windows NT 10.0; Win64; x64) AppleWebKit/537.36 (KHTML, like Gecko) Chrome/101.0.4919.0 Safari/537.36"

info: ::1 - - [09/Mar/2022:17:04:36 +0000] "POST /api/v1/note HTTP/1.1" 400 2 "-" "Mozilla/5.0 (Windows NT 10.0; Win64; x64) AppleWebKit/537.36 (KHTML, like Gecko) Chrome/101.0.4919.0 Safari/537.36"

info: ::1 - - [09/Mar/2022:17:06:01 +0000] "POST /api/v1/note HTTP/1.1" 400 52 "-" "Mozilla/5.0 (Windows NT 10.0; Win64; x64) AppleWebKit/537.36 (KHTML, like Gecko) Chrome/101.0.4919.0 Safari/537.36"

info: ::1 - - [09/Mar/2022:17:07:04 +0000] "POST /api/v1/note HTTP/1.1" 400 52 "-" "Mozilla/5.0 (Windows NT 10.0; Win64; x64) AppleWebKit/537.36 (KHTML, like Gecko) Chrome/101.0.4919.0 Safari/537.36"

info: ::1 - - [09/Mar/2022:17:07:32 +0000] "POST /api/v1/note HTTP/1.1" 200 259 "-" "Mozilla/5.0 (Windows NT 10.0; Win64; x64) AppleWebKit/537.36 (KHTML, like Gecko) Chrome/101.0.4919.0 Safari/537.36"

info: ::1 - - [09/Mar/2022:17:08:17 +0000] "POST /api/v1/note HTTP/1.1" 200 259 "-" "Mozilla/5.0 (Windows NT 10.0; Win64; x64) AppleWebKit/537.36 (KHTML, like Gecko) Chrome/101.0.4919.0 Safari/537.36"

info: ::ffff:127.0.0.1 - - [09/Mar/2022:17:09:06 +0000] "POST /api/v1/note HTTP/1.1" 200 259 "-" "Mozilla/5.0 (Windows NT 10.0; Win64; x64) AppleWebKit/537.36 (KHTML, like Gecko) Chrome/101.0.4919.0 Safari/537.36"

info: ::1 - - [09/Mar/2022:17:09:24 +0000] "GET /api/v1/note HTTP/1.1" 200 2462 "-" "Mozilla/5.0 (Windows NT 10.0; Win64; x64) AppleWebKit/537.36 (KHTML, like Gecko) Chrome/101.0.4919.0 Safari/537.36"

info: ::1 - - [09/Mar/2022:17:09:47 +0000] "GET /api/v1/note/6228df3210862339e88c184d HTTP/1.1" 200 276 "-" "Mozilla/5.0 (Windows NT 10.0; Win64; x64) AppleWebKit/537.36 (KHTML, like Gecko) Chrome/101.0.4919.0 Safari/537.36"

info: ::1 - - [09/Mar/2022:17:10:11 +0000] "PUT /api/v1/note/6228df3210862339e88c184d HTTP/1.1" 200 310 "-" "Mozilla/5.0 (Windows NT 10.0; Win64; x64) AppleWebKit/537.36 (KHTML, like Gecko) Chrome/101.0.4919.0 Safari/537.36"

info: ::1 - - [09/Mar/2022:17:10:25 +0000] "PUT /api/v1/note/archive/6228df3210862339e88c184d HTTP/1.1" 200 265 "-" "Mozilla/5.0 (Windows NT 10.0; Win64; x64) AppleWebKit/537.36 (KHTML, like Gecko) Chrome/101.0.4919.0 Safari/537.36"

info: ::1 - - [09/Mar/2022:17:10:34 +0000] "PUT /api/v1/note/archive/6228df3210862339e88c184d HTTP/1.1" 200 283 "-" "Mozilla/5.0 (Windows NT 10.0; Win64; x64) AppleWebKit/537.36 (KHTML, like Gecko) Chrome/101.0.4919.0 Safari/537.36"

info: ::1 - - [09/Mar/2022:17:10:44 +0000] "PUT /api/v1/note/trash/6228df3210862339e88c184d HTTP/1.1" 200 282 "-" "Mozilla/5.0 (Windows NT 10.0; Win64; x64) AppleWebKit/537.36 (KHTML, like Gecko) Chrome/101.0.4919.0 Safari/537.36"

info: ::1 - - [09/Mar/2022:17:10:47 +0000] "PUT /api/v1/note/trash/6228df3210862339e88c184d HTTP/1.1" 200 299 "-" "Mozilla/5.0 (Windows NT 10.0; Win64; x64) AppleWebKit/537.36 (KHTML, like Gecko) Chrome/101.0.4919.0 Safari/537.36"

info: ::1 - - [09/Mar/2022:17:11:02 +0000] "DELETE /api/v1/note/6228df3210862339e88c184d HTTP/1.1" 200 60 "-" "Mozilla/5.0 (Windows NT 10.0; Win64; x64) AppleWebKit/537.36 (KHTML, like Gecko) Chrome/101.0.4919.0 Safari/537.36"

info: ::1 - - [09/Mar/2022:17:11:17 +0000] "GET /api/v1/note/6228df3210862339e88c184d HTTP/1.1" 500 64 "-" "Mozilla/5.0 (Windows NT 10.0; Win64; x64) AppleWebKit/537.36 (KHTML, like Gecko) Chrome/101.0.4919.0 Safari/537.36"

info: ::1 - - [09/Mar/2022:17:18:24 +0000] "GET /api/v1/note/6228df3210862339e88c184d HTTP/1.1" 404 61 "-" "Mozilla/5.0 (Windows NT 10.0; Win64; x64) AppleWebKit/537.36 (KHTML, like Gecko) Chrome/101.0.4919.0 Safari/537.36"

