info: ::1 - - [26/Feb/2022:15:03:20 +0000] "GET /api/v1/note/ HTTP/1.1" 200 4803 "-" "PostmanRuntime/7.29.0"

info: ::1 - - [26/Feb/2022:15:06:23 +0000] "POST /api/v1/users/userregister HTTP/1.1" 201 320 "-" "PostmanRuntime/7.29.0"

info: ::1 - - [26/Feb/2022:15:07:14 +0000] "GET /api/v1/users/login HTTP/1.1" 200 238 "-" "PostmanRuntime/7.29.0"

info: ::1 - - [26/Feb/2022:15:10:02 +0000] "POST /api/v1/note/ HTTP/1.1" 200 267 "-" "PostmanRuntime/7.29.0"

info: ::1 - - [26/Feb/2022:15:11:19 +0000] "GET /api/v1/note/621a41ee681dae23446ecbfb HTTP/1.1" 500 176 "-" "PostmanRuntime/7.29.0"

info: ::1 - - [26/Feb/2022:15:12:05 +0000] "GET /api/v1/note/ HTTP/1.1" 200 5028 "-" "PostmanRuntime/7.29.0"

info: ::1 - - [26/Feb/2022:15:13:02 +0000] "GET /api/v1/note/auth HTTP/1.1" 200 5028 "-" "PostmanRuntime/7.29.0"

info: ::1 - - [26/Feb/2022:15:14:29 +0000] "GET /api/v1/users/login HTTP/1.1" 500 57 "-" "PostmanRuntime/7.29.0"

info: ::1 - - [26/Feb/2022:15:15:01 +0000] "GET /api/v1/users/login HTTP/1.1" 200 238 "-" "PostmanRuntime/7.29.0"

info: ::1 - - [26/Feb/2022:15:16:33 +0000] "POST /api/v1/note/ HTTP/1.1" 200 252 "-" "PostmanRuntime/7.29.0"

info: ::1 - - [26/Feb/2022:15:17:43 +0000] "GET /api/v1/note/auth HTTP/1.1" 200 5238 "-" "PostmanRuntime/7.29.0"

info: ::1 - - [26/Feb/2022:15:19:39 +0000] "GET /api/v1/note/auth HTTP/1.1" 500 113 "-" "PostmanRuntime/7.29.0"

info: ::1 - - [26/Feb/2022:15:25:02 +0000] "GET /api/v1/note/auth HTTP/1.1" 200 65 "-" "PostmanRuntime/7.29.0"

info: ::1 - - [26/Feb/2022:15:27:04 +0000] "GET /api/v1/note/auth HTTP/1.1" 200 65 "-" "PostmanRuntime/7.29.0"

info: ::1 - - [26/Feb/2022:15:28:43 +0000] "GET /api/v1/note/auth HTTP/1.1" 200 65 "-" "PostmanRuntime/7.29.0"

info: ::1 - - [26/Feb/2022:15:28:46 +0000] "GET /api/v1/note/auth HTTP/1.1" 200 65 "-" "PostmanRuntime/7.29.0"

info: ::1 - - [26/Feb/2022:15:28:47 +0000] "GET /api/v1/note/auth HTTP/1.1" 200 65 "-" "PostmanRuntime/7.29.0"

info: ::1 - - [26/Feb/2022:15:28:49 +0000] "GET /api/v1/note/auth HTTP/1.1" 200 65 "-" "PostmanRuntime/7.29.0"

info: ::1 - - [26/Feb/2022:15:28:50 +0000] "GET /api/v1/note/auth HTTP/1.1" 200 65 "-" "PostmanRuntime/7.29.0"

info: ::1 - - [26/Feb/2022:16:39:14 +0000] "GET /api/v1/note/auth HTTP/1.1" 500 53 "-" "PostmanRuntime/7.29.0"

info: ::1 - - [26/Feb/2022:16:39:55 +0000] "GET /api/v1/note/auth HTTP/1.1" 200 499 "-" "PostmanRuntime/7.29.0"

info: ::1 - - [26/Feb/2022:16:51:39 +0000] "GET /api/v1/note/621a4451c3281320c4d88dc6 HTTP/1.1" 500 176 "-" "PostmanRuntime/7.29.0"

info: ::1 - - [26/Feb/2022:17:03:41 +0000] "GET /api/v1/note/621a4451c3281320c4d88dc6 HTTP/1.1" 500 176 "-" "PostmanRuntime/7.29.0"

info: ::1 - - [26/Feb/2022:17:03:59 +0000] "GET /api/v1/note/auth HTTP/1.1" 200 499 "-" "PostmanRuntime/7.29.0"

info: ::1 - - [26/Feb/2022:17:13:00 +0000] "GET /api/v1/note/auth/621a42ca681dae23446ecbfe HTTP/1.1" 500 176 "-" "PostmanRuntime/7.29.0"

info: ::1 - - [26/Feb/2022:17:15:20 +0000] "GET /api/v1/note/auth/621a42ca681dae23446ecbfe HTTP/1.1" 200 284 "-" "PostmanRuntime/7.29.0"

info: ::1 - - [26/Feb/2022:17:34:00 +0000] "GET /api/v1/users/ HTTP/1.1" 404 47 "-" "PostmanRuntime/7.29.0"

info: ::1 - - [26/Feb/2022:17:34:40 +0000] "GET /api/v1/users/getallusers HTTP/1.1" 200 2963 "-" "PostmanRuntime/7.29.0"

info: ::1 - - [26/Feb/2022:17:35:16 +0000] "PUT /api/v1/note/archive/62137acf4ba09d26087715cf HTTP/1.1" 200 53 "-" "PostmanRuntime/7.29.0"

info: ::1 - - [26/Feb/2022:17:37:41 +0000] "PUT /api/v1/note/archive/62137acf4ba09d26087715cf HTTP/1.1" 200 53 "-" "PostmanRuntime/7.29.0"

info: ::1 - - [26/Feb/2022:17:40:11 +0000] "GET /api/v1/users/getallusers HTTP/1.1" 200 2963 "-" "PostmanRuntime/7.29.0"

info: ::1 - - [26/Feb/2022:17:40:47 +0000] "GET /api/v1/note/ HTTP/1.1" 404 47 "-" "PostmanRuntime/7.29.0"

info: ::1 - - [26/Feb/2022:17:40:53 +0000] "GET /api/v1/note HTTP/1.1" 404 47 "-" "PostmanRuntime/7.29.0"

info: ::1 - - [26/Feb/2022:17:41:12 +0000] "GET /api/v1/note/auth HTTP/1.1" 200 499 "-" "PostmanRuntime/7.29.0"

info: ::1 - - [26/Feb/2022:17:43:51 +0000] "POST /api/v1/note HTTP/1.1" 200 311 "-" "PostmanRuntime/7.29.0"

info: ::1 - - [26/Feb/2022:17:45:14 +0000] "PUT /api/v1/note/archive/621a66d7a092f147c4ca2673 HTTP/1.1" 200 317 "-" "PostmanRuntime/7.29.0"

info: ::1 - - [26/Feb/2022:17:45:17 +0000] "PUT /api/v1/note/archive/621a66d7a092f147c4ca2673 HTTP/1.1" 200 316 "-" "PostmanRuntime/7.29.0"

info: ::1 - - [26/Feb/2022:17:45:18 +0000] "PUT /api/v1/note/archive/621a66d7a092f147c4ca2673 HTTP/1.1" 200 316 "-" "PostmanRuntime/7.29.0"

info: ::1 - - [26/Feb/2022:17:45:57 +0000] "PUT /api/v1/note/delete/621a66d7a092f147c4ca2673 HTTP/1.1" 200 315 "-" "PostmanRuntime/7.29.0"

info: ::1 - - [26/Feb/2022:17:45:58 +0000] "PUT /api/v1/note/delete/621a66d7a092f147c4ca2673 HTTP/1.1" 200 314 "-" "PostmanRuntime/7.29.0"

