info: ::1 - - [02/Mar/2022:07:17:53 +0000] "POST /api/v1/register HTTP/1.1" 404 47 "-" "PostmanRuntime/7.29.0"

info: ::1 - - [02/Mar/2022:07:18:02 +0000] "POST /api/v1/users/register HTTP/1.1" 201 320 "-" "PostmanRuntime/7.29.0"

info: ::1 - - [02/Mar/2022:07:18:39 +0000] "GET /api/v1/users/login HTTP/1.1" 200 237 "-" "PostmanRuntime/7.29.0"

info: ::1 - - [02/Mar/2022:07:21:50 +0000] "POST /api/v1/note HTTP/1.1" 500 103 "-" "PostmanRuntime/7.29.0"

info: ::1 - - [02/Mar/2022:07:22:28 +0000] "POST /api/v1/note HTTP/1.1" 200 296 "-" "PostmanRuntime/7.29.0"

info: ::1 - - [02/Mar/2022:07:24:55 +0000] "PUT /api/v1/note/archive/621f1b34980bd41d60b1aa4d HTTP/1.1" 200 53 "-" "PostmanRuntime/7.29.0"

info: ::1 - - [02/Mar/2022:07:27:31 +0000] "PUT /api/v1/note/archive/621f1b34980bd41d60b1aa4d HTTP/1.1" 200 53 "-" "PostmanRuntime/7.29.0"

info: ::1 - - [02/Mar/2022:07:28:51 +0000] "PUT /api/v1/note/archive/621f1b34980bd41d60b1aa4d HTTP/1.1" 200 53 "-" "PostmanRuntime/7.29.0"

info: ::1 - - [02/Mar/2022:07:28:52 +0000] "PUT /api/v1/note/archive/621f1b34980bd41d60b1aa4d HTTP/1.1" 200 53 "-" "PostmanRuntime/7.29.0"

info: ::1 - - [02/Mar/2022:07:28:53 +0000] "PUT /api/v1/note/archive/621f1b34980bd41d60b1aa4d HTTP/1.1" 200 53 "-" "PostmanRuntime/7.29.0"

info: ::1 - - [02/Mar/2022:07:28:58 +0000] "PUT /api/v1/note/archive/621f1b34980bd41d60b1aa4d HTTP/1.1" 200 53 "-" "PostmanRuntime/7.29.0"

info: ::1 - - [02/Mar/2022:07:30:52 +0000] "PUT /api/v1/note/archive/621f1b34980bd41d60b1aa4d HTTP/1.1" 200 53 "-" "PostmanRuntime/7.29.0"

info: ::1 - - [02/Mar/2022:07:31:28 +0000] "PUT /api/v1/note/archive/621f1b34980bd41d60b1aa4d HTTP/1.1" 200 53 "-" "PostmanRuntime/7.29.0"

info: ::1 - - [02/Mar/2022:07:32:36 +0000] "PUT /api/v1/note/archive/621f1b34980bd41d60b1aa4d HTTP/1.1" 200 53 "-" "PostmanRuntime/7.29.0"

info: ::1 - - [02/Mar/2022:07:32:37 +0000] "PUT /api/v1/note/archive/621f1b34980bd41d60b1aa4d HTTP/1.1" 200 53 "-" "PostmanRuntime/7.29.0"

info: ::1 - - [02/Mar/2022:07:32:38 +0000] "PUT /api/v1/note/archive/621f1b34980bd41d60b1aa4d HTTP/1.1" 200 53 "-" "PostmanRuntime/7.29.0"

info: ::1 - - [02/Mar/2022:07:32:39 +0000] "PUT /api/v1/note/archive/621f1b34980bd41d60b1aa4d HTTP/1.1" 200 53 "-" "PostmanRuntime/7.29.0"

info: ::1 - - [02/Mar/2022:07:32:39 +0000] "PUT /api/v1/note/archive/621f1b34980bd41d60b1aa4d HTTP/1.1" 200 53 "-" "PostmanRuntime/7.29.0"

info: ::1 - - [02/Mar/2022:07:32:40 +0000] "PUT /api/v1/note/archive/621f1b34980bd41d60b1aa4d HTTP/1.1" 200 53 "-" "PostmanRuntime/7.29.0"

info: ::1 - - [02/Mar/2022:07:32:41 +0000] "PUT /api/v1/note/archive/621f1b34980bd41d60b1aa4d HTTP/1.1" 200 53 "-" "PostmanRuntime/7.29.0"

info: ::1 - - [02/Mar/2022:07:33:17 +0000] "PUT /api/v1/note/archive/621f1b34980bd41d60b1aa4d HTTP/1.1" 200 53 "-" "PostmanRuntime/7.29.0"

info: ::1 - - [02/Mar/2022:07:34:00 +0000] "PUT /api/v1/note/archive/621f1b34980bd41d60b1aa4d HTTP/1.1" 500 88 "-" "PostmanRuntime/7.29.0"

info: ::1 - - [02/Mar/2022:07:34:54 +0000] "PUT /api/v1/note/archive/621f1b34980bd41d60b1aa4d HTTP/1.1" 200 53 "-" "PostmanRuntime/7.29.0"

info: ::1 - - [02/Mar/2022:07:35:14 +0000] "PUT /api/v1/note/archive/621f1b34980bd41d60b1aa4d HTTP/1.1" 200 53 "-" "PostmanRuntime/7.29.0"

info: ::1 - - [02/Mar/2022:07:36:53 +0000] "PUT /api/v1/note/archive/621f1b34980bd41d60b1aa4d HTTP/1.1" 200 53 "-" "PostmanRuntime/7.29.0"

info: ::1 - - [02/Mar/2022:07:38:41 +0000] "PUT /api/v1/note/archive/621f1b34980bd41d60b1aa4d HTTP/1.1" 200 53 "-" "PostmanRuntime/7.29.0"

info: ::1 - - [02/Mar/2022:07:40:29 +0000] "PUT /api/v1/note/archive/621f1b34980bd41d60b1aa4d HTTP/1.1" 200 53 "-" "PostmanRuntime/7.29.0"

info: ::1 - - [02/Mar/2022:07:48:39 +0000] "PUT /api/v1/note/archive/621f1b34980bd41d60b1aa4d HTTP/1.1" 200 53 "-" "PostmanRuntime/7.29.0"

info: ::1 - - [02/Mar/2022:07:48:59 +0000] "PUT /api/v1/note/archive/621f1b34980bd41d60b1aa4d HTTP/1.1" 200 53 "-" "PostmanRuntime/7.29.0"

info: ::1 - - [02/Mar/2022:07:56:54 +0000] "PUT /api/v1/note/archive/621f1b34980bd41d60b1aa4d HTTP/1.1" 200 53 "-" "PostmanRuntime/7.29.0"

info: ::1 - - [02/Mar/2022:07:56:56 +0000] "PUT /api/v1/note/archive/621f1b34980bd41d60b1aa4d HTTP/1.1" 200 53 "-" "PostmanRuntime/7.29.0"

info: ::1 - - [02/Mar/2022:07:57:19 +0000] "PUT /api/v1/note/archive/621f1b34980bd41d60b1aa4d HTTP/1.1" 200 53 "-" "PostmanRuntime/7.29.0"

info: ::1 - - [02/Mar/2022:07:58:54 +0000] "PUT /api/v1/note/archive/621f1b34980bd41d60b1aa4d HTTP/1.1" 500 85 "-" "PostmanRuntime/7.29.0"

info: ::1 - - [02/Mar/2022:07:59:22 +0000] "PUT /api/v1/note/archive/621f1b34980bd41d60b1aa4d HTTP/1.1" 200 313 "-" "PostmanRuntime/7.29.0"

info: ::1 - - [02/Mar/2022:08:00:06 +0000] "PUT /api/v1/note/archive/621f1b34980bd41d60b1aa4d HTTP/1.1" 200 313 "-" "PostmanRuntime/7.29.0"

info: ::1 - - [02/Mar/2022:08:00:07 +0000] "PUT /api/v1/note/archive/621f1b34980bd41d60b1aa4d HTTP/1.1" 200 313 "-" "PostmanRuntime/7.29.0"

info: ::1 - - [02/Mar/2022:08:00:08 +0000] "PUT /api/v1/note/archive/621f1b34980bd41d60b1aa4d HTTP/1.1" 200 313 "-" "PostmanRuntime/7.29.0"

info: ::1 - - [02/Mar/2022:08:01:45 +0000] "POST /api/v1/note HTTP/1.1" 200 303 "-" "PostmanRuntime/7.29.0"

info: ::1 - - [02/Mar/2022:08:05:31 +0000] "PUT /api/v1/note/archive/621f2469ffc1423c705855ef HTTP/1.1" 200 313 "-" "PostmanRuntime/7.29.0"

info: ::1 - - [02/Mar/2022:08:05:42 +0000] "PUT /api/v1/note/archive/621f2469ffc1423c705855ef HTTP/1.1" 200 312 "-" "PostmanRuntime/7.29.0"

info: ::1 - - [02/Mar/2022:08:05:44 +0000] "PUT /api/v1/note/archive/621f2469ffc1423c705855ef HTTP/1.1" 200 312 "-" "PostmanRuntime/7.29.0"

info: ::1 - - [02/Mar/2022:08:06:28 +0000] "PUT /api/v1/note/archive/621f2469ffc1423c705855ef HTTP/1.1" 200 53 "-" "PostmanRuntime/7.29.0"

info: ::1 - - [02/Mar/2022:08:07:10 +0000] "PUT /api/v1/note/archive/621f2469ffc1423c705855ef HTTP/1.1" 200 53 "-" "PostmanRuntime/7.29.0"

info: ::1 - - [02/Mar/2022:08:13:50 +0000] "PUT /api/v1/note/archive/621f2469ffc1423c705855ef HTTP/1.1" 500 179 "-" "PostmanRuntime/7.29.0"

info: ::1 - - [02/Mar/2022:08:14:23 +0000] "PUT /api/v1/note/archive/621f2469ffc1423c705855ef HTTP/1.1" 500 166 "-" "PostmanRuntime/7.29.0"

info: ::1 - - [02/Mar/2022:08:18:02 +0000] "PUT /api/v1/note/archive/621f2469ffc1423c705855ef HTTP/1.1" 500 85 "-" "PostmanRuntime/7.29.0"

info: ::1 - - [02/Mar/2022:08:19:49 +0000] "PUT /api/v1/note/archive/621f2469ffc1423c705855ef HTTP/1.1" 500 179 "-" "PostmanRuntime/7.29.0"

info: ::1 - - [02/Mar/2022:08:21:21 +0000] "PUT /api/v1/note/archive/621f2469ffc1423c705855ef HTTP/1.1" 500 54 "-" "PostmanRuntime/7.29.0"

info: ::1 - - [02/Mar/2022:08:22:24 +0000] "PUT /api/v1/note/archive/621f2469ffc1423c705855ef HTTP/1.1" 500 179 "-" "PostmanRuntime/7.29.0"

info: ::1 - - [02/Mar/2022:08:25:03 +0000] "PUT /api/v1/note/archive/621f2469ffc1423c705855ef HTTP/1.1" 500 49 "-" "PostmanRuntime/7.29.0"

info: ::1 - - [02/Mar/2022:08:41:08 +0000] "POST /api/v1/users/register HTTP/1.1" 201 327 "-" "PostmanRuntime/7.29.0"

info: ::1 - - [02/Mar/2022:08:41:26 +0000] "POST /api/v1/users/login HTTP/1.1" 404 47 "-" "PostmanRuntime/7.29.0"

info: ::1 - - [02/Mar/2022:08:41:34 +0000] "GET /api/v1/users/login HTTP/1.1" 500 71 "-" "PostmanRuntime/7.29.0"

info: ::1 - - [02/Mar/2022:08:43:03 +0000] "GET /api/v1/users/login HTTP/1.1" 200 242 "-" "PostmanRuntime/7.29.0"

info: ::1 - - [02/Mar/2022:08:43:36 +0000] "GET /api/v1/users/forget HTTP/1.1" 200 64 "-" "PostmanRuntime/7.29.0"

info: ::1 - - [02/Mar/2022:08:45:21 +0000] "GET /api/v1/users/login HTTP/1.1" 200 242 "-" "PostmanRuntime/7.29.0"

info: ::1 - - [02/Mar/2022:08:47:10 +0000] "GET /api/v1/users/login HTTP/1.1" 200 242 "-" "PostmanRuntime/7.29.0"

info: ::1 - - [02/Mar/2022:08:48:04 +0000] "GET /api/v1/users/forget HTTP/1.1" 200 64 "-" "PostmanRuntime/7.29.0"

info: ::1 - - [02/Mar/2022:08:51:14 +0000] "GET /api/v1/users/forget HTTP/1.1" 200 64 "-" "PostmanRuntime/7.29.0"

info: ::1 - - [02/Mar/2022:08:53:10 +0000] "GET /api/v1/users/reset HTTP/1.1" 404 47 "-" "PostmanRuntime/7.29.0"

info: ::1 - - [02/Mar/2022:08:53:16 +0000] "PUT /api/v1/users/reset HTTP/1.1" 400 57 "-" "PostmanRuntime/7.29.0"

info: ::1 - - [02/Mar/2022:08:54:08 +0000] "PUT /api/v1/users/reset HTTP/1.1" 200 328 "-" "PostmanRuntime/7.29.0"

info: ::1 - - [02/Mar/2022:10:15:49 +0000] "PUT /api/v1/users/reset HTTP/1.1" 200 328 "-" "PostmanRuntime/7.29.0"

info: ::1 - - [02/Mar/2022:10:16:26 +0000] "PUT /api/v1/users/reset HTTP/1.1" 200 328 "-" "PostmanRuntime/7.29.0"

info: ::1 - - [02/Mar/2022:10:20:46 +0000] "PUT /api/v1/users/reset HTTP/1.1" 200 328 "-" "PostmanRuntime/7.29.0"

info: ::1 - - [02/Mar/2022:10:20:58 +0000] "GET /eyJhbGciOiJIUzI1NiIsInR5cCI6IkpXVCJ9.eyJlbWFpbElEIjoiYW5hbmR1YmFsZTExQGdtYWlsLmNvbSIsImlkIjoiNjIxMzdhY2Y0YmEwOWQyNjA4NzcxNWNmIiwiaWF0IjoxNjQ2MjExMDc0fQ.MXqgotgMNu2zRI3oS0xdg3h6_0rb4rpiCYlMqc8IwJE HTTP/1.1" 404 47 "-" "Mozilla/5.0 (Windows NT 10.0; Win64; x64) AppleWebKit/537.36 (KHTML, like Gecko) Chrome/100.0.4896.12 Safari/537.36"

info: ::1 - - [02/Mar/2022:10:20:59 +0000] "GET /favicon.ico HTTP/1.1" 404 47 "-" "Mozilla/5.0 (Windows NT 10.0; Win64; x64) AppleWebKit/537.36 (KHTML, like Gecko) Chrome/100.0.4896.12 Safari/537.36"

info: ::1 - - [02/Mar/2022:10:22:21 +0000] "POST /api/v1/users HTTP/1.1" 404 47 "-" "PostmanRuntime/7.29.0"

info: ::1 - - [02/Mar/2022:10:22:37 +0000] "POST /api/v1/users/register HTTP/1.1" 201 323 "-" "PostmanRuntime/7.29.0"

info: ::1 - - [02/Mar/2022:10:23:29 +0000] "GET /api/v1/users/login HTTP/1.1" 200 244 "-" "PostmanRuntime/7.29.0"

info: ::1 - - [02/Mar/2022:10:26:02 +0000] "GET /api/v1/users/forget HTTP/1.1" 200 64 "-" "PostmanRuntime/7.29.0"

info: ::1 - - [02/Mar/2022:10:30:19 +0000] "GET /api/v1/users/forget HTTP/1.1" 200 64 "-" "PostmanRuntime/7.29.0"

info: ::1 - - [02/Mar/2022:10:31:34 +0000] "GET /api/v1/users/forget HTTP/1.1" 500 85 "-" "PostmanRuntime/7.29.0"

info: ::1 - - [02/Mar/2022:10:32:12 +0000] "GET /api/v1/users/forget HTTP/1.1" 200 64 "-" "PostmanRuntime/7.29.0"

info: ::1 - - [02/Mar/2022:10:32:48 +0000] "GET /api/v1/users/forget HTTP/1.1" 500 85 "-" "PostmanRuntime/7.29.0"

info: ::1 - - [02/Mar/2022:10:33:45 +0000] "GET /api/v1/users/forget HTTP/1.1" 200 64 "-" "PostmanRuntime/7.29.0"

info: ::1 - - [02/Mar/2022:10:34:49 +0000] "GET /api/v1/users/forget HTTP/1.1" 500 111 "-" "PostmanRuntime/7.29.0"

info: ::1 - - [02/Mar/2022:10:35:13 +0000] "GET /api/v1/users/forget HTTP/1.1" 200 64 "-" "PostmanRuntime/7.29.0"

info: ::1 - - [02/Mar/2022:10:36:31 +0000] "GET /api/v1/users/reset HTTP/1.1" 404 47 "-" "PostmanRuntime/7.29.0"

info: ::1 - - [02/Mar/2022:10:36:37 +0000] "PUT /api/v1/users/reset HTTP/1.1" 200 325 "-" "PostmanRuntime/7.29.0"

info: ::1 - - [02/Mar/2022:10:38:35 +0000] "PUT /api/v1/users/reset HTTP/1.1" 200 325 "-" "PostmanRuntime/7.29.0"

info: ::1 - - [02/Mar/2022:10:39:31 +0000] "PUT /api/v1/users/reset HTTP/1.1" 200 325 "-" "PostmanRuntime/7.29.0"

info: ::1 - - [02/Mar/2022:10:40:28 +0000] "GET /api/v1/users/login HTTP/1.1" 500 58 "-" "PostmanRuntime/7.29.0"

info: ::1 - - [02/Mar/2022:10:43:26 +0000] "GET /api/v1/users/login HTTP/1.1" 500 58 "-" "PostmanRuntime/7.29.0"

info: ::1 - - [02/Mar/2022:10:45:07 +0000] "PUT /api/v1/users/reset HTTP/1.1" 200 325 "-" "PostmanRuntime/7.29.0"

info: ::1 - - [02/Mar/2022:10:49:22 +0000] "GET /api/v1/users/login HTTP/1.1" 500 58 "-" "PostmanRuntime/7.29.0"

info: ::1 - - [02/Mar/2022:10:50:33 +0000] "PUT /api/v1/users/reset HTTP/1.1" 200 273 "-" "PostmanRuntime/7.29.0"

info: ::1 - - [02/Mar/2022:10:53:09 +0000] "PUT /api/v1/users/login HTTP/1.1" 404 47 "-" "PostmanRuntime/7.29.0"

info: ::1 - - [02/Mar/2022:10:53:21 +0000] "PUT /api/v1/users/reset HTTP/1.1" 200 273 "-" "PostmanRuntime/7.29.0"

info: ::1 - - [02/Mar/2022:10:55:12 +0000] "PUT /api/v1/users/reset HTTP/1.1" 200 325 "-" "PostmanRuntime/7.29.0"

info: ::1 - - [02/Mar/2022:10:55:48 +0000] "GET /api/v1/users/login HTTP/1.1" 500 58 "-" "PostmanRuntime/7.29.0"

info: ::1 - - [02/Mar/2022:10:57:47 +0000] "GET /api/v1/users/login HTTP/1.1" 500 58 "-" "PostmanRuntime/7.29.0"

info: ::1 - - [02/Mar/2022:10:59:12 +0000] "GET /api/v1/users/login HTTP/1.1" 500 58 "-" "PostmanRuntime/7.29.0"

info: ::1 - - [02/Mar/2022:10:59:53 +0000] "GET /api/v1/users/login HTTP/1.1" 500 58 "-" "PostmanRuntime/7.29.0"

info: ::1 - - [02/Mar/2022:11:24:11 +0000] "PUT /api/v1/users/reset HTTP/1.1" 200 325 "-" "PostmanRuntime/7.29.0"

info: ::1 - - [02/Mar/2022:11:24:46 +0000] "GET /api/v1/users/login HTTP/1.1" 500 58 "-" "PostmanRuntime/7.29.0"

info: ::ffff:127.0.0.1 - - [02/Mar/2022:11:29:26 +0000] "POST /api/v1/note HTTP/1.1" 500 85 "-" "Thunder Client (https://www.thunderclient.com)"

info: ::1 - - [02/Mar/2022:11:42:19 +0000] "PUT /api/v1/users/forget HTTP/1.1" 404 47 "-" "PostmanRuntime/7.29.0"

info: ::1 - - [02/Mar/2022:11:42:42 +0000] "PUT /api/v1/users/reset HTTP/1.1" 200 275 "-" "PostmanRuntime/7.29.0"

info: ::1 - - [02/Mar/2022:11:43:16 +0000] "GET /api/v1/users/login HTTP/1.1" 500 58 "-" "PostmanRuntime/7.29.0"

info: ::1 - - [02/Mar/2022:11:48:25 +0000] "PUT /api/v1/users/reset HTTP/1.1" 200 325 "-" "PostmanRuntime/7.29.0"

info: ::1 - - [02/Mar/2022:11:48:52 +0000] "GET /api/v1/users/login HTTP/1.1" 200 244 "-" "PostmanRuntime/7.29.0"

info: ::1 - - [02/Mar/2022:12:11:07 +0000] "POST /api/v1/note HTTP/1.1" 400 57 "-" "PostmanRuntime/7.29.0"

info: ::1 - - [02/Mar/2022:12:12:17 +0000] "POST /api/v1/note HTTP/1.1" 400 57 "-" "PostmanRuntime/7.29.0"

info: ::1 - - [02/Mar/2022:12:12:19 +0000] "POST /api/v1/note HTTP/1.1" 400 57 "-" "PostmanRuntime/7.29.0"

info: ::1 - - [02/Mar/2022:12:13:33 +0000] "GET /api/v1/users/login HTTP/1.1" 200 244 "-" "PostmanRuntime/7.29.0"

info: ::1 - - [02/Mar/2022:12:20:50 +0000] "POST /api/v1/users/login HTTP/1.1" 404 47 "-" "PostmanRuntime/7.29.0"

info: ::1 - - [02/Mar/2022:12:20:57 +0000] "POST /api/v1/note HTTP/1.1" 400 57 "-" "PostmanRuntime/7.29.0"

info: ::1 - - [02/Mar/2022:12:23:11 +0000] "POST /api/v1/note HTTP/1.1" 500 85 "-" "PostmanRuntime/7.29.0"

info: ::1 - - [02/Mar/2022:12:23:13 +0000] "POST /api/v1/note HTTP/1.1" 500 85 "-" "PostmanRuntime/7.29.0"

info: ::1 - - [02/Mar/2022:12:23:39 +0000] "POST /api/v1/note HTTP/1.1" 500 137 "-" "PostmanRuntime/7.29.0"

info: ::1 - - [02/Mar/2022:12:24:12 +0000] "POST /api/v1/note HTTP/1.1" 500 137 "-" "PostmanRuntime/7.29.0"

info: ::1 - - [02/Mar/2022:12:24:33 +0000] "POST /api/v1/note HTTP/1.1" 500 137 "-" "PostmanRuntime/7.29.0"

info: ::1 - - [02/Mar/2022:14:19:05 +0000] "GET /api/v1/ HTTP/1.1" 200 9 "-" "Mozilla/5.0 (Windows NT 10.0; Win64; x64) AppleWebKit/537.36 (KHTML, like Gecko) Chrome/100.0.4896.12 Safari/537.36"

info: ::1 - - [02/Mar/2022:15:20:26 +0000] "GET /api-docs HTTP/1.1" 301 183 "-" "Mozilla/5.0 (Windows NT 10.0; Win64; x64) AppleWebKit/537.36 (KHTML, like Gecko) Chrome/100.0.4896.12 Safari/537.36"

info: ::1 - - [02/Mar/2022:15:20:26 +0000] "GET /api-docs/ HTTP/1.1" 200 3102 "-" "Mozilla/5.0 (Windows NT 10.0; Win64; x64) AppleWebKit/537.36 (KHTML, like Gecko) Chrome/100.0.4896.12 Safari/537.36"

info: ::1 - - [02/Mar/2022:15:20:27 +0000] "GET /api-docs/swagger-ui-init.js HTTP/1.1" 200 4056 "-" "Mozilla/5.0 (Windows NT 10.0; Win64; x64) AppleWebKit/537.36 (KHTML, like Gecko) Chrome/100.0.4896.12 Safari/537.36"

info: ::1 - - [02/Mar/2022:15:20:27 +0000] "GET /api-docs/swagger-ui-standalone-preset.js HTTP/1.1" 200 331274 "-" "Mozilla/5.0 (Windows NT 10.0; Win64; x64) AppleWebKit/537.36 (KHTML, like Gecko) Chrome/100.0.4896.12 Safari/537.36"

info: ::1 - - [02/Mar/2022:15:20:27 +0000] "GET /api-docs/swagger-ui-bundle.js HTTP/1.1" 200 1085790 "-" "Mozilla/5.0 (Windows NT 10.0; Win64; x64) AppleWebKit/537.36 (KHTML, like Gecko) Chrome/100.0.4896.12 Safari/537.36"

info: ::1 - - [02/Mar/2022:15:20:27 +0000] "GET /api-docs/swagger-ui.css HTTP/1.1" 200 143858 "-" "Mozilla/5.0 (Windows NT 10.0; Win64; x64) AppleWebKit/537.36 (KHTML, like Gecko) Chrome/100.0.4896.12 Safari/537.36"

info: ::1 - - [02/Mar/2022:15:20:28 +0000] "GET /api-docs/favicon-32x32.png HTTP/1.1" 200 628 "-" "Mozilla/5.0 (Windows NT 10.0; Win64; x64) AppleWebKit/537.36 (KHTML, like Gecko) Chrome/100.0.4896.12 Safari/537.36"

info: ::1 - - [02/Mar/2022:15:26:12 +0000] "GET /api-docs/ HTTP/1.1" 200 3102 "-" "Mozilla/5.0 (Windows NT 10.0; Win64; x64) AppleWebKit/537.36 (KHTML, like Gecko) Chrome/100.0.4896.12 Safari/537.36"

info: ::1 - - [02/Mar/2022:15:26:12 +0000] "GET /api-docs/swagger-ui.css HTTP/1.1" 304 - "-" "Mozilla/5.0 (Windows NT 10.0; Win64; x64) AppleWebKit/537.36 (KHTML, like Gecko) Chrome/100.0.4896.12 Safari/537.36"

info: ::1 - - [02/Mar/2022:15:26:12 +0000] "GET /api-docs/swagger-ui-bundle.js HTTP/1.1" 304 - "-" "Mozilla/5.0 (Windows NT 10.0; Win64; x64) AppleWebKit/537.36 (KHTML, like Gecko) Chrome/100.0.4896.12 Safari/537.36"

info: ::1 - - [02/Mar/2022:15:26:12 +0000] "GET /api-docs/swagger-ui-init.js HTTP/1.1" 200 4006 "-" "Mozilla/5.0 (Windows NT 10.0; Win64; x64) AppleWebKit/537.36 (KHTML, like Gecko) Chrome/100.0.4896.12 Safari/537.36"

info: ::1 - - [02/Mar/2022:15:26:12 +0000] "GET /api-docs/swagger-ui-standalone-preset.js HTTP/1.1" 304 - "-" "Mozilla/5.0 (Windows NT 10.0; Win64; x64) AppleWebKit/537.36 (KHTML, like Gecko) Chrome/100.0.4896.12 Safari/537.36"

info: ::1 - - [02/Mar/2022:15:26:12 +0000] "GET /api-docs/favicon-32x32.png HTTP/1.1" 304 - "-" "Mozilla/5.0 (Windows NT 10.0; Win64; x64) AppleWebKit/537.36 (KHTML, like Gecko) Chrome/100.0.4896.12 Safari/537.36"

info: ::1 - - [02/Mar/2022:15:31:10 +0000] "GET /api-docs/ HTTP/1.1" 304 - "-" "Mozilla/5.0 (Windows NT 10.0; Win64; x64) AppleWebKit/537.36 (KHTML, like Gecko) Chrome/100.0.4896.12 Safari/537.36"

info: ::1 - - [02/Mar/2022:15:31:10 +0000] "GET /api-docs/swagger-ui.css HTTP/1.1" 304 - "-" "Mozilla/5.0 (Windows NT 10.0; Win64; x64) AppleWebKit/537.36 (KHTML, like Gecko) Chrome/100.0.4896.12 Safari/537.36"

info: ::1 - - [02/Mar/2022:15:31:10 +0000] "GET /api-docs/swagger-ui-init.js HTTP/1.1" 200 4766 "-" "Mozilla/5.0 (Windows NT 10.0; Win64; x64) AppleWebKit/537.36 (KHTML, like Gecko) Chrome/100.0.4896.12 Safari/537.36"

info: ::1 - - [02/Mar/2022:15:31:10 +0000] "GET /api-docs/swagger-ui-standalone-preset.js HTTP/1.1" 304 - "-" "Mozilla/5.0 (Windows NT 10.0; Win64; x64) AppleWebKit/537.36 (KHTML, like Gecko) Chrome/100.0.4896.12 Safari/537.36"

info: ::1 - - [02/Mar/2022:15:31:10 +0000] "GET /api-docs/swagger-ui-bundle.js HTTP/1.1" 304 - "-" "Mozilla/5.0 (Windows NT 10.0; Win64; x64) AppleWebKit/537.36 (KHTML, like Gecko) Chrome/100.0.4896.12 Safari/537.36"

info: ::1 - - [02/Mar/2022:15:31:10 +0000] "GET /api-docs/favicon-32x32.png HTTP/1.1" 304 - "-" "Mozilla/5.0 (Windows NT 10.0; Win64; x64) AppleWebKit/537.36 (KHTML, like Gecko) Chrome/100.0.4896.12 Safari/537.36"

info: ::1 - - [02/Mar/2022:15:32:53 +0000] "GET /api-docs/ HTTP/1.1" 304 - "-" "Mozilla/5.0 (Windows NT 10.0; Win64; x64) AppleWebKit/537.36 (KHTML, like Gecko) Chrome/100.0.4896.12 Safari/537.36"

info: ::1 - - [02/Mar/2022:15:32:53 +0000] "GET /api-docs/swagger-ui.css HTTP/1.1" 304 - "-" "Mozilla/5.0 (Windows NT 10.0; Win64; x64) AppleWebKit/537.36 (KHTML, like Gecko) Chrome/100.0.4896.12 Safari/537.36"

info: ::1 - - [02/Mar/2022:15:32:53 +0000] "GET /api-docs/swagger-ui-bundle.js HTTP/1.1" 304 - "-" "Mozilla/5.0 (Windows NT 10.0; Win64; x64) AppleWebKit/537.36 (KHTML, like Gecko) Chrome/100.0.4896.12 Safari/537.36"

info: ::1 - - [02/Mar/2022:15:32:53 +0000] "GET /api-docs/swagger-ui-init.js HTTP/1.1" 200 4763 "-" "Mozilla/5.0 (Windows NT 10.0; Win64; x64) AppleWebKit/537.36 (KHTML, like Gecko) Chrome/100.0.4896.12 Safari/537.36"

info: ::1 - - [02/Mar/2022:15:32:53 +0000] "GET /api-docs/swagger-ui-standalone-preset.js HTTP/1.1" 304 - "-" "Mozilla/5.0 (Windows NT 10.0; Win64; x64) AppleWebKit/537.36 (KHTML, like Gecko) Chrome/100.0.4896.12 Safari/537.36"

info: ::1 - - [02/Mar/2022:15:32:54 +0000] "GET /api-docs/favicon-32x32.png HTTP/1.1" 304 - "-" "Mozilla/5.0 (Windows NT 10.0; Win64; x64) AppleWebKit/537.36 (KHTML, like Gecko) Chrome/100.0.4896.12 Safari/537.36"

info: ::1 - - [02/Mar/2022:15:34:00 +0000] "GET /api-docs/ HTTP/1.1" 304 - "-" "Mozilla/5.0 (Windows NT 10.0; Win64; x64) AppleWebKit/537.36 (KHTML, like Gecko) Chrome/100.0.4896.12 Safari/537.36"

info: ::1 - - [02/Mar/2022:15:34:00 +0000] "GET /api-docs/swagger-ui.css HTTP/1.1" 304 - "-" "Mozilla/5.0 (Windows NT 10.0; Win64; x64) AppleWebKit/537.36 (KHTML, like Gecko) Chrome/100.0.4896.12 Safari/537.36"

info: ::1 - - [02/Mar/2022:15:34:00 +0000] "GET /api-docs/swagger-ui-bundle.js HTTP/1.1" 304 - "-" "Mozilla/5.0 (Windows NT 10.0; Win64; x64) AppleWebKit/537.36 (KHTML, like Gecko) Chrome/100.0.4896.12 Safari/537.36"

info: ::1 - - [02/Mar/2022:15:34:00 +0000] "GET /api-docs/swagger-ui-init.js HTTP/1.1" 200 4804 "-" "Mozilla/5.0 (Windows NT 10.0; Win64; x64) AppleWebKit/537.36 (KHTML, like Gecko) Chrome/100.0.4896.12 Safari/537.36"

info: ::1 - - [02/Mar/2022:15:34:00 +0000] "GET /api-docs/swagger-ui-standalone-preset.js HTTP/1.1" 304 - "-" "Mozilla/5.0 (Windows NT 10.0; Win64; x64) AppleWebKit/537.36 (KHTML, like Gecko) Chrome/100.0.4896.12 Safari/537.36"

info: ::1 - - [02/Mar/2022:15:34:00 +0000] "GET /api-docs/favicon-32x32.png HTTP/1.1" 304 - "-" "Mozilla/5.0 (Windows NT 10.0; Win64; x64) AppleWebKit/537.36 (KHTML, like Gecko) Chrome/100.0.4896.12 Safari/537.36"

info: ::1 - - [02/Mar/2022:15:36:38 +0000] "GET /api-docs/ HTTP/1.1" 304 - "-" "Mozilla/5.0 (Windows NT 10.0; Win64; x64) AppleWebKit/537.36 (KHTML, like Gecko) Chrome/100.0.4896.12 Safari/537.36"

info: ::1 - - [02/Mar/2022:15:36:38 +0000] "GET /api-docs/swagger-ui.css HTTP/1.1" 304 - "-" "Mozilla/5.0 (Windows NT 10.0; Win64; x64) AppleWebKit/537.36 (KHTML, like Gecko) Chrome/100.0.4896.12 Safari/537.36"

info: ::1 - - [02/Mar/2022:15:36:38 +0000] "GET /api-docs/swagger-ui-init.js HTTP/1.1" 200 4824 "-" "Mozilla/5.0 (Windows NT 10.0; Win64; x64) AppleWebKit/537.36 (KHTML, like Gecko) Chrome/100.0.4896.12 Safari/537.36"

info: ::1 - - [02/Mar/2022:15:36:38 +0000] "GET /api-docs/swagger-ui-bundle.js HTTP/1.1" 304 - "-" "Mozilla/5.0 (Windows NT 10.0; Win64; x64) AppleWebKit/537.36 (KHTML, like Gecko) Chrome/100.0.4896.12 Safari/537.36"

info: ::1 - - [02/Mar/2022:15:36:38 +0000] "GET /api-docs/swagger-ui-standalone-preset.js HTTP/1.1" 304 - "-" "Mozilla/5.0 (Windows NT 10.0; Win64; x64) AppleWebKit/537.36 (KHTML, like Gecko) Chrome/100.0.4896.12 Safari/537.36"

info: ::1 - - [02/Mar/2022:15:36:39 +0000] "GET /api-docs/favicon-32x32.png HTTP/1.1" 304 - "-" "Mozilla/5.0 (Windows NT 10.0; Win64; x64) AppleWebKit/537.36 (KHTML, like Gecko) Chrome/100.0.4896.12 Safari/537.36"

info: ::1 - - [02/Mar/2022:15:38:25 +0000] "GET /api-docs/ HTTP/1.1" 304 - "-" "Mozilla/5.0 (Windows NT 10.0; Win64; x64) AppleWebKit/537.36 (KHTML, like Gecko) Chrome/100.0.4896.12 Safari/537.36"

info: ::1 - - [02/Mar/2022:15:38:25 +0000] "GET /api-docs/swagger-ui.css HTTP/1.1" 304 - "-" "Mozilla/5.0 (Windows NT 10.0; Win64; x64) AppleWebKit/537.36 (KHTML, like Gecko) Chrome/100.0.4896.12 Safari/537.36"

info: ::1 - - [02/Mar/2022:15:38:25 +0000] "GET /api-docs/swagger-ui-init.js HTTP/1.1" 200 5128 "-" "Mozilla/5.0 (Windows NT 10.0; Win64; x64) AppleWebKit/537.36 (KHTML, like Gecko) Chrome/100.0.4896.12 Safari/537.36"

info: ::1 - - [02/Mar/2022:15:38:25 +0000] "GET /api-docs/swagger-ui-standalone-preset.js HTTP/1.1" 304 - "-" "Mozilla/5.0 (Windows NT 10.0; Win64; x64) AppleWebKit/537.36 (KHTML, like Gecko) Chrome/100.0.4896.12 Safari/537.36"

info: ::1 - - [02/Mar/2022:15:38:25 +0000] "GET /api-docs/swagger-ui-bundle.js HTTP/1.1" 304 - "-" "Mozilla/5.0 (Windows NT 10.0; Win64; x64) AppleWebKit/537.36 (KHTML, like Gecko) Chrome/100.0.4896.12 Safari/537.36"

info: ::1 - - [02/Mar/2022:15:38:25 +0000] "GET /api-docs/favicon-32x32.png HTTP/1.1" 304 - "-" "Mozilla/5.0 (Windows NT 10.0; Win64; x64) AppleWebKit/537.36 (KHTML, like Gecko) Chrome/100.0.4896.12 Safari/537.36"

info: ::1 - - [02/Mar/2022:15:39:17 +0000] "GET /api-docs/ HTTP/1.1" 304 - "-" "Mozilla/5.0 (Windows NT 10.0; Win64; x64) AppleWebKit/537.36 (KHTML, like Gecko) Chrome/100.0.4896.12 Safari/537.36"

info: ::1 - - [02/Mar/2022:15:39:17 +0000] "GET /api-docs/swagger-ui.css HTTP/1.1" 304 - "-" "Mozilla/5.0 (Windows NT 10.0; Win64; x64) AppleWebKit/537.36 (KHTML, like Gecko) Chrome/100.0.4896.12 Safari/537.36"

info: ::1 - - [02/Mar/2022:15:39:17 +0000] "GET /api-docs/swagger-ui-bundle.js HTTP/1.1" 304 - "-" "Mozilla/5.0 (Windows NT 10.0; Win64; x64) AppleWebKit/537.36 (KHTML, like Gecko) Chrome/100.0.4896.12 Safari/537.36"

info: ::1 - - [02/Mar/2022:15:39:17 +0000] "GET /api-docs/swagger-ui-init.js HTTP/1.1" 200 5128 "-" "Mozilla/5.0 (Windows NT 10.0; Win64; x64) AppleWebKit/537.36 (KHTML, like Gecko) Chrome/100.0.4896.12 Safari/537.36"

info: ::1 - - [02/Mar/2022:15:39:17 +0000] "GET /api-docs/swagger-ui-standalone-preset.js HTTP/1.1" 304 - "-" "Mozilla/5.0 (Windows NT 10.0; Win64; x64) AppleWebKit/537.36 (KHTML, like Gecko) Chrome/100.0.4896.12 Safari/537.36"

info: ::1 - - [02/Mar/2022:15:39:18 +0000] "GET /api-docs/favicon-32x32.png HTTP/1.1" 304 - "-" "Mozilla/5.0 (Windows NT 10.0; Win64; x64) AppleWebKit/537.36 (KHTML, like Gecko) Chrome/100.0.4896.12 Safari/537.36"

info: ::1 - - [02/Mar/2022:15:41:27 +0000] "GET /api-docs/ HTTP/1.1" 304 - "-" "Mozilla/5.0 (Windows NT 10.0; Win64; x64) AppleWebKit/537.36 (KHTML, like Gecko) Chrome/100.0.4896.12 Safari/537.36"

info: ::1 - - [02/Mar/2022:15:41:27 +0000] "GET /api-docs/swagger-ui.css HTTP/1.1" 304 - "-" "Mozilla/5.0 (Windows NT 10.0; Win64; x64) AppleWebKit/537.36 (KHTML, like Gecko) Chrome/100.0.4896.12 Safari/537.36"

info: ::1 - - [02/Mar/2022:15:41:27 +0000] "GET /api-docs/swagger-ui-init.js HTTP/1.1" 200 5163 "-" "Mozilla/5.0 (Windows NT 10.0; Win64; x64) AppleWebKit/537.36 (KHTML, like Gecko) Chrome/100.0.4896.12 Safari/537.36"

info: ::1 - - [02/Mar/2022:15:41:27 +0000] "GET /api-docs/swagger-ui-bundle.js HTTP/1.1" 304 - "-" "Mozilla/5.0 (Windows NT 10.0; Win64; x64) AppleWebKit/537.36 (KHTML, like Gecko) Chrome/100.0.4896.12 Safari/537.36"

info: ::1 - - [02/Mar/2022:15:41:27 +0000] "GET /api-docs/swagger-ui-standalone-preset.js HTTP/1.1" 304 - "-" "Mozilla/5.0 (Windows NT 10.0; Win64; x64) AppleWebKit/537.36 (KHTML, like Gecko) Chrome/100.0.4896.12 Safari/537.36"

info: ::1 - - [02/Mar/2022:15:41:28 +0000] "GET /api-docs/favicon-32x32.png HTTP/1.1" 304 - "-" "Mozilla/5.0 (Windows NT 10.0; Win64; x64) AppleWebKit/537.36 (KHTML, like Gecko) Chrome/100.0.4896.12 Safari/537.36"

info: ::1 - - [02/Mar/2022:15:44:55 +0000] "GET /api-docs/ HTTP/1.1" 304 - "-" "Mozilla/5.0 (Windows NT 10.0; Win64; x64) AppleWebKit/537.36 (KHTML, like Gecko) Chrome/100.0.4896.12 Safari/537.36"

info: ::1 - - [02/Mar/2022:15:44:55 +0000] "GET /api-docs/swagger-ui.css HTTP/1.1" 304 - "-" "Mozilla/5.0 (Windows NT 10.0; Win64; x64) AppleWebKit/537.36 (KHTML, like Gecko) Chrome/100.0.4896.12 Safari/537.36"

info: ::1 - - [02/Mar/2022:15:44:55 +0000] "GET /api-docs/swagger-ui-bundle.js HTTP/1.1" 304 - "-" "Mozilla/5.0 (Windows NT 10.0; Win64; x64) AppleWebKit/537.36 (KHTML, like Gecko) Chrome/100.0.4896.12 Safari/537.36"

info: ::1 - - [02/Mar/2022:15:44:55 +0000] "GET /api-docs/swagger-ui-init.js HTTP/1.1" 200 5226 "-" "Mozilla/5.0 (Windows NT 10.0; Win64; x64) AppleWebKit/537.36 (KHTML, like Gecko) Chrome/100.0.4896.12 Safari/537.36"

info: ::1 - - [02/Mar/2022:15:44:55 +0000] "GET /api-docs/swagger-ui-standalone-preset.js HTTP/1.1" 304 - "-" "Mozilla/5.0 (Windows NT 10.0; Win64; x64) AppleWebKit/537.36 (KHTML, like Gecko) Chrome/100.0.4896.12 Safari/537.36"

info: ::1 - - [02/Mar/2022:15:44:55 +0000] "GET /api-docs/favicon-32x32.png HTTP/1.1" 304 - "-" "Mozilla/5.0 (Windows NT 10.0; Win64; x64) AppleWebKit/537.36 (KHTML, like Gecko) Chrome/100.0.4896.12 Safari/537.36"

info: ::1 - - [02/Mar/2022:15:46:57 +0000] "GET /api-docs/ HTTP/1.1" 304 - "-" "Mozilla/5.0 (Windows NT 10.0; Win64; x64) AppleWebKit/537.36 (KHTML, like Gecko) Chrome/100.0.4896.12 Safari/537.36"

info: ::1 - - [02/Mar/2022:15:46:57 +0000] "GET /api-docs/swagger-ui.css HTTP/1.1" 304 - "-" "Mozilla/5.0 (Windows NT 10.0; Win64; x64) AppleWebKit/537.36 (KHTML, like Gecko) Chrome/100.0.4896.12 Safari/537.36"

info: ::1 - - [02/Mar/2022:15:46:57 +0000] "GET /api-docs/swagger-ui-bundle.js HTTP/1.1" 304 - "-" "Mozilla/5.0 (Windows NT 10.0; Win64; x64) AppleWebKit/537.36 (KHTML, like Gecko) Chrome/100.0.4896.12 Safari/537.36"

info: ::1 - - [02/Mar/2022:15:46:57 +0000] "GET /api-docs/swagger-ui-init.js HTTP/1.1" 200 5227 "-" "Mozilla/5.0 (Windows NT 10.0; Win64; x64) AppleWebKit/537.36 (KHTML, like Gecko) Chrome/100.0.4896.12 Safari/537.36"

info: ::ffff:127.0.0.1 - - [02/Mar/2022:15:46:57 +0000] "GET /api-docs/swagger-ui-standalone-preset.js HTTP/1.1" 304 - "-" "Mozilla/5.0 (Windows NT 10.0; Win64; x64) AppleWebKit/537.36 (KHTML, like Gecko) Chrome/100.0.4896.12 Safari/537.36"

info: ::1 - - [02/Mar/2022:15:46:58 +0000] "GET /api-docs/favicon-32x32.png HTTP/1.1" 304 - "-" "Mozilla/5.0 (Windows NT 10.0; Win64; x64) AppleWebKit/537.36 (KHTML, like Gecko) Chrome/100.0.4896.12 Safari/537.36"

info: ::1 - - [02/Mar/2022:15:47:45 +0000] "POST /api/v1/Users/users/register HTTP/1.1" 404 47 "-" "Mozilla/5.0 (Windows NT 10.0; Win64; x64) AppleWebKit/537.36 (KHTML, like Gecko) Chrome/100.0.4896.12 Safari/537.36"

info: ::1 - - [02/Mar/2022:15:48:59 +0000] "GET /api-docs/ HTTP/1.1" 304 - "-" "Mozilla/5.0 (Windows NT 10.0; Win64; x64) AppleWebKit/537.36 (KHTML, like Gecko) Chrome/100.0.4896.12 Safari/537.36"

info: ::1 - - [02/Mar/2022:15:48:59 +0000] "GET /api-docs/swagger-ui.css HTTP/1.1" 304 - "-" "Mozilla/5.0 (Windows NT 10.0; Win64; x64) AppleWebKit/537.36 (KHTML, like Gecko) Chrome/100.0.4896.12 Safari/537.36"

info: ::1 - - [02/Mar/2022:15:48:59 +0000] "GET /api-docs/swagger-ui-bundle.js HTTP/1.1" 304 - "-" "Mozilla/5.0 (Windows NT 10.0; Win64; x64) AppleWebKit/537.36 (KHTML, like Gecko) Chrome/100.0.4896.12 Safari/537.36"

info: ::1 - - [02/Mar/2022:15:48:59 +0000] "GET /api-docs/swagger-ui-init.js HTTP/1.1" 200 5280 "-" "Mozilla/5.0 (Windows NT 10.0; Win64; x64) AppleWebKit/537.36 (KHTML, like Gecko) Chrome/100.0.4896.12 Safari/537.36"

info: ::1 - - [02/Mar/2022:15:48:59 +0000] "GET /api-docs/swagger-ui-standalone-preset.js HTTP/1.1" 304 - "-" "Mozilla/5.0 (Windows NT 10.0; Win64; x64) AppleWebKit/537.36 (KHTML, like Gecko) Chrome/100.0.4896.12 Safari/537.36"

info: ::1 - - [02/Mar/2022:15:48:59 +0000] "GET /api-docs/favicon-32x32.png HTTP/1.1" 304 - "-" "Mozilla/5.0 (Windows NT 10.0; Win64; x64) AppleWebKit/537.36 (KHTML, like Gecko) Chrome/100.0.4896.12 Safari/537.36"

info: ::ffff:127.0.0.1 - - [02/Mar/2022:15:49:21 +0000] "GET /api-docs/ HTTP/1.1" 304 - "-" "Mozilla/5.0 (Windows NT 10.0; Win64; x64) AppleWebKit/537.36 (KHTML, like Gecko) Chrome/100.0.4896.12 Safari/537.36"

info: ::ffff:127.0.0.1 - - [02/Mar/2022:15:49:21 +0000] "GET /api-docs/swagger-ui.css HTTP/1.1" 304 - "-" "Mozilla/5.0 (Windows NT 10.0; Win64; x64) AppleWebKit/537.36 (KHTML, like Gecko) Chrome/100.0.4896.12 Safari/537.36"

info: ::ffff:127.0.0.1 - - [02/Mar/2022:15:49:21 +0000] "GET /api-docs/swagger-ui-bundle.js HTTP/1.1" 304 - "-" "Mozilla/5.0 (Windows NT 10.0; Win64; x64) AppleWebKit/537.36 (KHTML, like Gecko) Chrome/100.0.4896.12 Safari/537.36"

info: ::ffff:127.0.0.1 - - [02/Mar/2022:15:49:21 +0000] "GET /api-docs/swagger-ui-init.js HTTP/1.1" 200 5227 "-" "Mozilla/5.0 (Windows NT 10.0; Win64; x64) AppleWebKit/537.36 (KHTML, like Gecko) Chrome/100.0.4896.12 Safari/537.36"

info: ::1 - - [02/Mar/2022:15:49:21 +0000] "GET /api-docs/swagger-ui-standalone-preset.js HTTP/1.1" 304 - "-" "Mozilla/5.0 (Windows NT 10.0; Win64; x64) AppleWebKit/537.36 (KHTML, like Gecko) Chrome/100.0.4896.12 Safari/537.36"

info: ::1 - - [02/Mar/2022:15:49:21 +0000] "GET /api-docs/favicon-32x32.png HTTP/1.1" 304 - "-" "Mozilla/5.0 (Windows NT 10.0; Win64; x64) AppleWebKit/537.36 (KHTML, like Gecko) Chrome/100.0.4896.12 Safari/537.36"

info: ::1 - - [02/Mar/2022:15:55:36 +0000] "GET /api-docs/ HTTP/1.1" 304 - "-" "Mozilla/5.0 (Windows NT 10.0; Win64; x64) AppleWebKit/537.36 (KHTML, like Gecko) Chrome/100.0.4896.12 Safari/537.36"

info: ::1 - - [02/Mar/2022:15:55:36 +0000] "GET /api-docs/swagger-ui.css HTTP/1.1" 304 - "-" "Mozilla/5.0 (Windows NT 10.0; Win64; x64) AppleWebKit/537.36 (KHTML, like Gecko) Chrome/100.0.4896.12 Safari/537.36"

info: ::1 - - [02/Mar/2022:15:55:36 +0000] "GET /api-docs/swagger-ui-bundle.js HTTP/1.1" 304 - "-" "Mozilla/5.0 (Windows NT 10.0; Win64; x64) AppleWebKit/537.36 (KHTML, like Gecko) Chrome/100.0.4896.12 Safari/537.36"

info: ::1 - - [02/Mar/2022:15:55:36 +0000] "GET /api-docs/swagger-ui-init.js HTTP/1.1" 200 9167 "-" "Mozilla/5.0 (Windows NT 10.0; Win64; x64) AppleWebKit/537.36 (KHTML, like Gecko) Chrome/100.0.4896.12 Safari/537.36"

info: ::1 - - [02/Mar/2022:15:55:36 +0000] "GET /api-docs/swagger-ui-standalone-preset.js HTTP/1.1" 304 - "-" "Mozilla/5.0 (Windows NT 10.0; Win64; x64) AppleWebKit/537.36 (KHTML, like Gecko) Chrome/100.0.4896.12 Safari/537.36"

info: ::1 - - [02/Mar/2022:15:55:36 +0000] "GET /api-docs/favicon-32x32.png HTTP/1.1" 304 - "-" "Mozilla/5.0 (Windows NT 10.0; Win64; x64) AppleWebKit/537.36 (KHTML, like Gecko) Chrome/100.0.4896.12 Safari/537.36"

info: ::1 - - [02/Mar/2022:15:57:45 +0000] "GET /api-docs/ HTTP/1.1" 304 - "-" "Mozilla/5.0 (Windows NT 10.0; Win64; x64) AppleWebKit/537.36 (KHTML, like Gecko) Chrome/100.0.4896.12 Safari/537.36"

info: ::1 - - [02/Mar/2022:15:57:45 +0000] "GET /api-docs/swagger-ui.css HTTP/1.1" 304 - "-" "Mozilla/5.0 (Windows NT 10.0; Win64; x64) AppleWebKit/537.36 (KHTML, like Gecko) Chrome/100.0.4896.12 Safari/537.36"

info: ::1 - - [02/Mar/2022:15:57:45 +0000] "GET /api-docs/swagger-ui-standalone-preset.js HTTP/1.1" 304 - "-" "Mozilla/5.0 (Windows NT 10.0; Win64; x64) AppleWebKit/537.36 (KHTML, like Gecko) Chrome/100.0.4896.12 Safari/537.36"

info: ::1 - - [02/Mar/2022:15:57:45 +0000] "GET /api-docs/swagger-ui-bundle.js HTTP/1.1" 304 - "-" "Mozilla/5.0 (Windows NT 10.0; Win64; x64) AppleWebKit/537.36 (KHTML, like Gecko) Chrome/100.0.4896.12 Safari/537.36"

info: ::1 - - [02/Mar/2022:15:57:45 +0000] "GET /api-docs/swagger-ui-init.js HTTP/1.1" 200 9043 "-" "Mozilla/5.0 (Windows NT 10.0; Win64; x64) AppleWebKit/537.36 (KHTML, like Gecko) Chrome/100.0.4896.12 Safari/537.36"

info: ::1 - - [02/Mar/2022:15:57:46 +0000] "GET /api-docs/favicon-32x32.png HTTP/1.1" 304 - "-" "Mozilla/5.0 (Windows NT 10.0; Win64; x64) AppleWebKit/537.36 (KHTML, like Gecko) Chrome/100.0.4896.12 Safari/537.36"

info: ::1 - - [02/Mar/2022:16:00:50 +0000] "GET /api-docs/ HTTP/1.1" 304 - "-" "Mozilla/5.0 (Windows NT 10.0; Win64; x64) AppleWebKit/537.36 (KHTML, like Gecko) Chrome/100.0.4896.12 Safari/537.36"

info: ::1 - - [02/Mar/2022:16:00:50 +0000] "GET /api-docs/swagger-ui.css HTTP/1.1" 304 - "-" "Mozilla/5.0 (Windows NT 10.0; Win64; x64) AppleWebKit/537.36 (KHTML, like Gecko) Chrome/100.0.4896.12 Safari/537.36"

info: ::1 - - [02/Mar/2022:16:00:50 +0000] "GET /api-docs/swagger-ui-init.js HTTP/1.1" 200 9231 "-" "Mozilla/5.0 (Windows NT 10.0; Win64; x64) AppleWebKit/537.36 (KHTML, like Gecko) Chrome/100.0.4896.12 Safari/537.36"

info: ::1 - - [02/Mar/2022:16:00:50 +0000] "GET /api-docs/swagger-ui-bundle.js HTTP/1.1" 304 - "-" "Mozilla/5.0 (Windows NT 10.0; Win64; x64) AppleWebKit/537.36 (KHTML, like Gecko) Chrome/100.0.4896.12 Safari/537.36"

info: ::1 - - [02/Mar/2022:16:00:50 +0000] "GET /api-docs/swagger-ui-standalone-preset.js HTTP/1.1" 304 - "-" "Mozilla/5.0 (Windows NT 10.0; Win64; x64) AppleWebKit/537.36 (KHTML, like Gecko) Chrome/100.0.4896.12 Safari/537.36"

info: ::1 - - [02/Mar/2022:16:00:50 +0000] "GET /api-docs/favicon-32x32.png HTTP/1.1" 304 - "-" "Mozilla/5.0 (Windows NT 10.0; Win64; x64) AppleWebKit/537.36 (KHTML, like Gecko) Chrome/100.0.4896.12 Safari/537.36"

info: ::1 - - [02/Mar/2022:16:02:48 +0000] "GET /api-docs/ HTTP/1.1" 304 - "-" "Mozilla/5.0 (Windows NT 10.0; Win64; x64) AppleWebKit/537.36 (KHTML, like Gecko) Chrome/100.0.4896.12 Safari/537.36"

info: ::1 - - [02/Mar/2022:16:02:48 +0000] "GET /api-docs/swagger-ui.css HTTP/1.1" 304 - "-" "Mozilla/5.0 (Windows NT 10.0; Win64; x64) AppleWebKit/537.36 (KHTML, like Gecko) Chrome/100.0.4896.12 Safari/537.36"

info: ::1 - - [02/Mar/2022:16:02:48 +0000] "GET /api-docs/swagger-ui-bundle.js HTTP/1.1" 304 - "-" "Mozilla/5.0 (Windows NT 10.0; Win64; x64) AppleWebKit/537.36 (KHTML, like Gecko) Chrome/100.0.4896.12 Safari/537.36"

info: ::1 - - [02/Mar/2022:16:02:48 +0000] "GET /api-docs/swagger-ui-standalone-preset.js HTTP/1.1" 304 - "-" "Mozilla/5.0 (Windows NT 10.0; Win64; x64) AppleWebKit/537.36 (KHTML, like Gecko) Chrome/100.0.4896.12 Safari/537.36"

info: ::1 - - [02/Mar/2022:16:02:48 +0000] "GET /api-docs/swagger-ui-init.js HTTP/1.1" 200 9226 "-" "Mozilla/5.0 (Windows NT 10.0; Win64; x64) AppleWebKit/537.36 (KHTML, like Gecko) Chrome/100.0.4896.12 Safari/537.36"

info: ::1 - - [02/Mar/2022:16:02:49 +0000] "GET /api-docs/favicon-32x32.png HTTP/1.1" 304 - "-" "Mozilla/5.0 (Windows NT 10.0; Win64; x64) AppleWebKit/537.36 (KHTML, like Gecko) Chrome/100.0.4896.12 Safari/537.36"

info: ::1 - - [02/Mar/2022:16:03:23 +0000] "GET /api-docs/ HTTP/1.1" 304 - "-" "Mozilla/5.0 (Windows NT 10.0; Win64; x64) AppleWebKit/537.36 (KHTML, like Gecko) Chrome/100.0.4896.12 Safari/537.36"

info: ::1 - - [02/Mar/2022:16:03:23 +0000] "GET /api-docs/swagger-ui.css HTTP/1.1" 304 - "-" "Mozilla/5.0 (Windows NT 10.0; Win64; x64) AppleWebKit/537.36 (KHTML, like Gecko) Chrome/100.0.4896.12 Safari/537.36"

info: ::1 - - [02/Mar/2022:16:03:23 +0000] "GET /api-docs/swagger-ui-init.js HTTP/1.1" 200 9234 "-" "Mozilla/5.0 (Windows NT 10.0; Win64; x64) AppleWebKit/537.36 (KHTML, like Gecko) Chrome/100.0.4896.12 Safari/537.36"

info: ::1 - - [02/Mar/2022:16:03:23 +0000] "GET /api-docs/swagger-ui-standalone-preset.js HTTP/1.1" 304 - "-" "Mozilla/5.0 (Windows NT 10.0; Win64; x64) AppleWebKit/537.36 (KHTML, like Gecko) Chrome/100.0.4896.12 Safari/537.36"

info: ::1 - - [02/Mar/2022:16:03:23 +0000] "GET /api-docs/swagger-ui-bundle.js HTTP/1.1" 304 - "-" "Mozilla/5.0 (Windows NT 10.0; Win64; x64) AppleWebKit/537.36 (KHTML, like Gecko) Chrome/100.0.4896.12 Safari/537.36"

info: ::1 - - [02/Mar/2022:16:03:23 +0000] "GET /api-docs/favicon-32x32.png HTTP/1.1" 304 - "-" "Mozilla/5.0 (Windows NT 10.0; Win64; x64) AppleWebKit/537.36 (KHTML, like Gecko) Chrome/100.0.4896.12 Safari/537.36"

info: ::1 - - [02/Mar/2022:16:08:22 +0000] "GET /api-docs/ HTTP/1.1" 304 - "-" "Mozilla/5.0 (Windows NT 10.0; Win64; x64) AppleWebKit/537.36 (KHTML, like Gecko) Chrome/100.0.4896.12 Safari/537.36"

info: ::1 - - [02/Mar/2022:16:08:22 +0000] "GET /api-docs/swagger-ui.css HTTP/1.1" 304 - "-" "Mozilla/5.0 (Windows NT 10.0; Win64; x64) AppleWebKit/537.36 (KHTML, like Gecko) Chrome/100.0.4896.12 Safari/537.36"

info: ::1 - - [02/Mar/2022:16:08:22 +0000] "GET /api-docs/swagger-ui-init.js HTTP/1.1" 200 9223 "-" "Mozilla/5.0 (Windows NT 10.0; Win64; x64) AppleWebKit/537.36 (KHTML, like Gecko) Chrome/100.0.4896.12 Safari/537.36"

info: ::1 - - [02/Mar/2022:16:08:22 +0000] "GET /api-docs/swagger-ui-bundle.js HTTP/1.1" 304 - "-" "Mozilla/5.0 (Windows NT 10.0; Win64; x64) AppleWebKit/537.36 (KHTML, like Gecko) Chrome/100.0.4896.12 Safari/537.36"

info: ::1 - - [02/Mar/2022:16:08:22 +0000] "GET /api-docs/swagger-ui-standalone-preset.js HTTP/1.1" 304 - "-" "Mozilla/5.0 (Windows NT 10.0; Win64; x64) AppleWebKit/537.36 (KHTML, like Gecko) Chrome/100.0.4896.12 Safari/537.36"

info: ::1 - - [02/Mar/2022:16:08:23 +0000] "GET /api-docs/favicon-32x32.png HTTP/1.1" 304 - "-" "Mozilla/5.0 (Windows NT 10.0; Win64; x64) AppleWebKit/537.36 (KHTML, like Gecko) Chrome/100.0.4896.12 Safari/537.36"

info: ::1 - - [02/Mar/2022:16:46:16 +0000] "GET /api-docs/ HTTP/1.1" 304 - "-" "Mozilla/5.0 (Windows NT 10.0; Win64; x64) AppleWebKit/537.36 (KHTML, like Gecko) Chrome/100.0.4896.12 Safari/537.36"

info: ::1 - - [02/Mar/2022:16:46:16 +0000] "GET /api-docs/swagger-ui.css HTTP/1.1" 304 - "-" "Mozilla/5.0 (Windows NT 10.0; Win64; x64) AppleWebKit/537.36 (KHTML, like Gecko) Chrome/100.0.4896.12 Safari/537.36"

info: ::1 - - [02/Mar/2022:16:46:16 +0000] "GET /api-docs/swagger-ui-bundle.js HTTP/1.1" 304 - "-" "Mozilla/5.0 (Windows NT 10.0; Win64; x64) AppleWebKit/537.36 (KHTML, like Gecko) Chrome/100.0.4896.12 Safari/537.36"

info: ::1 - - [02/Mar/2022:16:46:16 +0000] "GET /api-docs/swagger-ui-init.js HTTP/1.1" 200 9238 "-" "Mozilla/5.0 (Windows NT 10.0; Win64; x64) AppleWebKit/537.36 (KHTML, like Gecko) Chrome/100.0.4896.12 Safari/537.36"

info: ::1 - - [02/Mar/2022:16:46:16 +0000] "GET /api-docs/swagger-ui-standalone-preset.js HTTP/1.1" 304 - "-" "Mozilla/5.0 (Windows NT 10.0; Win64; x64) AppleWebKit/537.36 (KHTML, like Gecko) Chrome/100.0.4896.12 Safari/537.36"

info: ::1 - - [02/Mar/2022:16:46:16 +0000] "GET /api-docs/favicon-32x32.png HTTP/1.1" 304 - "-" "Mozilla/5.0 (Windows NT 10.0; Win64; x64) AppleWebKit/537.36 (KHTML, like Gecko) Chrome/100.0.4896.12 Safari/537.36"

info: ::1 - - [02/Mar/2022:16:46:20 +0000] "GET /api-docs/ HTTP/1.1" 304 - "-" "Mozilla/5.0 (Windows NT 10.0; Win64; x64) AppleWebKit/537.36 (KHTML, like Gecko) Chrome/100.0.4896.12 Safari/537.36"

info: ::1 - - [02/Mar/2022:16:46:20 +0000] "GET /api-docs/swagger-ui.css HTTP/1.1" 304 - "-" "Mozilla/5.0 (Windows NT 10.0; Win64; x64) AppleWebKit/537.36 (KHTML, like Gecko) Chrome/100.0.4896.12 Safari/537.36"

info: ::1 - - [02/Mar/2022:16:46:20 +0000] "GET /api-docs/swagger-ui-init.js HTTP/1.1" 304 - "-" "Mozilla/5.0 (Windows NT 10.0; Win64; x64) AppleWebKit/537.36 (KHTML, like Gecko) Chrome/100.0.4896.12 Safari/537.36"

info: ::1 - - [02/Mar/2022:16:46:20 +0000] "GET /api-docs/swagger-ui-bundle.js HTTP/1.1" 304 - "-" "Mozilla/5.0 (Windows NT 10.0; Win64; x64) AppleWebKit/537.36 (KHTML, like Gecko) Chrome/100.0.4896.12 Safari/537.36"

info: ::1 - - [02/Mar/2022:16:46:20 +0000] "GET /api-docs/swagger-ui-standalone-preset.js HTTP/1.1" 304 - "-" "Mozilla/5.0 (Windows NT 10.0; Win64; x64) AppleWebKit/537.36 (KHTML, like Gecko) Chrome/100.0.4896.12 Safari/537.36"

info: ::1 - - [02/Mar/2022:16:46:20 +0000] "GET /api-docs/favicon-32x32.png HTTP/1.1" 304 - "-" "Mozilla/5.0 (Windows NT 10.0; Win64; x64) AppleWebKit/537.36 (KHTML, like Gecko) Chrome/100.0.4896.12 Safari/537.36"

info: ::1 - - [02/Mar/2022:16:46:28 +0000] "GET /api-docs/ HTTP/1.1" 304 - "-" "Mozilla/5.0 (Windows NT 10.0; Win64; x64) AppleWebKit/537.36 (KHTML, like Gecko) Chrome/100.0.4896.12 Safari/537.36"

info: ::1 - - [02/Mar/2022:16:46:28 +0000] "GET /api-docs/swagger-ui.css HTTP/1.1" 304 - "-" "Mozilla/5.0 (Windows NT 10.0; Win64; x64) AppleWebKit/537.36 (KHTML, like Gecko) Chrome/100.0.4896.12 Safari/537.36"

info: ::1 - - [02/Mar/2022:16:46:28 +0000] "GET /api-docs/swagger-ui-init.js HTTP/1.1" 304 - "-" "Mozilla/5.0 (Windows NT 10.0; Win64; x64) AppleWebKit/537.36 (KHTML, like Gecko) Chrome/100.0.4896.12 Safari/537.36"

info: ::1 - - [02/Mar/2022:16:46:28 +0000] "GET /api-docs/swagger-ui-bundle.js HTTP/1.1" 304 - "-" "Mozilla/5.0 (Windows NT 10.0; Win64; x64) AppleWebKit/537.36 (KHTML, like Gecko) Chrome/100.0.4896.12 Safari/537.36"

info: ::1 - - [02/Mar/2022:16:46:28 +0000] "GET /api-docs/swagger-ui-standalone-preset.js HTTP/1.1" 304 - "-" "Mozilla/5.0 (Windows NT 10.0; Win64; x64) AppleWebKit/537.36 (KHTML, like Gecko) Chrome/100.0.4896.12 Safari/537.36"

info: ::1 - - [02/Mar/2022:16:46:28 +0000] "GET /api-docs/favicon-32x32.png HTTP/1.1" 304 - "-" "Mozilla/5.0 (Windows NT 10.0; Win64; x64) AppleWebKit/537.36 (KHTML, like Gecko) Chrome/100.0.4896.12 Safari/537.36"

info: ::1 - - [02/Mar/2022:16:47:03 +0000] "GET /api-docs/ HTTP/1.1" 304 - "-" "Mozilla/5.0 (Windows NT 10.0; Win64; x64) AppleWebKit/537.36 (KHTML, like Gecko) Chrome/100.0.4896.12 Safari/537.36"

info: ::1 - - [02/Mar/2022:16:47:03 +0000] "GET /api-docs/swagger-ui.css HTTP/1.1" 304 - "-" "Mozilla/5.0 (Windows NT 10.0; Win64; x64) AppleWebKit/537.36 (KHTML, like Gecko) Chrome/100.0.4896.12 Safari/537.36"

info: ::1 - - [02/Mar/2022:16:47:03 +0000] "GET /api-docs/swagger-ui-init.js HTTP/1.1" 304 - "-" "Mozilla/5.0 (Windows NT 10.0; Win64; x64) AppleWebKit/537.36 (KHTML, like Gecko) Chrome/100.0.4896.12 Safari/537.36"

info: ::1 - - [02/Mar/2022:16:47:03 +0000] "GET /api-docs/swagger-ui-bundle.js HTTP/1.1" 304 - "-" "Mozilla/5.0 (Windows NT 10.0; Win64; x64) AppleWebKit/537.36 (KHTML, like Gecko) Chrome/100.0.4896.12 Safari/537.36"

info: ::1 - - [02/Mar/2022:16:47:03 +0000] "GET /api-docs/swagger-ui-standalone-preset.js HTTP/1.1" 304 - "-" "Mozilla/5.0 (Windows NT 10.0; Win64; x64) AppleWebKit/537.36 (KHTML, like Gecko) Chrome/100.0.4896.12 Safari/537.36"

info: ::1 - - [02/Mar/2022:16:47:03 +0000] "GET /api-docs/favicon-32x32.png HTTP/1.1" 304 - "-" "Mozilla/5.0 (Windows NT 10.0; Win64; x64) AppleWebKit/537.36 (KHTML, like Gecko) Chrome/100.0.4896.12 Safari/537.36"

info: ::1 - - [02/Mar/2022:16:47:08 +0000] "GET /api-docs/ HTTP/1.1" 304 - "-" "Mozilla/5.0 (Windows NT 10.0; Win64; x64) AppleWebKit/537.36 (KHTML, like Gecko) Chrome/100.0.4896.12 Safari/537.36"

info: ::1 - - [02/Mar/2022:16:47:08 +0000] "GET /api-docs/swagger-ui.css HTTP/1.1" 304 - "-" "Mozilla/5.0 (Windows NT 10.0; Win64; x64) AppleWebKit/537.36 (KHTML, like Gecko) Chrome/100.0.4896.12 Safari/537.36"

info: ::1 - - [02/Mar/2022:16:47:08 +0000] "GET /api-docs/swagger-ui-init.js HTTP/1.1" 304 - "-" "Mozilla/5.0 (Windows NT 10.0; Win64; x64) AppleWebKit/537.36 (KHTML, like Gecko) Chrome/100.0.4896.12 Safari/537.36"

info: ::1 - - [02/Mar/2022:16:47:08 +0000] "GET /api-docs/swagger-ui-bundle.js HTTP/1.1" 304 - "-" "Mozilla/5.0 (Windows NT 10.0; Win64; x64) AppleWebKit/537.36 (KHTML, like Gecko) Chrome/100.0.4896.12 Safari/537.36"

info: ::1 - - [02/Mar/2022:16:47:08 +0000] "GET /api-docs/swagger-ui-standalone-preset.js HTTP/1.1" 304 - "-" "Mozilla/5.0 (Windows NT 10.0; Win64; x64) AppleWebKit/537.36 (KHTML, like Gecko) Chrome/100.0.4896.12 Safari/537.36"

info: ::1 - - [02/Mar/2022:16:47:08 +0000] "GET /api-docs/favicon-32x32.png HTTP/1.1" 304 - "-" "Mozilla/5.0 (Windows NT 10.0; Win64; x64) AppleWebKit/537.36 (KHTML, like Gecko) Chrome/100.0.4896.12 Safari/537.36"

