info: ::1 - - [07/Mar/2022:06:34:51 +0000] "GET /api-docs/ HTTP/1.1" 200 3102 "-" "Mozilla/5.0 (Windows NT 10.0; Win64; x64) AppleWebKit/537.36 (KHTML, like Gecko) Chrome/101.0.4919.0 Safari/537.36"

info: ::1 - - [07/Mar/2022:06:34:51 +0000] "GET /api-docs/swagger-ui.css HTTP/1.1" 304 - "-" "Mozilla/5.0 (Windows NT 10.0; Win64; x64) AppleWebKit/537.36 (KHTML, like Gecko) Chrome/101.0.4919.0 Safari/537.36"

info: ::1 - - [07/Mar/2022:06:34:51 +0000] "GET /api-docs/swagger-ui-bundle.js HTTP/1.1" 304 - "-" "Mozilla/5.0 (Windows NT 10.0; Win64; x64) AppleWebKit/537.36 (KHTML, like Gecko) Chrome/101.0.4919.0 Safari/537.36"

info: ::1 - - [07/Mar/2022:06:34:51 +0000] "GET /api-docs/swagger-ui-init.js HTTP/1.1" 304 - "-" "Mozilla/5.0 (Windows NT 10.0; Win64; x64) AppleWebKit/537.36 (KHTML, like Gecko) Chrome/101.0.4919.0 Safari/537.36"

info: ::1 - - [07/Mar/2022:06:34:51 +0000] "GET /api-docs/swagger-ui-standalone-preset.js HTTP/1.1" 304 - "-" "Mozilla/5.0 (Windows NT 10.0; Win64; x64) AppleWebKit/537.36 (KHTML, like Gecko) Chrome/101.0.4919.0 Safari/537.36"

info: ::1 - - [07/Mar/2022:06:34:52 +0000] "GET /api-docs/favicon-32x32.png HTTP/1.1" 304 - "-" "Mozilla/5.0 (Windows NT 10.0; Win64; x64) AppleWebKit/537.36 (KHTML, like Gecko) Chrome/101.0.4919.0 Safari/537.36"

info: ::1 - - [07/Mar/2022:06:35:15 +0000] "GET /eyJhbGciOiJIUzI1NiIsInR5cCI6IkpXVCJ9.eyJlbWFpbElEIjoiYW5hbmR1YmFsZTExQGdtYWlsLmNvbSIsImlkIjoiNjIyMjA2ODljNzFmZmYxZThjYjQ5MzA3IiwiaWF0IjoxNjQ2Mzk3MDY1fQ.FsuASyFKNlmp4p4JrR0rFg-3DADpEDiLF6CrX15bbSQ HTTP/1.1" 404 47 "-" "Mozilla/5.0 (Windows NT 10.0; Win64; x64) AppleWebKit/537.36 (KHTML, like Gecko) Chrome/101.0.4919.0 Safari/537.36"

info: ::1 - - [07/Mar/2022:06:35:16 +0000] "GET /favicon.ico HTTP/1.1" 404 47 "-" "Mozilla/5.0 (Windows NT 10.0; Win64; x64) AppleWebKit/537.36 (KHTML, like Gecko) Chrome/101.0.4919.0 Safari/537.36"

info: ::1 - - [07/Mar/2022:06:35:57 +0000] "GET /api/v1/note HTTP/1.1" 400 57 "-" "Mozilla/5.0 (Windows NT 10.0; Win64; x64) AppleWebKit/537.36 (KHTML, like Gecko) Chrome/101.0.4919.0 Safari/537.36"

info: ::1 - - [07/Mar/2022:06:36:44 +0000] "GET /api/v1/note HTTP/1.1" 400 57 "-" "Mozilla/5.0 (Windows NT 10.0; Win64; x64) AppleWebKit/537.36 (KHTML, like Gecko) Chrome/101.0.4919.0 Safari/537.36"

info: ::1 - - [07/Mar/2022:06:39:43 +0000] "POST /api/v1/users/register HTTP/1.1" 500 90 "-" "Mozilla/5.0 (Windows NT 10.0; Win64; x64) AppleWebKit/537.36 (KHTML, like Gecko) Chrome/101.0.4919.0 Safari/537.36"

info: ::1 - - [07/Mar/2022:06:40:04 +0000] "POST /api/v1/users/register HTTP/1.1" 500 61 "-" "Mozilla/5.0 (Windows NT 10.0; Win64; x64) AppleWebKit/537.36 (KHTML, like Gecko) Chrome/101.0.4919.0 Safari/537.36"

info: ::1 - - [07/Mar/2022:06:40:27 +0000] "POST /api/v1/users/register HTTP/1.1" 201 327 "-" "Mozilla/5.0 (Windows NT 10.0; Win64; x64) AppleWebKit/537.36 (KHTML, like Gecko) Chrome/101.0.4919.0 Safari/537.36"

info: ::1 - - [07/Mar/2022:06:41:07 +0000] "POST /api/v1/users/login HTTP/1.1" 200 244 "-" "Mozilla/5.0 (Windows NT 10.0; Win64; x64) AppleWebKit/537.36 (KHTML, like Gecko) Chrome/101.0.4919.0 Safari/537.36"

info: ::1 - - [07/Mar/2022:06:41:54 +0000] "POST /api/v1/note HTTP/1.1" 400 57 "-" "Mozilla/5.0 (Windows NT 10.0; Win64; x64) AppleWebKit/537.36 (KHTML, like Gecko) Chrome/101.0.4919.0 Safari/537.36"

info: ::1 - - [07/Mar/2022:06:42:26 +0000] "POST /api/v1/note HTTP/1.1" 400 57 "-" "Mozilla/5.0 (Windows NT 10.0; Win64; x64) AppleWebKit/537.36 (KHTML, like Gecko) Chrome/101.0.4919.0 Safari/537.36"

info: ::1 - - [07/Mar/2022:06:43:01 +0000] "POST /api/v1/note HTTP/1.1" 500 71 "-" "Mozilla/5.0 (Windows NT 10.0; Win64; x64) AppleWebKit/537.36 (KHTML, like Gecko) Chrome/101.0.4919.0 Safari/537.36"

info: ::1 - - [07/Mar/2022:06:49:41 +0000] "POST /api/v1/note HTTP/1.1" 500 71 "-" "Mozilla/5.0 (Windows NT 10.0; Win64; x64) AppleWebKit/537.36 (KHTML, like Gecko) Chrome/101.0.4919.0 Safari/537.36"

info: ::1 - - [07/Mar/2022:06:56:08 +0000] "GET /api-docs/ HTTP/1.1" 304 - "-" "Mozilla/5.0 (Windows NT 10.0; Win64; x64) AppleWebKit/537.36 (KHTML, like Gecko) Chrome/101.0.4919.0 Safari/537.36"

info: ::1 - - [07/Mar/2022:06:56:08 +0000] "GET /api-docs/swagger-ui.css HTTP/1.1" 304 - "-" "Mozilla/5.0 (Windows NT 10.0; Win64; x64) AppleWebKit/537.36 (KHTML, like Gecko) Chrome/101.0.4919.0 Safari/537.36"

info: ::1 - - [07/Mar/2022:06:56:08 +0000] "GET /api-docs/swagger-ui-init.js HTTP/1.1" 304 - "-" "Mozilla/5.0 (Windows NT 10.0; Win64; x64) AppleWebKit/537.36 (KHTML, like Gecko) Chrome/101.0.4919.0 Safari/537.36"

info: ::1 - - [07/Mar/2022:06:56:08 +0000] "GET /api-docs/swagger-ui-bundle.js HTTP/1.1" 304 - "-" "Mozilla/5.0 (Windows NT 10.0; Win64; x64) AppleWebKit/537.36 (KHTML, like Gecko) Chrome/101.0.4919.0 Safari/537.36"

info: ::1 - - [07/Mar/2022:06:56:08 +0000] "GET /api-docs/swagger-ui-standalone-preset.js HTTP/1.1" 304 - "-" "Mozilla/5.0 (Windows NT 10.0; Win64; x64) AppleWebKit/537.36 (KHTML, like Gecko) Chrome/101.0.4919.0 Safari/537.36"

info: ::1 - - [07/Mar/2022:06:56:08 +0000] "GET /api-docs/favicon-32x32.png HTTP/1.1" 304 - "-" "Mozilla/5.0 (Windows NT 10.0; Win64; x64) AppleWebKit/537.36 (KHTML, like Gecko) Chrome/101.0.4919.0 Safari/537.36"

info: ::1 - - [07/Mar/2022:06:56:50 +0000] "POST /api/v1/note HTTP/1.1" 500 75 "-" "Mozilla/5.0 (Windows NT 10.0; Win64; x64) AppleWebKit/537.36 (KHTML, like Gecko) Chrome/101.0.4919.0 Safari/537.36"

info: ::1 - - [07/Mar/2022:07:00:49 +0000] "POST /api/v1/note HTTP/1.1" 500 71 "-" "Mozilla/5.0 (Windows NT 10.0; Win64; x64) AppleWebKit/537.36 (KHTML, like Gecko) Chrome/101.0.4919.0 Safari/537.36"

info: ::1 - - [07/Mar/2022:07:02:20 +0000] "POST /api/v1/note HTTP/1.1" 500 71 "-" "Mozilla/5.0 (Windows NT 10.0; Win64; x64) AppleWebKit/537.36 (KHTML, like Gecko) Chrome/101.0.4919.0 Safari/537.36"

info: ::1 - - [07/Mar/2022:07:03:16 +0000] "POST /api/v1/note HTTP/1.1" 500 71 "-" "Mozilla/5.0 (Windows NT 10.0; Win64; x64) AppleWebKit/537.36 (KHTML, like Gecko) Chrome/101.0.4919.0 Safari/537.36"

info: ::1 - - [07/Mar/2022:07:03:56 +0000] "POST /api/v1/note HTTP/1.1" 500 71 "-" "Mozilla/5.0 (Windows NT 10.0; Win64; x64) AppleWebKit/537.36 (KHTML, like Gecko) Chrome/101.0.4919.0 Safari/537.36"

info: ::1 - - [07/Mar/2022:07:04:25 +0000] "POST /api/v1/note HTTP/1.1" 500 71 "-" "Mozilla/5.0 (Windows NT 10.0; Win64; x64) AppleWebKit/537.36 (KHTML, like Gecko) Chrome/101.0.4919.0 Safari/537.36"

info: ::ffff:127.0.0.1 - - [07/Mar/2022:07:05:03 +0000] "POST /api/v1/note HTTP/1.1" 500 71 "-" "Mozilla/5.0 (Windows NT 10.0; Win64; x64) AppleWebKit/537.36 (KHTML, like Gecko) Chrome/101.0.4919.0 Safari/537.36"

info: ::1 - - [07/Mar/2022:07:06:04 +0000] "POST /api/v1/note HTTP/1.1" 500 71 "-" "Mozilla/5.0 (Windows NT 10.0; Win64; x64) AppleWebKit/537.36 (KHTML, like Gecko) Chrome/101.0.4919.0 Safari/537.36"

info: ::1 - - [07/Mar/2022:07:07:29 +0000] "POST /api/v1/note HTTP/1.1" 500 71 "-" "Mozilla/5.0 (Windows NT 10.0; Win64; x64) AppleWebKit/537.36 (KHTML, like Gecko) Chrome/101.0.4919.0 Safari/537.36"

info: ::1 - - [07/Mar/2022:07:09:58 +0000] "POST /api/v1/note HTTP/1.1" 500 74 "-" "Mozilla/5.0 (Windows NT 10.0; Win64; x64) AppleWebKit/537.36 (KHTML, like Gecko) Chrome/101.0.4919.0 Safari/537.36"

info: ::1 - - [07/Mar/2022:07:12:18 +0000] "POST /api/v1/note HTTP/1.1" 500 55 "-" "Mozilla/5.0 (Windows NT 10.0; Win64; x64) AppleWebKit/537.36 (KHTML, like Gecko) Chrome/101.0.4919.0 Safari/537.36"

info: ::1 - - [07/Mar/2022:07:15:52 +0000] "POST /api/v1/note HTTP/1.1" 200 260 "-" "Mozilla/5.0 (Windows NT 10.0; Win64; x64) AppleWebKit/537.36 (KHTML, like Gecko) Chrome/101.0.4919.0 Safari/537.36"

info: ::1 - - [07/Mar/2022:07:16:43 +0000] "POST /api/v1/note HTTP/1.1" 200 261 "-" "Mozilla/5.0 (Windows NT 10.0; Win64; x64) AppleWebKit/537.36 (KHTML, like Gecko) Chrome/101.0.4919.0 Safari/537.36"

info: ::1 - - [07/Mar/2022:07:17:02 +0000] "POST /api/v1/note HTTP/1.1" 200 262 "-" "Mozilla/5.0 (Windows NT 10.0; Win64; x64) AppleWebKit/537.36 (KHTML, like Gecko) Chrome/101.0.4919.0 Safari/537.36"

info: ::1 - - [07/Mar/2022:10:52:31 +0000] "GET /api-docs/ HTTP/1.1" 304 - "-" "Mozilla/5.0 (Windows NT 10.0; Win64; x64) AppleWebKit/537.36 (KHTML, like Gecko) Chrome/101.0.4919.0 Safari/537.36"

info: ::1 - - [07/Mar/2022:10:52:31 +0000] "GET /api-docs/swagger-ui-init.js HTTP/1.1" 304 - "-" "Mozilla/5.0 (Windows NT 10.0; Win64; x64) AppleWebKit/537.36 (KHTML, like Gecko) Chrome/101.0.4919.0 Safari/537.36"

info: ::1 - - [07/Mar/2022:10:52:31 +0000] "GET /api-docs/swagger-ui.css HTTP/1.1" 304 - "-" "Mozilla/5.0 (Windows NT 10.0; Win64; x64) AppleWebKit/537.36 (KHTML, like Gecko) Chrome/101.0.4919.0 Safari/537.36"

info: ::1 - - [07/Mar/2022:10:52:31 +0000] "GET /api-docs/swagger-ui-bundle.js HTTP/1.1" 304 - "-" "Mozilla/5.0 (Windows NT 10.0; Win64; x64) AppleWebKit/537.36 (KHTML, like Gecko) Chrome/101.0.4919.0 Safari/537.36"

info: ::1 - - [07/Mar/2022:10:52:31 +0000] "GET /api-docs/swagger-ui-standalone-preset.js HTTP/1.1" 304 - "-" "Mozilla/5.0 (Windows NT 10.0; Win64; x64) AppleWebKit/537.36 (KHTML, like Gecko) Chrome/101.0.4919.0 Safari/537.36"

info: ::1 - - [07/Mar/2022:10:52:32 +0000] "GET /api-docs/favicon-32x32.png HTTP/1.1" 304 - "-" "Mozilla/5.0 (Windows NT 10.0; Win64; x64) AppleWebKit/537.36 (KHTML, like Gecko) Chrome/101.0.4919.0 Safari/537.36"

info: ::ffff:127.0.0.1 - - [07/Mar/2022:11:07:01 +0000] "POST /api/v1/users/register HTTP/1.1" 500 61 "-" "node-superagent/3.8.3"

info: ::ffff:127.0.0.1 - - [07/Mar/2022:11:07:03 +0000] "POST /api/v1/users/register HTTP/1.1" 500 70 "-" "node-superagent/3.8.3"

info: ::ffff:127.0.0.1 - - [07/Mar/2022:11:09:14 +0000] "POST /api/v1/users/register HTTP/1.1" 201 326 "-" "node-superagent/3.8.3"

info: ::ffff:127.0.0.1 - - [07/Mar/2022:11:09:14 +0000] "POST /api/v1/users/register HTTP/1.1" 500 70 "-" "node-superagent/3.8.3"

info: ::ffff:127.0.0.1 - - [07/Mar/2022:11:15:10 +0000] "POST /api/v1/users/register HTTP/1.1" 201 326 "-" "node-superagent/3.8.3"

info: ::ffff:127.0.0.1 - - [07/Mar/2022:11:15:10 +0000] "POST /api/v1/users/register HTTP/1.1" 500 70 "-" "node-superagent/3.8.3"

info: ::1 - - [07/Mar/2022:11:54:43 +0000] "POST /api/v1/users/login HTTP/1.1" 500 57 "-" "Mozilla/5.0 (Windows NT 10.0; Win64; x64) AppleWebKit/537.36 (KHTML, like Gecko) Chrome/101.0.4919.0 Safari/537.36"

info: ::1 - - [07/Mar/2022:11:58:16 +0000] "POST /api/v1/users/login HTTP/1.1" 200 244 "-" "Mozilla/5.0 (Windows NT 10.0; Win64; x64) AppleWebKit/537.36 (KHTML, like Gecko) Chrome/101.0.4919.0 Safari/537.36"

info: ::1 - - [07/Mar/2022:11:59:06 +0000] "POST /api/v1/note HTTP/1.1" 500 55 "-" "Mozilla/5.0 (Windows NT 10.0; Win64; x64) AppleWebKit/537.36 (KHTML, like Gecko) Chrome/101.0.4919.0 Safari/537.36"

info: ::1 - - [07/Mar/2022:12:18:51 +0000] "GET /api/v1/note HTTP/1.1" 500 91 "-" "Mozilla/5.0 (Windows NT 10.0; Win64; x64) AppleWebKit/537.36 (KHTML, like Gecko) Chrome/101.0.4919.0 Safari/537.36"

info: ::1 - - [07/Mar/2022:12:20:10 +0000] "GET /api/v1/note HTTP/1.1" 500 92 "-" "Mozilla/5.0 (Windows NT 10.0; Win64; x64) AppleWebKit/537.36 (KHTML, like Gecko) Chrome/101.0.4919.0 Safari/537.36"

info: ::1 - - [07/Mar/2022:12:20:12 +0000] "GET /api/v1/note HTTP/1.1" 500 92 "-" "Mozilla/5.0 (Windows NT 10.0; Win64; x64) AppleWebKit/537.36 (KHTML, like Gecko) Chrome/101.0.4919.0 Safari/537.36"

info: ::1 - - [07/Mar/2022:12:20:13 +0000] "GET /api/v1/note HTTP/1.1" 500 92 "-" "Mozilla/5.0 (Windows NT 10.0; Win64; x64) AppleWebKit/537.36 (KHTML, like Gecko) Chrome/101.0.4919.0 Safari/537.36"

info: ::1 - - [07/Mar/2022:12:21:02 +0000] "GET /api/v1/note HTTP/1.1" 200 3782 "-" "Mozilla/5.0 (Windows NT 10.0; Win64; x64) AppleWebKit/537.36 (KHTML, like Gecko) Chrome/101.0.4919.0 Safari/537.36"

info: ::1 - - [07/Mar/2022:14:37:44 +0000] "GET /api-docs/ HTTP/1.1" 304 - "-" "Mozilla/5.0 (Windows NT 10.0; Win64; x64) AppleWebKit/537.36 (KHTML, like Gecko) Chrome/101.0.4919.0 Safari/537.36"

info: ::1 - - [07/Mar/2022:14:37:44 +0000] "GET /api-docs/swagger-ui.css HTTP/1.1" 304 - "-" "Mozilla/5.0 (Windows NT 10.0; Win64; x64) AppleWebKit/537.36 (KHTML, like Gecko) Chrome/101.0.4919.0 Safari/537.36"

info: ::1 - - [07/Mar/2022:14:37:44 +0000] "GET /api-docs/swagger-ui-bundle.js HTTP/1.1" 304 - "-" "Mozilla/5.0 (Windows NT 10.0; Win64; x64) AppleWebKit/537.36 (KHTML, like Gecko) Chrome/101.0.4919.0 Safari/537.36"

info: ::ffff:127.0.0.1 - - [07/Mar/2022:14:37:44 +0000] "GET /api-docs/swagger-ui-init.js HTTP/1.1" 304 - "-" "Mozilla/5.0 (Windows NT 10.0; Win64; x64) AppleWebKit/537.36 (KHTML, like Gecko) Chrome/101.0.4919.0 Safari/537.36"

info: ::ffff:127.0.0.1 - - [07/Mar/2022:14:37:44 +0000] "GET /api-docs/swagger-ui-standalone-preset.js HTTP/1.1" 304 - "-" "Mozilla/5.0 (Windows NT 10.0; Win64; x64) AppleWebKit/537.36 (KHTML, like Gecko) Chrome/101.0.4919.0 Safari/537.36"

info: ::ffff:127.0.0.1 - - [07/Mar/2022:14:37:44 +0000] "GET /api-docs/favicon-32x32.png HTTP/1.1" 304 - "-" "Mozilla/5.0 (Windows NT 10.0; Win64; x64) AppleWebKit/537.36 (KHTML, like Gecko) Chrome/101.0.4919.0 Safari/537.36"

info: ::1 - - [07/Mar/2022:14:38:13 +0000] "POST /api/v1/users/login HTTP/1.1" 200 244 "-" "Mozilla/5.0 (Windows NT 10.0; Win64; x64) AppleWebKit/537.36 (KHTML, like Gecko) Chrome/101.0.4919.0 Safari/537.36"

info: ::1 - - [07/Mar/2022:14:41:38 +0000] "GET /api/v1/note HTTP/1.1" 304 - "-" "Mozilla/5.0 (Windows NT 10.0; Win64; x64) AppleWebKit/537.36 (KHTML, like Gecko) Chrome/101.0.4919.0 Safari/537.36"

info: ::1 - - [07/Mar/2022:14:43:01 +0000] "POST /api/v1/users/register HTTP/1.1" 500 61 "-" "Mozilla/5.0 (Windows NT 10.0; Win64; x64) AppleWebKit/537.36 (KHTML, like Gecko) Chrome/101.0.4919.0 Safari/537.36"

info: ::1 - - [07/Mar/2022:14:43:10 +0000] "POST /api/v1/users/register HTTP/1.1" 201 322 "-" "Mozilla/5.0 (Windows NT 10.0; Win64; x64) AppleWebKit/537.36 (KHTML, like Gecko) Chrome/101.0.4919.0 Safari/537.36"

info: ::1 - - [07/Mar/2022:14:43:24 +0000] "POST /api/v1/users/login HTTP/1.1" 200 240 "-" "Mozilla/5.0 (Windows NT 10.0; Win64; x64) AppleWebKit/537.36 (KHTML, like Gecko) Chrome/101.0.4919.0 Safari/537.36"

info: ::1 - - [07/Mar/2022:14:44:08 +0000] "GET /api/v1/note HTTP/1.1" 200 3797 "-" "Mozilla/5.0 (Windows NT 10.0; Win64; x64) AppleWebKit/537.36 (KHTML, like Gecko) Chrome/101.0.4919.0 Safari/537.36"

info: ::1 - - [07/Mar/2022:14:45:02 +0000] "POST /api/v1/note HTTP/1.1" 200 251 "-" "Mozilla/5.0 (Windows NT 10.0; Win64; x64) AppleWebKit/537.36 (KHTML, like Gecko) Chrome/101.0.4919.0 Safari/537.36"

info: ::1 - - [07/Mar/2022:14:45:16 +0000] "POST /api/v1/note HTTP/1.1" 200 252 "-" "Mozilla/5.0 (Windows NT 10.0; Win64; x64) AppleWebKit/537.36 (KHTML, like Gecko) Chrome/101.0.4919.0 Safari/537.36"

info: ::1 - - [07/Mar/2022:14:45:22 +0000] "GET /api/v1/note HTTP/1.1" 200 483 "-" "Mozilla/5.0 (Windows NT 10.0; Win64; x64) AppleWebKit/537.36 (KHTML, like Gecko) Chrome/101.0.4919.0 Safari/537.36"

info: ::1 - - [07/Mar/2022:14:45:43 +0000] "POST /api/v1/note HTTP/1.1" 200 253 "-" "Mozilla/5.0 (Windows NT 10.0; Win64; x64) AppleWebKit/537.36 (KHTML, like Gecko) Chrome/101.0.4919.0 Safari/537.36"

info: ::1 - - [07/Mar/2022:14:45:48 +0000] "GET /api/v1/note HTTP/1.1" 200 694 "-" "Mozilla/5.0 (Windows NT 10.0; Win64; x64) AppleWebKit/537.36 (KHTML, like Gecko) Chrome/101.0.4919.0 Safari/537.36"

