info: ::1 - - [28/Feb/2022:02:49:01 +0000] "POST /api/v1/users/userregister HTTP/1.1" 201 322 "-" "PostmanRuntime/7.29.0"

info: ::1 - - [28/Feb/2022:02:49:26 +0000] "GET /api/v1/users/login HTTP/1.1" 200 240 "-" "PostmanRuntime/7.29.0"

info: ::1 - - [28/Feb/2022:02:51:24 +0000] "POST /api/v1/note HTTP/1.1" 200 260 "-" "PostmanRuntime/7.29.0"

info: ::1 - - [28/Feb/2022:02:52:26 +0000] "GET /api/v1/note/auth HTTP/1.1" 200 282 "-" "PostmanRuntime/7.29.0"

info: ::1 - - [28/Feb/2022:04:26:15 +0000] "PUT /api/v1/note/auth/621c381d1b33ef4afc72d4ea HTTP/1.1" 500 52 "-" "PostmanRuntime/7.29.0"

info: ::1 - - [28/Feb/2022:05:50:27 +0000] "PUT /api/v1/note/auth/621c381d1b33ef4afc72d4ea HTTP/1.1" 500 56 "-" "PostmanRuntime/7.29.0"

info: ::1 - - [28/Feb/2022:05:52:12 +0000] "PUT /api/v1/note/auth/621c381d1b33ef4afc72d4ea HTTP/1.1" 500 83 "-" "PostmanRuntime/7.29.0"

info: ::1 - - [28/Feb/2022:05:55:10 +0000] "PUT /api/v1/note/auth/621c381d1b33ef4afc72d4ea HTTP/1.1" 500 56 "-" "PostmanRuntime/7.29.0"

info: ::1 - - [28/Feb/2022:05:55:36 +0000] "PUT /api/v1/note/auth/621c381d1b33ef4afc72d4ea HTTP/1.1" 500 56 "-" "PostmanRuntime/7.29.0"

info: ::1 - - [28/Feb/2022:05:55:39 +0000] "PUT /api/v1/note/auth/621c381d1b33ef4afc72d4ea HTTP/1.1" 500 56 "-" "PostmanRuntime/7.29.0"

info: ::1 - - [28/Feb/2022:05:56:38 +0000] "PUT /api/v1/note/auth/621c381d1b33ef4afc72d4ea HTTP/1.1" 500 56 "-" "PostmanRuntime/7.29.0"

info: ::1 - - [28/Feb/2022:05:56:42 +0000] "PUT /api/v1/note/auth/621c381d1b33ef4afc72d4ea HTTP/1.1" 500 56 "-" "PostmanRuntime/7.29.0"

info: ::1 - - [28/Feb/2022:09:24:14 +0000] "GET /api/v1/users/forgetPassword HTTP/1.1" 404 47 "-" "PostmanRuntime/7.29.0"

info: ::1 - - [28/Feb/2022:09:24:52 +0000] "GET /api/v1/users/forget HTTP/1.1" 500 58 "-" "PostmanRuntime/7.29.0"

info: ::1 - - [28/Feb/2022:09:25:31 +0000] "GET /api/v1/users/forget HTTP/1.1" 500 58 "-" "PostmanRuntime/7.29.0"

info: ::1 - - [28/Feb/2022:09:26:09 +0000] "GET /api/v1/users/forget HTTP/1.1" 500 85 "-" "PostmanRuntime/7.29.0"

info: ::1 - - [28/Feb/2022:09:27:15 +0000] "GET /api/v1/users/forget HTTP/1.1" 500 53 "-" "PostmanRuntime/7.29.0"

info: ::1 - - [28/Feb/2022:09:29:31 +0000] "GET /api/v1/users/forget HTTP/1.1" 500 53 "-" "PostmanRuntime/7.29.0"

info: ::1 - - [28/Feb/2022:09:29:33 +0000] "GET /api/v1/users/forget HTTP/1.1" 500 53 "-" "PostmanRuntime/7.29.0"

info: ::1 - - [28/Feb/2022:09:29:34 +0000] "GET /api/v1/users/forget HTTP/1.1" 500 53 "-" "PostmanRuntime/7.29.0"

info: ::1 - - [28/Feb/2022:09:30:34 +0000] "GET /api/v1/users/forget HTTP/1.1" 500 53 "-" "PostmanRuntime/7.29.0"

info: ::1 - - [28/Feb/2022:09:30:38 +0000] "GET /api/v1/users/forget HTTP/1.1" 500 53 "-" "PostmanRuntime/7.29.0"

info: ::1 - - [28/Feb/2022:09:31:26 +0000] "GET /api/v1/users/forget HTTP/1.1" 500 85 "-" "PostmanRuntime/7.29.0"

info: ::1 - - [28/Feb/2022:09:33:35 +0000] "GET /api/v1/users/forget HTTP/1.1" 500 85 "-" "PostmanRuntime/7.29.0"

info: ::1 - - [28/Feb/2022:09:34:49 +0000] "GET /api/v1/users/forget HTTP/1.1" 500 84 "-" "PostmanRuntime/7.29.0"

info: ::1 - - [28/Feb/2022:09:36:00 +0000] "GET /api/v1/users/forget HTTP/1.1" 500 50 "-" "PostmanRuntime/7.29.0"

info: ::1 - - [28/Feb/2022:09:39:27 +0000] "POST /api/v1/users/userregister HTTP/1.1" 500 90 "-" "PostmanRuntime/7.29.0"

info: ::1 - - [28/Feb/2022:09:39:40 +0000] "POST /api/v1/users/userregister HTTP/1.1" 201 325 "-" "PostmanRuntime/7.29.0"

info: ::1 - - [28/Feb/2022:09:40:18 +0000] "GET /api/v1/users/forget HTTP/1.1" 500 84 "-" "PostmanRuntime/7.29.0"

info: ::1 - - [28/Feb/2022:09:42:08 +0000] "GET /api/v1/users/forget HTTP/1.1" 500 84 "-" "PostmanRuntime/7.29.0"

info: ::1 - - [28/Feb/2022:09:48:35 +0000] "GET /api/v1/users/forget HTTP/1.1" 500 84 "-" "PostmanRuntime/7.29.0"

info: ::1 - - [28/Feb/2022:09:49:35 +0000] "GET /api/v1/users/forget HTTP/1.1" 500 85 "-" "PostmanRuntime/7.29.0"

info: ::1 - - [28/Feb/2022:09:50:43 +0000] "GET /api/v1/users/forget HTTP/1.1" 500 85 "-" "PostmanRuntime/7.29.0"

info: ::1 - - [28/Feb/2022:09:50:45 +0000] "GET /api/v1/users/forget HTTP/1.1" 500 85 "-" "PostmanRuntime/7.29.0"

info: ::1 - - [28/Feb/2022:09:51:34 +0000] "GET /api/v1/users/login HTTP/1.1" 200 242 "-" "PostmanRuntime/7.29.0"

info: ::1 - - [28/Feb/2022:09:51:51 +0000] "GET /api/v1/users/forget HTTP/1.1" 500 85 "-" "PostmanRuntime/7.29.0"

info: ::1 - - [28/Feb/2022:09:54:20 +0000] "GET /api/v1/users/forget HTTP/1.1" 500 85 "-" "PostmanRuntime/7.29.0"

info: ::1 - - [28/Feb/2022:09:55:01 +0000] "GET /api/v1/users/forget HTTP/1.1" 500 85 "-" "PostmanRuntime/7.29.0"

info: ::1 - - [28/Feb/2022:09:58:23 +0000] "GET /api/v1/users/forget HTTP/1.1" 500 85 "-" "PostmanRuntime/7.29.0"

info: ::1 - - [28/Feb/2022:10:01:38 +0000] "GET /api/v1/users/forget HTTP/1.1" 500 58 "-" "PostmanRuntime/7.29.0"

info: ::1 - - [28/Feb/2022:10:02:59 +0000] "GET /api/v1/users/forget HTTP/1.1" 500 58 "-" "PostmanRuntime/7.29.0"

info: ::1 - - [28/Feb/2022:10:03:35 +0000] "GET /api/v1/users/forget HTTP/1.1" 500 85 "-" "PostmanRuntime/7.29.0"

info: ::1 - - [28/Feb/2022:10:04:34 +0000] "GET /api/v1/users/login HTTP/1.1" 500 67 "-" "PostmanRuntime/7.29.0"

info: ::1 - - [28/Feb/2022:10:05:59 +0000] "GET /api/v1/users/forget HTTP/1.1" 500 85 "-" "PostmanRuntime/7.29.0"

info: ::1 - - [28/Feb/2022:10:06:44 +0000] "GET /api/v1/users/forget HTTP/1.1" 500 58 "-" "PostmanRuntime/7.29.0"

info: ::1 - - [28/Feb/2022:10:12:27 +0000] "GET /api/v1/users/login HTTP/1.1" 500 58 "-" "PostmanRuntime/7.29.0"

info: ::1 - - [28/Feb/2022:10:28:32 +0000] "GET /api/v1/users/forget HTTP/1.1" 500 58 "-" "PostmanRuntime/7.29.0"

info: ::1 - - [28/Feb/2022:10:28:54 +0000] "GET /api/v1/users/forget HTTP/1.1" 500 85 "-" "PostmanRuntime/7.29.0"

info: ::1 - - [28/Feb/2022:10:32:08 +0000] "GET /api/v1/users/forget HTTP/1.1" 500 85 "-" "PostmanRuntime/7.29.0"

info: ::1 - - [28/Feb/2022:10:32:12 +0000] "GET /api/v1/users/forget HTTP/1.1" 500 85 "-" "PostmanRuntime/7.29.0"

info: ::1 - - [28/Feb/2022:10:33:28 +0000] "GET /api/v1/users/forget HTTP/1.1" 500 85 "-" "PostmanRuntime/7.29.0"

info: ::1 - - [28/Feb/2022:10:35:34 +0000] "GET /api/v1/users/forget HTTP/1.1" 500 85 "-" "PostmanRuntime/7.29.0"

info: ::1 - - [28/Feb/2022:10:35:36 +0000] "GET /api/v1/users/forget HTTP/1.1" 500 85 "-" "PostmanRuntime/7.29.0"

info: ::1 - - [28/Feb/2022:10:36:48 +0000] "GET /api/v1/users/forget HTTP/1.1" 500 85 "-" "PostmanRuntime/7.29.0"

info: ::1 - - [28/Feb/2022:10:36:51 +0000] "GET /api/v1/users/forget HTTP/1.1" 500 85 "-" "PostmanRuntime/7.29.0"

info: ::1 - - [28/Feb/2022:10:39:33 +0000] "GET /api/v1/users/forget HTTP/1.1" 500 85 "-" "PostmanRuntime/7.29.0"

info: ::1 - - [28/Feb/2022:10:40:38 +0000] "GET /api/v1/users/forget HTTP/1.1" 500 85 "-" "PostmanRuntime/7.29.0"

info: ::1 - - [28/Feb/2022:10:41:17 +0000] "GET /api/v1/users/forget HTTP/1.1" 500 64 "-" "PostmanRuntime/7.29.0"

info: ::1 - - [28/Feb/2022:10:51:02 +0000] "GET /api/v1/users/forget HTTP/1.1" 500 74 "-" "PostmanRuntime/7.29.0"

info: ::1 - - [28/Feb/2022:10:51:34 +0000] "GET /api/v1/users/forget HTTP/1.1" 500 74 "-" "PostmanRuntime/7.29.0"

info: ::1 - - [28/Feb/2022:10:51:36 +0000] "GET /api/v1/users/forget HTTP/1.1" 500 74 "-" "PostmanRuntime/7.29.0"

info: ::1 - - [28/Feb/2022:10:54:30 +0000] "GET /api/v1/users/forget HTTP/1.1" 500 74 "-" "PostmanRuntime/7.29.0"

info: ::1 - - [28/Feb/2022:10:58:05 +0000] "GET /api/v1/users/forget HTTP/1.1" 500 74 "-" "PostmanRuntime/7.29.0"

info: ::1 - - [28/Feb/2022:10:58:06 +0000] "GET /api/v1/users/forget HTTP/1.1" 500 74 "-" "PostmanRuntime/7.29.0"

info: ::1 - - [28/Feb/2022:10:58:07 +0000] "GET /api/v1/users/forget HTTP/1.1" 500 74 "-" "PostmanRuntime/7.29.0"

info: ::1 - - [28/Feb/2022:10:58:08 +0000] "GET /api/v1/users/forget HTTP/1.1" 500 74 "-" "PostmanRuntime/7.29.0"

info: ::1 - - [28/Feb/2022:11:03:02 +0000] "GET /api/v1/users/forget HTTP/1.1" 500 74 "-" "PostmanRuntime/7.29.0"

info: ::1 - - [28/Feb/2022:11:04:33 +0000] "GET /api/v1/users/forget HTTP/1.1" 200 64 "-" "PostmanRuntime/7.29.0"

info: ::1 - - [28/Feb/2022:11:09:34 +0000] "GET /api/v1/users/forget HTTP/1.1" 200 64 "-" "PostmanRuntime/7.29.0"

info: ::1 - - [28/Feb/2022:11:10:22 +0000] "GET /api/v1/users/forget HTTP/1.1" 200 64 "-" "PostmanRuntime/7.29.0"

info: ::1 - - [28/Feb/2022:11:14:05 +0000] "GET /api/v1/users/forget HTTP/1.1" 200 64 "-" "PostmanRuntime/7.29.0"

info: ::1 - - [28/Feb/2022:11:14:37 +0000] "GET /api/v1/users/forget HTTP/1.1" 200 64 "-" "PostmanRuntime/7.29.0"

info: ::1 - - [28/Feb/2022:11:14:58 +0000] "GET /api/v1/users/forget HTTP/1.1" 200 64 "-" "PostmanRuntime/7.29.0"

info: ::1 - - [28/Feb/2022:11:19:35 +0000] "GET /api/v1/users/forget HTTP/1.1" 500 58 "-" "PostmanRuntime/7.29.0"

info: ::1 - - [28/Feb/2022:11:19:54 +0000] "GET /api/v1/users/forget HTTP/1.1" 200 64 "-" "PostmanRuntime/7.29.0"

info: ::1 - - [28/Feb/2022:12:17:04 +0000] "POST /api/v1/users/userregister HTTP/1.1" 201 328 "-" "PostmanRuntime/7.29.0"

info: ::1 - - [28/Feb/2022:12:17:28 +0000] "GET /api/v1/users/login HTTP/1.1" 500 57 "-" "PostmanRuntime/7.29.0"

info: ::1 - - [28/Feb/2022:12:18:22 +0000] "GET /api/v1/users/login HTTP/1.1" 500 57 "-" "PostmanRuntime/7.29.0"

info: ::1 - - [28/Feb/2022:12:18:38 +0000] "GET /api/v1/users/userregister HTTP/1.1" 404 47 "-" "PostmanRuntime/7.29.0"

info: ::1 - - [28/Feb/2022:12:19:07 +0000] "GET /api/v1/users/register HTTP/1.1" 404 47 "-" "PostmanRuntime/7.29.0"

info: ::1 - - [28/Feb/2022:12:19:24 +0000] "POST /api/v1/users/register HTTP/1.1" 500 61 "-" "PostmanRuntime/7.29.0"

info: ::1 - - [28/Feb/2022:12:19:31 +0000] "GET /api/v1/users/register HTTP/1.1" 404 47 "-" "PostmanRuntime/7.29.0"

info: ::1 - - [28/Feb/2022:12:19:47 +0000] "GET /api/v1/users/login HTTP/1.1" 500 57 "-" "PostmanRuntime/7.29.0"

info: ::1 - - [28/Feb/2022:12:20:19 +0000] "GET /api/v1/users/login HTTP/1.1" 500 57 "-" "PostmanRuntime/7.29.0"

info: ::1 - - [28/Feb/2022:12:21:23 +0000] "GET /api/v1/users/login HTTP/1.1" 500 85 "-" "PostmanRuntime/7.29.0"

info: ::1 - - [28/Feb/2022:12:22:07 +0000] "GET /api/v1/users/login HTTP/1.1" 500 57 "-" "PostmanRuntime/7.29.0"

info: ::1 - - [28/Feb/2022:12:22:48 +0000] "GET /api/v1/users/login HTTP/1.1" 500 85 "-" "PostmanRuntime/7.29.0"

info: ::1 - - [28/Feb/2022:12:24:56 +0000] "GET /api/v1/users/login HTTP/1.1" 500 85 "-" "PostmanRuntime/7.29.0"

info: ::1 - - [28/Feb/2022:12:25:39 +0000] "GET /api/v1/users/login HTTP/1.1" 500 85 "-" "PostmanRuntime/7.29.0"

info: ::1 - - [28/Feb/2022:12:26:20 +0000] "GET /api/v1/users/login HTTP/1.1" 500 85 "-" "PostmanRuntime/7.29.0"

info: ::1 - - [28/Feb/2022:12:30:53 +0000] "POST /api/v1/users/register HTTP/1.1" 201 329 "-" "PostmanRuntime/7.29.0"

info: ::1 - - [28/Feb/2022:12:31:03 +0000] "POST /api/v1/users/register HTTP/1.1" 500 60 "-" "PostmanRuntime/7.29.0"

info: ::1 - - [28/Feb/2022:12:31:13 +0000] "GET /api/v1/users/login HTTP/1.1" 500 85 "-" "PostmanRuntime/7.29.0"

info: ::1 - - [28/Feb/2022:12:32:25 +0000] "GET /api/v1/users/login HTTP/1.1" 500 57 "-" "PostmanRuntime/7.29.0"

info: ::1 - - [28/Feb/2022:12:34:35 +0000] "GET /api/v1/users/login HTTP/1.1" 500 57 "-" "PostmanRuntime/7.29.0"

info: ::1 - - [28/Feb/2022:12:40:33 +0000] "GET /api/v1/users/login HTTP/1.1" 200 252 "-" "PostmanRuntime/7.29.0"

info: ::1 - - [28/Feb/2022:12:40:42 +0000] "GET /api/v1/users/login HTTP/1.1" 200 250 "-" "PostmanRuntime/7.29.0"

info: ::1 - - [28/Feb/2022:12:41:45 +0000] "GET /api/v1/users/forget HTTP/1.1" 200 64 "-" "PostmanRuntime/7.29.0"

info: ::1 - - [28/Feb/2022:12:44:28 +0000] "GET /api/v1/users/forget HTTP/1.1" 200 64 "-" "PostmanRuntime/7.29.0"

info: ::1 - - [28/Feb/2022:12:46:53 +0000] "GET /api/v1/users/forget HTTP/1.1" 200 64 "-" "PostmanRuntime/7.29.0"

info: ::1 - - [28/Feb/2022:12:48:19 +0000] "GET /api/v1/users/forget HTTP/1.1" 200 64 "-" "PostmanRuntime/7.29.0"

info: ::1 - - [28/Feb/2022:12:55:56 +0000] "GET /api/v1/users/forget HTTP/1.1" 200 64 "-" "PostmanRuntime/7.29.0"

info: ::1 - - [28/Feb/2022:13:02:49 +0000] "GET /api/v1/users/forget HTTP/1.1" 200 64 "-" "PostmanRuntime/7.29.0"

