info: ::1 - - [08/Mar/2022:02:34:50 +0000] "POST /api/v1/note HTTP/1.1" 200 253 "-" "Mozilla/5.0 (Windows NT 10.0; Win64; x64) AppleWebKit/537.36 (KHTML, like Gecko) Chrome/101.0.4919.0 Safari/537.36"

info: ::1 - - [08/Mar/2022:02:35:03 +0000] "GET /api/v1/note HTTP/1.1" 200 905 "-" "Mozilla/5.0 (Windows NT 10.0; Win64; x64) AppleWebKit/537.36 (KHTML, like Gecko) Chrome/101.0.4919.0 Safari/537.36"

info: ::1 - - [08/Mar/2022:02:35:56 +0000] "POST /api/v1/note HTTP/1.1" 200 253 "-" "Mozilla/5.0 (Windows NT 10.0; Win64; x64) AppleWebKit/537.36 (KHTML, like Gecko) Chrome/101.0.4919.0 Safari/537.36"

info: ::1 - - [08/Mar/2022:02:36:02 +0000] "GET /api/v1/note HTTP/1.1" 200 1116 "-" "Mozilla/5.0 (Windows NT 10.0; Win64; x64) AppleWebKit/537.36 (KHTML, like Gecko) Chrome/101.0.4919.0 Safari/537.36"

info: ::1 - - [08/Mar/2022:02:38:03 +0000] "POST /api/v1/users/login HTTP/1.1" 200 240 "-" "Mozilla/5.0 (Windows NT 10.0; Win64; x64) AppleWebKit/537.36 (KHTML, like Gecko) Chrome/101.0.4919.0 Safari/537.36"

info: ::1 - - [08/Mar/2022:02:40:32 +0000] "POST /api/v1/note HTTP/1.1" 500 91 "-" "PostmanRuntime/7.29.0"

info: ::1 - - [08/Mar/2022:02:40:40 +0000] "POST /api/v1/note HTTP/1.1" 200 252 "-" "PostmanRuntime/7.29.0"

info: ::1 - - [08/Mar/2022:02:41:18 +0000] "GET /api/v1/note HTTP/1.1" 200 1326 "-" "PostmanRuntime/7.29.0"

info: ::1 - - [08/Mar/2022:02:41:38 +0000] "GET /api/v1/note HTTP/1.1" 200 1341 "-" "PostmanRuntime/7.29.0"

info: ::1 - - [08/Mar/2022:02:43:02 +0000] "POST /api/v1/note HTTP/1.1" 200 254 "-" "PostmanRuntime/7.29.0"

info: ::1 - - [08/Mar/2022:02:43:14 +0000] "GET /api/v1/note HTTP/1.1" 200 1341 "-" "PostmanRuntime/7.29.0"

info: ::1 - - [08/Mar/2022:03:10:00 +0000] "POST /api/v1/note/login HTTP/1.1" 404 47 "-" "PostmanRuntime/7.29.0"

info: ::1 - - [08/Mar/2022:03:10:25 +0000] "POST /api/v1/users/login HTTP/1.1" 500 57 "-" "PostmanRuntime/7.29.0"

info: ::1 - - [08/Mar/2022:07:05:31 +0000] "POST /api/v1/note HTTP/1.1" 500 55 "-" "Mozilla/5.0 (Windows NT 10.0; Win64; x64) AppleWebKit/537.36 (KHTML, like Gecko) Chrome/101.0.4919.0 Safari/537.36"

info: ::1 - - [08/Mar/2022:07:11:22 +0000] "POST /api/v1/note HTTP/1.1" 500 55 "-" "Mozilla/5.0 (Windows NT 10.0; Win64; x64) AppleWebKit/537.36 (KHTML, like Gecko) Chrome/101.0.4919.0 Safari/537.36"

info: ::1 - - [08/Mar/2022:07:11:51 +0000] "POST /api/v1/note HTTP/1.1" 500 55 "-" "Mozilla/5.0 (Windows NT 10.0; Win64; x64) AppleWebKit/537.36 (KHTML, like Gecko) Chrome/101.0.4919.0 Safari/537.36"

info: ::1 - - [08/Mar/2022:07:12:16 +0000] "POST /api/v1/note HTTP/1.1" 200 253 "-" "Mozilla/5.0 (Windows NT 10.0; Win64; x64) AppleWebKit/537.36 (KHTML, like Gecko) Chrome/101.0.4919.0 Safari/537.36"

info: ::1 - - [08/Mar/2022:07:15:47 +0000] "POST /api/v1/note HTTP/1.1" 200 253 "-" "Mozilla/5.0 (Windows NT 10.0; Win64; x64) AppleWebKit/537.36 (KHTML, like Gecko) Chrome/101.0.4919.0 Safari/537.36"

info: ::1 - - [08/Mar/2022:07:20:31 +0000] "POST /api/v1/note HTTP/1.1" 200 254 "-" "Mozilla/5.0 (Windows NT 10.0; Win64; x64) AppleWebKit/537.36 (KHTML, like Gecko) Chrome/101.0.4919.0 Safari/537.36"

info: ::1 - - [08/Mar/2022:07:32:09 +0000] "POST /api/v1/note HTTP/1.1" 200 254 "-" "Mozilla/5.0 (Windows NT 10.0; Win64; x64) AppleWebKit/537.36 (KHTML, like Gecko) Chrome/101.0.4919.0 Safari/537.36"

info: ::1 - - [08/Mar/2022:07:34:28 +0000] "POST /api/v1/note HTTP/1.1" 200 282 "-" "Mozilla/5.0 (Windows NT 10.0; Win64; x64) AppleWebKit/537.36 (KHTML, like Gecko) Chrome/101.0.4919.0 Safari/537.36"

info: ::1 - - [08/Mar/2022:07:37:34 +0000] "POST /api/v1/note HTTP/1.1" 200 282 "-" "Mozilla/5.0 (Windows NT 10.0; Win64; x64) AppleWebKit/537.36 (KHTML, like Gecko) Chrome/101.0.4919.0 Safari/537.36"

info: ::1 - - [08/Mar/2022:07:39:46 +0000] "POST /api/v1/note HTTP/1.1" 200 282 "-" "Mozilla/5.0 (Windows NT 10.0; Win64; x64) AppleWebKit/537.36 (KHTML, like Gecko) Chrome/101.0.4919.0 Safari/537.36"

info: ::1 - - [08/Mar/2022:07:52:51 +0000] "POST /api/v1/users/register HTTP/1.1" 500 56 "-" "Mozilla/5.0 (Windows NT 10.0; Win64; x64) AppleWebKit/537.36 (KHTML, like Gecko) Chrome/101.0.4919.0 Safari/537.36"

info: ::1 - - [08/Mar/2022:07:53:25 +0000] "POST /api/v1/users/register HTTP/1.1" 500 61 "-" "Mozilla/5.0 (Windows NT 10.0; Win64; x64) AppleWebKit/537.36 (KHTML, like Gecko) Chrome/101.0.4919.0 Safari/537.36"

info: ::1 - - [08/Mar/2022:07:54:04 +0000] "POST /api/v1/users/register HTTP/1.1" 201 323 "-" "Mozilla/5.0 (Windows NT 10.0; Win64; x64) AppleWebKit/537.36 (KHTML, like Gecko) Chrome/101.0.4919.0 Safari/537.36"

info: ::1 - - [08/Mar/2022:07:55:19 +0000] "POST /api/v1/users/register HTTP/1.1" 500 61 "-" "Mozilla/5.0 (Windows NT 10.0; Win64; x64) AppleWebKit/537.36 (KHTML, like Gecko) Chrome/101.0.4919.0 Safari/537.36"

info: ::1 - - [08/Mar/2022:07:56:04 +0000] "POST /api/v1/users/register HTTP/1.1" 201 323 "-" "Mozilla/5.0 (Windows NT 10.0; Win64; x64) AppleWebKit/537.36 (KHTML, like Gecko) Chrome/101.0.4919.0 Safari/537.36"

info: ::1 - - [08/Mar/2022:08:24:44 +0000] "GET /api/v1/note/622708164476e8456ce7f507 HTTP/1.1" 200 299 "-" "PostmanRuntime/7.29.0"

info: ::1 - - [08/Mar/2022:08:29:03 +0000] "POST /api/v1/users/login HTTP/1.1" 200 241 "-" "Mozilla/5.0 (Windows NT 10.0; Win64; x64) AppleWebKit/537.36 (KHTML, like Gecko) Chrome/101.0.4919.0 Safari/537.36"

info: ::1 - - [08/Mar/2022:08:29:18 +0000] "GET /api/v1/note/622708164476e8456ce7f507 HTTP/1.1" 200 299 "-" "PostmanRuntime/7.29.0"

info: ::1 - - [08/Mar/2022:08:29:23 +0000] "GET /api/v1/note/622708164476e8456ce7f507 HTTP/1.1" 200 299 "-" "PostmanRuntime/7.29.0"

info: ::1 - - [08/Mar/2022:08:29:27 +0000] "GET /api/v1/note/622708164476e8456ce7f507 HTTP/1.1" 200 299 "-" "PostmanRuntime/7.29.0"

info: ::1 - - [08/Mar/2022:08:29:30 +0000] "GET /api/v1/note/622708164476e8456ce7f507 HTTP/1.1" 200 299 "-" "PostmanRuntime/7.29.0"

info: ::1 - - [08/Mar/2022:08:29:35 +0000] "GET /api/v1/note/622708164476e8456ce7f507 HTTP/1.1" 200 299 "-" "PostmanRuntime/7.29.0"

info: ::1 - - [08/Mar/2022:08:30:42 +0000] "POST /api/v1/users/register HTTP/1.1" 201 324 "-" "Mozilla/5.0 (Windows NT 10.0; Win64; x64) AppleWebKit/537.36 (KHTML, like Gecko) Chrome/101.0.4919.0 Safari/537.36"

info: ::1 - - [08/Mar/2022:08:31:50 +0000] "POST /api/v1/users/login HTTP/1.1" 200 241 "-" "Mozilla/5.0 (Windows NT 10.0; Win64; x64) AppleWebKit/537.36 (KHTML, like Gecko) Chrome/101.0.4919.0 Safari/537.36"

info: ::1 - - [08/Mar/2022:08:32:27 +0000] "GET /api/v1/note/622708164476e8456ce7f507 HTTP/1.1" 200 299 "-" "PostmanRuntime/7.29.0"

info: ::1 - - [08/Mar/2022:08:32:33 +0000] "GET /api/v1/note/622708164476e8456ce7f507 HTTP/1.1" 200 299 "-" "PostmanRuntime/7.29.0"

info: ::1 - - [08/Mar/2022:08:32:36 +0000] "GET /api/v1/note/622708164476e8456ce7f507 HTTP/1.1" 200 299 "-" "PostmanRuntime/7.29.0"

info: ::1 - - [08/Mar/2022:08:32:37 +0000] "GET /api/v1/note/622708164476e8456ce7f507 HTTP/1.1" 200 299 "-" "PostmanRuntime/7.29.0"

info: ::1 - - [08/Mar/2022:08:32:37 +0000] "GET /api/v1/note/622708164476e8456ce7f507 HTTP/1.1" 200 299 "-" "PostmanRuntime/7.29.0"

info: ::1 - - [08/Mar/2022:08:32:37 +0000] "GET /api/v1/note/622708164476e8456ce7f507 HTTP/1.1" 200 299 "-" "PostmanRuntime/7.29.0"

info: ::1 - - [08/Mar/2022:08:32:47 +0000] "DELETE /api/v1/note/622708164476e8456ce7f507 HTTP/1.1" 200 60 "-" "PostmanRuntime/7.29.0"

info: ::1 - - [08/Mar/2022:08:34:21 +0000] "POST /api/v1/note HTTP/1.1" 200 269 "-" "Mozilla/5.0 (Windows NT 10.0; Win64; x64) AppleWebKit/537.36 (KHTML, like Gecko) Chrome/101.0.4919.0 Safari/537.36"

info: ::1 - - [08/Mar/2022:08:35:12 +0000] "POST /api/v1/users/register HTTP/1.1" 201 328 "-" "Mozilla/5.0 (Windows NT 10.0; Win64; x64) AppleWebKit/537.36 (KHTML, like Gecko) Chrome/101.0.4919.0 Safari/537.36"

info: ::1 - - [08/Mar/2022:08:36:29 +0000] "POST /api/v1/users/login HTTP/1.1" 200 241 "-" "Mozilla/5.0 (Windows NT 10.0; Win64; x64) AppleWebKit/537.36 (KHTML, like Gecko) Chrome/101.0.4919.0 Safari/537.36"

info: ::1 - - [08/Mar/2022:08:38:06 +0000] "GET /api/v1/note HTTP/1.1" 500 59 "-" "Mozilla/5.0 (Windows NT 10.0; Win64; x64) AppleWebKit/537.36 (KHTML, like Gecko) Chrome/101.0.4919.0 Safari/537.36"

info: ::1 - - [08/Mar/2022:08:43:28 +0000] "GET /api/v1/note HTTP/1.1" 500 59 "-" "Mozilla/5.0 (Windows NT 10.0; Win64; x64) AppleWebKit/537.36 (KHTML, like Gecko) Chrome/101.0.4919.0 Safari/537.36"

info: ::1 - - [08/Mar/2022:08:45:20 +0000] "GET /api/v1/note/6227150d7c781846d0cae3ce HTTP/1.1" 200 286 "-" "Mozilla/5.0 (Windows NT 10.0; Win64; x64) AppleWebKit/537.36 (KHTML, like Gecko) Chrome/101.0.4919.0 Safari/537.36"

info: ::1 - - [08/Mar/2022:08:47:03 +0000] "GET /api/v1/note/6227150d7c781846d0cae3ce HTTP/1.1" 304 - "-" "Mozilla/5.0 (Windows NT 10.0; Win64; x64) AppleWebKit/537.36 (KHTML, like Gecko) Chrome/101.0.4919.0 Safari/537.36"

info: ::1 - - [08/Mar/2022:08:49:57 +0000] "GET /api/v1/note/6227150d7c781846d0cae3ce HTTP/1.1" 500 74 "-" "Mozilla/5.0 (Windows NT 10.0; Win64; x64) AppleWebKit/537.36 (KHTML, like Gecko) Chrome/101.0.4919.0 Safari/537.36"

info: ::1 - - [08/Mar/2022:08:50:50 +0000] "PUT /api/v1/note/6227150d7c781846d0cae3ce HTTP/1.1" 200 319 "-" "Mozilla/5.0 (Windows NT 10.0; Win64; x64) AppleWebKit/537.36 (KHTML, like Gecko) Chrome/101.0.4919.0 Safari/537.36"

info: ::1 - - [08/Mar/2022:08:51:45 +0000] "PUT /api/v1/note/6227150d7c781846d0cae3ce HTTP/1.1" 500 58 "-" "Mozilla/5.0 (Windows NT 10.0; Win64; x64) AppleWebKit/537.36 (KHTML, like Gecko) Chrome/101.0.4919.0 Safari/537.36"

info: ::1 - - [08/Mar/2022:08:52:15 +0000] "PUT /api/v1/note/6227150d7c781846d0cae3ce HTTP/1.1" 500 56 "-" "Mozilla/5.0 (Windows NT 10.0; Win64; x64) AppleWebKit/537.36 (KHTML, like Gecko) Chrome/101.0.4919.0 Safari/537.36"

info: ::1 - - [08/Mar/2022:08:53:10 +0000] "PUT /api/v1/note/6227150d7c781846d0cae3ce HTTP/1.1" 500 56 "-" "Mozilla/5.0 (Windows NT 10.0; Win64; x64) AppleWebKit/537.36 (KHTML, like Gecko) Chrome/101.0.4919.0 Safari/537.36"

info: ::1 - - [08/Mar/2022:08:53:41 +0000] "PUT /api/v1/note/6227150d7c781846d0cae3ce HTTP/1.1" 200 321 "-" "Mozilla/5.0 (Windows NT 10.0; Win64; x64) AppleWebKit/537.36 (KHTML, like Gecko) Chrome/101.0.4919.0 Safari/537.36"

info: ::1 - - [08/Mar/2022:08:54:36 +0000] "PUT /api/v1/note/6227150d7c781846d0cae3ce HTTP/1.1" 400 57 "-" "Mozilla/5.0 (Windows NT 10.0; Win64; x64) AppleWebKit/537.36 (KHTML, like Gecko) Chrome/101.0.4919.0 Safari/537.36"

info: ::1 - - [08/Mar/2022:08:55:00 +0000] "GET /api/v1/note/6227150d7c781846d0cae3ce HTTP/1.1" 400 57 "-" "Mozilla/5.0 (Windows NT 10.0; Win64; x64) AppleWebKit/537.36 (KHTML, like Gecko) Chrome/101.0.4919.0 Safari/537.36"

info: ::1 - - [08/Mar/2022:08:58:08 +0000] "GET /api/v1/note/6227150d7c781846d0cae3ce HTTP/1.1" 400 62 "-" "Mozilla/5.0 (Windows NT 10.0; Win64; x64) AppleWebKit/537.36 (KHTML, like Gecko) Chrome/101.0.4919.0 Safari/537.36"

info: ::1 - - [08/Mar/2022:08:58:48 +0000] "PUT /api/v1/note/6227150d7c781846d0cae3ce HTTP/1.1" 400 62 "-" "Mozilla/5.0 (Windows NT 10.0; Win64; x64) AppleWebKit/537.36 (KHTML, like Gecko) Chrome/101.0.4919.0 Safari/537.36"

info: ::ffff:127.0.0.1 - - [08/Mar/2022:09:41:54 +0000] "POST /api/v1/users/register HTTP/1.1" 201 326 "-" "node-superagent/3.8.3"

info: ::ffff:127.0.0.1 - - [08/Mar/2022:09:42:39 +0000] "POST /api/v1/users/register HTTP/1.1" 500 63 "-" "node-superagent/3.8.3"

info: ::ffff:127.0.0.1 - - [08/Mar/2022:09:44:03 +0000] "POST /api/v1/users/register HTTP/1.1" 500 63 "-" "node-superagent/3.8.3"

info: ::1 - - [08/Mar/2022:09:50:38 +0000] "POST /api/v1/note HTTP/1.1" 400 56 "-" "PostmanRuntime/7.29.0"

info: ::1 - - [08/Mar/2022:09:51:04 +0000] "POST /api/v1/user HTTP/1.1" 404 47 "-" "PostmanRuntime/7.29.0"

info: ::1 - - [08/Mar/2022:09:51:09 +0000] "POST /api/v1/users HTTP/1.1" 404 47 "-" "PostmanRuntime/7.29.0"

info: ::1 - - [08/Mar/2022:09:51:10 +0000] "POST /api/v1/users HTTP/1.1" 404 47 "-" "PostmanRuntime/7.29.0"

info: ::1 - - [08/Mar/2022:09:51:28 +0000] "POST /api/v1/users/register HTTP/1.1" 500 63 "-" "PostmanRuntime/7.29.0"

info: ::1 - - [08/Mar/2022:09:53:52 +0000] "POST /api/v1/users/register HTTP/1.1" 400 326 "-" "PostmanRuntime/7.29.0"

info: ::1 - - [08/Mar/2022:09:54:29 +0000] "POST /api/v1/users/register HTTP/1.1" 400 319 "-" "PostmanRuntime/7.29.0"

info: ::1 - - [08/Mar/2022:10:05:05 +0000] "POST /api/v1/note HTTP/1.1" 500 60 "-" "PostmanRuntime/7.29.0"

info: ::1 - - [08/Mar/2022:10:05:41 +0000] "POST /api/v1/note HTTP/1.1" 400 373 "-" "PostmanRuntime/7.29.0"

info: ::1 - - [08/Mar/2022:10:06:12 +0000] "POST /api/v1/note HTTP/1.1" 400 378 "-" "PostmanRuntime/7.29.0"

info: ::1 - - [08/Mar/2022:10:06:40 +0000] "POST /api/v1/note HTTP/1.1" 400 330 "-" "PostmanRuntime/7.29.0"

info: ::1 - - [08/Mar/2022:10:07:26 +0000] "POST /api/v1/note HTTP/1.1" 400 242 "-" "PostmanRuntime/7.29.0"

info: ::1 - - [08/Mar/2022:10:08:01 +0000] "POST /api/v1/note HTTP/1.1" 200 270 "-" "PostmanRuntime/7.29.0"

info: ::1 - - [08/Mar/2022:10:34:27 +0000] "GET /api/v1/note HTTP/1.1" 400 62 "-" "Mozilla/5.0 (Windows NT 10.0; Win64; x64) AppleWebKit/537.36 (KHTML, like Gecko) Chrome/101.0.4919.0 Safari/537.36"

info: ::1 - - [08/Mar/2022:10:34:36 +0000] "GET /api/v1/note/6227150d7c781846d0cae3ce HTTP/1.1" 400 62 "-" "Mozilla/5.0 (Windows NT 10.0; Win64; x64) AppleWebKit/537.36 (KHTML, like Gecko) Chrome/101.0.4919.0 Safari/537.36"

info: ::1 - - [08/Mar/2022:10:35:14 +0000] "PUT /api/v1/note/6227150d7c781846d0cae3c HTTP/1.1" 400 62 "-" "Mozilla/5.0 (Windows NT 10.0; Win64; x64) AppleWebKit/537.36 (KHTML, like Gecko) Chrome/101.0.4919.0 Safari/537.36"

info: ::1 - - [08/Mar/2022:10:35:23 +0000] "PUT /api/v1/note/6227150d7c781846d0cae3ce HTTP/1.1" 400 62 "-" "Mozilla/5.0 (Windows NT 10.0; Win64; x64) AppleWebKit/537.36 (KHTML, like Gecko) Chrome/101.0.4919.0 Safari/537.36"

info: ::1 - - [08/Mar/2022:11:17:45 +0000] "POST /api/v1/register HTTP/1.1" 404 47 "-" "PostmanRuntime/7.29.0"

info: ::1 - - [08/Mar/2022:11:17:53 +0000] "POST /api/v1/users/register HTTP/1.1" 400 275 "-" "PostmanRuntime/7.29.0"

info: ::1 - - [08/Mar/2022:11:18:04 +0000] "POST /api/v1/users/register HTTP/1.1" 201 320 "-" "PostmanRuntime/7.29.0"

info: ::1 - - [08/Mar/2022:14:08:31 +0000] "POST /api/v1/users/login HTTP/1.1" 200 238 "-" "PostmanRuntime/7.29.0"

info: ::1 - - [08/Mar/2022:14:09:43 +0000] "POST /api/v1/note HTTP/1.1" 200 258 "-" "PostmanRuntime/7.29.0"

info: ::1 - - [08/Mar/2022:14:10:27 +0000] "DELETE /api/v1/note/622763a7b757933f4c94aa3b HTTP/1.1" 200 60 "-" "PostmanRuntime/7.29.0"

info: ::1 - - [08/Mar/2022:14:10:42 +0000] "GET /api/v1/note/622763a7b757933f4c94aa3b HTTP/1.1" 500 61 "-" "PostmanRuntime/7.29.0"

info: ::1 - - [08/Mar/2022:14:11:41 +0000] "GET /api/v1/note/622763a7b757933f4c94aa3b HTTP/1.1" 500 84 "-" "PostmanRuntime/7.29.0"

info: ::1 - - [08/Mar/2022:14:12:55 +0000] "GET /api/v1/note/622763a7b757933f4c94aa3b HTTP/1.1" 500 84 "-" "PostmanRuntime/7.29.0"

info: ::1 - - [08/Mar/2022:14:13:52 +0000] "GET /api/v1/note/622763a7b757933f4c94aa3b HTTP/1.1" 500 64 "-" "PostmanRuntime/7.29.0"

info: ::1 - - [08/Mar/2022:14:14:54 +0000] "PUT /api/v1/note/622763a7b757933f4c94aa3b HTTP/1.1" 200 98 "-" "PostmanRuntime/7.29.0"

info: ::1 - - [08/Mar/2022:14:20:39 +0000] "GET /api/v1/note/622763a7b757933f4c94aa3b HTTP/1.1" 500 64 "-" "PostmanRuntime/7.29.0"

info: ::1 - - [08/Mar/2022:14:20:49 +0000] "DELETE /api/v1/note/622763a7b757933f4c94aa3b HTTP/1.1" 200 60 "-" "PostmanRuntime/7.29.0"

info: ::1 - - [08/Mar/2022:14:21:51 +0000] "PUT /api/v1/note/622763a7b757933f4c94aa3b HTTP/1.1" 200 98 "-" "PostmanRuntime/7.29.0"

info: ::1 - - [08/Mar/2022:14:23:44 +0000] "PUT /api/v1/note/622763a7b757933f4c94aa3b HTTP/1.1" 500 64 "-" "PostmanRuntime/7.29.0"

info: ::1 - - [08/Mar/2022:14:30:40 +0000] "GET /api/v1/note/622763a7b757933f4c94aa3b HTTP/1.1" 500 64 "-" "PostmanRuntime/7.29.0"

info: ::1 - - [08/Mar/2022:16:09:03 +0000] "POST /api/v1/users/register HTTP/1.1" 201 324 "-" "PostmanRuntime/7.29.0"

info: ::1 - - [08/Mar/2022:16:30:33 +0000] "POST /api/v1/users/register HTTP/1.1" 201 326 "-" "PostmanRuntime/7.29.0"

