info: Server started at http://localhost:3000/api/v1/ {"timestamp":"2022-03-07T06:34:15.908Z"}
info: Connected to the database. {"timestamp":"2022-03-07T06:34:16.220Z"}
error: 
      status - 400
      message - Authorization token is incorrect 
      url - /api/v1/note 
      method - GET 
      IP - ::1
     {"timestamp":"2022-03-07T06:35:57.019Z"}
error: 
      status - 400
      message - Authorization token is incorrect 
      url - /api/v1/note 
      method - GET 
      IP - ::1
     {"timestamp":"2022-03-07T06:36:44.387Z"}
error: 
    status - 500 
    message - TypeError: Cannot read properties of null (reading '1')
    at firstchar (C:\Users\anand\Desktop\fundoo-Notes\node_modules\body-parser\lib\types\json.js:176:37)
    at parse (C:\Users\anand\Desktop\fundoo-Notes\node_modules\body-parser\lib\types\json.js:79:19)
    at C:\Users\anand\Desktop\fundoo-Notes\node_modules\body-parser\lib\read.js:121:18
    at invokeCallback (C:\Users\anand\Desktop\fundoo-Notes\node_modules\raw-body\index.js:224:16)
    at done (C:\Users\anand\Desktop\fundoo-Notes\node_modules\raw-body\index.js:213:7)
    at IncomingMessage.onEnd (C:\Users\anand\Desktop\fundoo-Notes\node_modules\raw-body\index.js:273:7)
    at IncomingMessage.emit (node:events:402:35)
    at IncomingMessage.emit (node:domain:475:12)
    at endReadableNT (node:internal/streams/readable:1343:12)
    at processTicksAndRejections (node:internal/process/task_queues:83:21) 
    url - /api/v1/users 
    method - GET 
    IP - ::1
   {"timestamp":"2022-03-07T06:37:57.776Z"}
error: 
    status - 500 
    message - TypeError: Cannot read properties of null (reading '1')
    at firstchar (C:\Users\anand\Desktop\fundoo-Notes\node_modules\body-parser\lib\types\json.js:176:37)
    at parse (C:\Users\anand\Desktop\fundoo-Notes\node_modules\body-parser\lib\types\json.js:79:19)
    at C:\Users\anand\Desktop\fundoo-Notes\node_modules\body-parser\lib\read.js:121:18
    at invokeCallback (C:\Users\anand\Desktop\fundoo-Notes\node_modules\raw-body\index.js:224:16)
    at done (C:\Users\anand\Desktop\fundoo-Notes\node_modules\raw-body\index.js:213:7)
    at IncomingMessage.onEnd (C:\Users\anand\Desktop\fundoo-Notes\node_modules\raw-body\index.js:273:7)
    at IncomingMessage.emit (node:events:402:35)
    at IncomingMessage.emit (node:domain:475:12)
    at endReadableNT (node:internal/streams/readable:1343:12)
    at processTicksAndRejections (node:internal/process/task_queues:83:21) 
    url - /api/v1/users 
    method - GET 
    IP - ::1
   {"timestamp":"2022-03-07T06:38:21.679Z"}
error: 
    status - 500 
    message - ValidationError: "password" length must be at least 10 characters long 
    url - /api/v1/users/register 
    method - POST 
    IP - ::1
   {"timestamp":"2022-03-07T06:39:42.997Z"}
error: 
      status - 11000
      message - E11000 duplicate key error collection: user.users index: emailID_1 dup key: { emailID: "vaibhav@gmail.com" } 
      url - /api/v1/users/register 
      method - POST 
      IP - ::1
     {"timestamp":"2022-03-07T06:40:04.259Z"}
error: 
    status - 500 
    message - RangeError: Invalid status code: 11000
    at new NodeError (node:internal/errors:371:5)
    at ServerResponse.writeHead (node:_http_server:274:11)
    at ServerResponse.writeHead (C:\Users\anand\Desktop\fundoo-Notes\node_modules\on-headers\index.js:44:26)
    at ServerResponse._implicitHeader (node:_http_server:265:8)
    at write_ (node:_http_outgoing:766:9)
    at ServerResponse.end (node:_http_outgoing:855:5)
    at ServerResponse.send (C:\Users\anand\Desktop\fundoo-Notes\node_modules\express\lib\response.js:221:10)
    at ServerResponse.json (C:\Users\anand\Desktop\fundoo-Notes\node_modules\express\lib\response.js:267:15)
    at appErrorHandler (C:\Users\anand\Desktop\fundoo-Notes\src\middlewares\/error.middleware.js:36:26)
    at Layer.handle_error (C:\Users\anand\Desktop\fundoo-Notes\node_modules\express\lib\router\layer.js:71:5)
    at trim_prefix (C:\Users\anand\Desktop\fundoo-Notes\node_modules\express\lib\router\index.js:321:13)
    at C:\Users\anand\Desktop\fundoo-Notes\node_modules\express\lib\router\index.js:284:7
    at Function.process_params (C:\Users\anand\Desktop\fundoo-Notes\node_modules\express\lib\router\index.js:341:12)
    at next (C:\Users\anand\Desktop\fundoo-Notes\node_modules\express\lib\router\index.js:275:10)
    at C:\Users\anand\Desktop\fundoo-Notes\node_modules\express\lib\router\index.js:641:15
    at next (C:\Users\anand\Desktop\fundoo-Notes\node_modules\express\lib\router\index.js:260:14) 
    url - /api/v1/users/register 
    method - POST 
    IP - ::1
   {"timestamp":"2022-03-07T06:40:04.289Z"}
error: 
      status - 400
      message - Authorization token is incorrect 
      url - /api/v1/note 
      method - POST 
      IP - ::1
     {"timestamp":"2022-03-07T06:41:54.350Z"}
error: 
      status - 400
      message - Authorization token is incorrect 
      url - /api/v1/note 
      method - POST 
      IP - ::1
     {"timestamp":"2022-03-07T06:42:26.772Z"}
error: 
    status - 500 
    message - TypeError: _redis.default.del is not a function
    at _callee$ (C:\Users\anand\Desktop\fundoo-Notes\src\services\/note.service.js:11:22)
    at tryCatch (C:\Users\anand\Desktop\fundoo-Notes\node_modules\regenerator-runtime\runtime.js:63:40)
    at Generator.invoke [as _invoke] (C:\Users\anand\Desktop\fundoo-Notes\node_modules\regenerator-runtime\runtime.js:294:22)
    at Generator.next (C:\Users\anand\Desktop\fundoo-Notes\node_modules\regenerator-runtime\runtime.js:119:21)
    at asyncGeneratorStep (C:\Users\anand\Desktop\fundoo-Notes\node_modules\@babel\runtime\helpers\asyncToGenerator.js:3:24)
    at _next (C:\Users\anand\Desktop\fundoo-Notes\node_modules\@babel\runtime\helpers\asyncToGenerator.js:25:9)
    at processTicksAndRejections (node:internal/process/task_queues:96:5) 
    url - /api/v1/note 
    method - POST 
    IP - ::1
   {"timestamp":"2022-03-07T06:43:01.526Z"}
info: Server started at http://localhost:3000/api/v1/ {"timestamp":"2022-03-07T06:44:40.841Z"}
info: Connected to the database. {"timestamp":"2022-03-07T06:44:40.863Z"}
info: Server started at http://localhost:3000/api/v1/ {"timestamp":"2022-03-07T06:47:02.238Z"}
info: Connected to the database. {"timestamp":"2022-03-07T06:47:02.297Z"}
info: Server started at http://localhost:3000/api/v1/ {"timestamp":"2022-03-07T06:47:39.176Z"}
info: Connected to the database. {"timestamp":"2022-03-07T06:47:39.206Z"}
info: Server started at http://localhost:3000/api/v1/ {"timestamp":"2022-03-07T06:47:47.701Z"}
info: Connected to the database. {"timestamp":"2022-03-07T06:47:47.724Z"}
info: Server started at http://localhost:3000/api/v1/ {"timestamp":"2022-03-07T06:47:53.585Z"}
info: Connected to the database. {"timestamp":"2022-03-07T06:47:53.611Z"}
info: Server started at http://localhost:3000/api/v1/ {"timestamp":"2022-03-07T06:48:27.173Z"}
info: Connected to the database. {"timestamp":"2022-03-07T06:48:27.200Z"}
error: 
    status - 500 
    message - TypeError: _redis.default.del is not a function
    at _callee$ (C:\Users\anand\Desktop\fundoo-Notes\src\services\/note.service.js:11:22)
    at tryCatch (C:\Users\anand\Desktop\fundoo-Notes\node_modules\regenerator-runtime\runtime.js:63:40)
    at Generator.invoke [as _invoke] (C:\Users\anand\Desktop\fundoo-Notes\node_modules\regenerator-runtime\runtime.js:294:22)
    at Generator.next (C:\Users\anand\Desktop\fundoo-Notes\node_modules\regenerator-runtime\runtime.js:119:21)
    at asyncGeneratorStep (C:\Users\anand\Desktop\fundoo-Notes\node_modules\@babel\runtime\helpers\asyncToGenerator.js:3:24)
    at _next (C:\Users\anand\Desktop\fundoo-Notes\node_modules\@babel\runtime\helpers\asyncToGenerator.js:25:9)
    at processTicksAndRejections (node:internal/process/task_queues:96:5) 
    url - /api/v1/note 
    method - POST 
    IP - ::1
   {"timestamp":"2022-03-07T06:49:41.827Z"}
info: Server started at http://localhost:3000/api/v1/ {"timestamp":"2022-03-07T06:51:40.096Z"}
info: Connected to the database. {"timestamp":"2022-03-07T06:51:40.118Z"}
info: Server started at http://localhost:3000/api/v1/ {"timestamp":"2022-03-07T06:55:20.100Z"}
info: Connected to the database. {"timestamp":"2022-03-07T06:55:20.124Z"}
info: Server started at http://localhost:3000/api/v1/ {"timestamp":"2022-03-07T06:55:30.884Z"}
info: Connected to the database. {"timestamp":"2022-03-07T06:55:30.906Z"}
error: 
    status - 500 
    message - TypeError: _redis.default.flushdb is not a function
    at _callee$ (C:\Users\anand\Desktop\fundoo-Notes\src\services\/note.service.js:11:22)
    at tryCatch (C:\Users\anand\Desktop\fundoo-Notes\node_modules\regenerator-runtime\runtime.js:63:40)
    at Generator.invoke [as _invoke] (C:\Users\anand\Desktop\fundoo-Notes\node_modules\regenerator-runtime\runtime.js:294:22)
    at Generator.next (C:\Users\anand\Desktop\fundoo-Notes\node_modules\regenerator-runtime\runtime.js:119:21)
    at asyncGeneratorStep (C:\Users\anand\Desktop\fundoo-Notes\node_modules\@babel\runtime\helpers\asyncToGenerator.js:3:24)
    at _next (C:\Users\anand\Desktop\fundoo-Notes\node_modules\@babel\runtime\helpers\asyncToGenerator.js:25:9)
    at processTicksAndRejections (node:internal/process/task_queues:96:5) 
    url - /api/v1/note 
    method - POST 
    IP - ::1
   {"timestamp":"2022-03-07T06:56:50.749Z"}
info: Server started at http://localhost:3000/api/v1/ {"timestamp":"2022-03-07T06:57:09.201Z"}
info: Connected to the database. {"timestamp":"2022-03-07T06:57:09.225Z"}
info: Server started at http://localhost:3000/api/v1/ {"timestamp":"2022-03-07T06:57:31.193Z"}
info: Connected to the database. {"timestamp":"2022-03-07T06:57:31.224Z"}
info: Server started at http://localhost:3000/api/v1/ {"timestamp":"2022-03-07T06:58:08.083Z"}
info: Connected to the database. {"timestamp":"2022-03-07T06:58:08.108Z"}
info: Server started at http://localhost:3000/api/v1/ {"timestamp":"2022-03-07T06:58:17.975Z"}
info: Connected to the database. {"timestamp":"2022-03-07T06:58:18.001Z"}
info: Server started at http://localhost:3000/api/v1/ {"timestamp":"2022-03-07T06:58:37.455Z"}
info: Connected to the database. {"timestamp":"2022-03-07T06:58:37.479Z"}
error: 
    status - 500 
    message - TypeError: _redis.default.del is not a function
    at _callee$ (C:\Users\anand\Desktop\fundoo-Notes\src\services\/note.service.js:11:22)
    at tryCatch (C:\Users\anand\Desktop\fundoo-Notes\node_modules\regenerator-runtime\runtime.js:63:40)
    at Generator.invoke [as _invoke] (C:\Users\anand\Desktop\fundoo-Notes\node_modules\regenerator-runtime\runtime.js:294:22)
    at Generator.next (C:\Users\anand\Desktop\fundoo-Notes\node_modules\regenerator-runtime\runtime.js:119:21)
    at asyncGeneratorStep (C:\Users\anand\Desktop\fundoo-Notes\node_modules\@babel\runtime\helpers\asyncToGenerator.js:3:24)
    at _next (C:\Users\anand\Desktop\fundoo-Notes\node_modules\@babel\runtime\helpers\asyncToGenerator.js:25:9)
    at processTicksAndRejections (node:internal/process/task_queues:96:5) 
    url - /api/v1/note 
    method - POST 
    IP - ::1
   {"timestamp":"2022-03-07T07:00:49.485Z"}
info: Server started at http://localhost:3000/api/v1/ {"timestamp":"2022-03-07T07:01:22.803Z"}
info: Connected to the database. {"timestamp":"2022-03-07T07:01:22.829Z"}
info: Server started at http://localhost:3000/api/v1/ {"timestamp":"2022-03-07T07:02:16.882Z"}
info: Connected to the database. {"timestamp":"2022-03-07T07:02:16.907Z"}
error: 
    status - 500 
    message - TypeError: _redis.default.del is not a function
    at _callee$ (C:\Users\anand\Desktop\fundoo-Notes\src\services\/note.service.js:11:22)
    at tryCatch (C:\Users\anand\Desktop\fundoo-Notes\node_modules\regenerator-runtime\runtime.js:63:40)
    at Generator.invoke [as _invoke] (C:\Users\anand\Desktop\fundoo-Notes\node_modules\regenerator-runtime\runtime.js:294:22)
    at Generator.next (C:\Users\anand\Desktop\fundoo-Notes\node_modules\regenerator-runtime\runtime.js:119:21)
    at asyncGeneratorStep (C:\Users\anand\Desktop\fundoo-Notes\node_modules\@babel\runtime\helpers\asyncToGenerator.js:3:24)
    at _next (C:\Users\anand\Desktop\fundoo-Notes\node_modules\@babel\runtime\helpers\asyncToGenerator.js:25:9)
    at processTicksAndRejections (node:internal/process/task_queues:96:5) 
    url - /api/v1/note 
    method - POST 
    IP - ::1
   {"timestamp":"2022-03-07T07:02:20.706Z"}
info: Server started at http://localhost:3000/api/v1/ {"timestamp":"2022-03-07T07:02:54.162Z"}
info: Connected to the database. {"timestamp":"2022-03-07T07:02:54.184Z"}
info: Server started at http://localhost:3000/api/v1/ {"timestamp":"2022-03-07T07:03:12.630Z"}
info: Connected to the database. {"timestamp":"2022-03-07T07:03:12.653Z"}
error: 
    status - 500 
    message - TypeError: _redis.default.del is not a function
    at _callee$ (C:\Users\anand\Desktop\fundoo-Notes\src\services\/note.service.js:11:22)
    at tryCatch (C:\Users\anand\Desktop\fundoo-Notes\node_modules\regenerator-runtime\runtime.js:63:40)
    at Generator.invoke [as _invoke] (C:\Users\anand\Desktop\fundoo-Notes\node_modules\regenerator-runtime\runtime.js:294:22)
    at Generator.next (C:\Users\anand\Desktop\fundoo-Notes\node_modules\regenerator-runtime\runtime.js:119:21)
    at asyncGeneratorStep (C:\Users\anand\Desktop\fundoo-Notes\node_modules\@babel\runtime\helpers\asyncToGenerator.js:3:24)
    at _next (C:\Users\anand\Desktop\fundoo-Notes\node_modules\@babel\runtime\helpers\asyncToGenerator.js:25:9)
    at processTicksAndRejections (node:internal/process/task_queues:96:5) 
    url - /api/v1/note 
    method - POST 
    IP - ::1
   {"timestamp":"2022-03-07T07:03:16.300Z"}
info: Server started at http://localhost:3000/api/v1/ {"timestamp":"2022-03-07T07:03:34.108Z"}
info: Connected to the database. {"timestamp":"2022-03-07T07:03:34.130Z"}
info: Server started at http://localhost:3000/api/v1/ {"timestamp":"2022-03-07T07:03:52.862Z"}
info: Connected to the database. {"timestamp":"2022-03-07T07:03:52.889Z"}
error: 
    status - 500 
    message - TypeError: _redis.default.del is not a function
    at _callee$ (C:\Users\anand\Desktop\fundoo-Notes\src\services\/note.service.js:11:22)
    at tryCatch (C:\Users\anand\Desktop\fundoo-Notes\node_modules\regenerator-runtime\runtime.js:63:40)
    at Generator.invoke [as _invoke] (C:\Users\anand\Desktop\fundoo-Notes\node_modules\regenerator-runtime\runtime.js:294:22)
    at Generator.next (C:\Users\anand\Desktop\fundoo-Notes\node_modules\regenerator-runtime\runtime.js:119:21)
    at asyncGeneratorStep (C:\Users\anand\Desktop\fundoo-Notes\node_modules\@babel\runtime\helpers\asyncToGenerator.js:3:24)
    at _next (C:\Users\anand\Desktop\fundoo-Notes\node_modules\@babel\runtime\helpers\asyncToGenerator.js:25:9)
    at processTicksAndRejections (node:internal/process/task_queues:96:5) 
    url - /api/v1/note 
    method - POST 
    IP - ::1
   {"timestamp":"2022-03-07T07:03:56.093Z"}
info: Server started at http://localhost:3000/api/v1/ {"timestamp":"2022-03-07T07:04:25.806Z"}
info: Connected to the database. {"timestamp":"2022-03-07T07:04:25.847Z"}
error: 
    status - 500 
    message - TypeError: _redis.default.del is not a function
    at _callee$ (C:\Users\anand\Desktop\fundoo-Notes\src\services\/note.service.js:11:22)
    at tryCatch (C:\Users\anand\Desktop\fundoo-Notes\node_modules\regenerator-runtime\runtime.js:63:40)
    at Generator.invoke [as _invoke] (C:\Users\anand\Desktop\fundoo-Notes\node_modules\regenerator-runtime\runtime.js:294:22)
    at Generator.next (C:\Users\anand\Desktop\fundoo-Notes\node_modules\regenerator-runtime\runtime.js:119:21)
    at asyncGeneratorStep (C:\Users\anand\Desktop\fundoo-Notes\node_modules\@babel\runtime\helpers\asyncToGenerator.js:3:24)
    at _next (C:\Users\anand\Desktop\fundoo-Notes\node_modules\@babel\runtime\helpers\asyncToGenerator.js:25:9)
    at processTicksAndRejections (node:internal/process/task_queues:96:5) 
    url - /api/v1/note 
    method - POST 
    IP - ::1
   {"timestamp":"2022-03-07T07:04:25.928Z"}
info: Server started at http://localhost:3000/api/v1/ {"timestamp":"2022-03-07T07:05:03.624Z"}
info: Connected to the database. {"timestamp":"2022-03-07T07:05:03.650Z"}
error: 
    status - 500 
    message - TypeError: _redis.default.del is not a function
    at _callee$ (C:\Users\anand\Desktop\fundoo-Notes\src\services\/note.service.js:11:22)
    at tryCatch (C:\Users\anand\Desktop\fundoo-Notes\node_modules\regenerator-runtime\runtime.js:63:40)
    at Generator.invoke [as _invoke] (C:\Users\anand\Desktop\fundoo-Notes\node_modules\regenerator-runtime\runtime.js:294:22)
    at Generator.next (C:\Users\anand\Desktop\fundoo-Notes\node_modules\regenerator-runtime\runtime.js:119:21)
    at asyncGeneratorStep (C:\Users\anand\Desktop\fundoo-Notes\node_modules\@babel\runtime\helpers\asyncToGenerator.js:3:24)
    at _next (C:\Users\anand\Desktop\fundoo-Notes\node_modules\@babel\runtime\helpers\asyncToGenerator.js:25:9)
    at processTicksAndRejections (node:internal/process/task_queues:96:5) 
    url - /api/v1/note 
    method - POST 
    IP - ::ffff:127.0.0.1
   {"timestamp":"2022-03-07T07:05:03.850Z"}
info: Server started at http://localhost:3000/api/v1/ {"timestamp":"2022-03-07T07:05:17.087Z"}
info: Connected to the database. {"timestamp":"2022-03-07T07:05:17.117Z"}
info: Server started at http://localhost:3000/api/v1/ {"timestamp":"2022-03-07T07:06:01.465Z"}
info: Connected to the database. {"timestamp":"2022-03-07T07:06:01.499Z"}
error: 
    status - 500 
    message - TypeError: _redis.default.del is not a function
    at _callee$ (C:\Users\anand\Desktop\fundoo-Notes\src\services\/note.service.js:11:22)
    at tryCatch (C:\Users\anand\Desktop\fundoo-Notes\node_modules\regenerator-runtime\runtime.js:63:40)
    at Generator.invoke [as _invoke] (C:\Users\anand\Desktop\fundoo-Notes\node_modules\regenerator-runtime\runtime.js:294:22)
    at Generator.next (C:\Users\anand\Desktop\fundoo-Notes\node_modules\regenerator-runtime\runtime.js:119:21)
    at asyncGeneratorStep (C:\Users\anand\Desktop\fundoo-Notes\node_modules\@babel\runtime\helpers\asyncToGenerator.js:3:24)
    at _next (C:\Users\anand\Desktop\fundoo-Notes\node_modules\@babel\runtime\helpers\asyncToGenerator.js:25:9)
    at processTicksAndRejections (node:internal/process/task_queues:96:5) 
    url - /api/v1/note 
    method - POST 
    IP - ::1
   {"timestamp":"2022-03-07T07:06:04.002Z"}
info: Server started at http://localhost:3000/api/v1/ {"timestamp":"2022-03-07T07:06:54.318Z"}
info: Connected to the database. {"timestamp":"2022-03-07T07:06:54.347Z"}
info: Server started at http://localhost:3000/api/v1/ {"timestamp":"2022-03-07T07:07:25.801Z"}
info: Connected to the database. {"timestamp":"2022-03-07T07:07:25.833Z"}
error: 
    status - 500 
    message - TypeError: _redis.default.del is not a function
    at _callee$ (C:\Users\anand\Desktop\fundoo-Notes\src\services\/note.service.js:12:22)
    at tryCatch (C:\Users\anand\Desktop\fundoo-Notes\node_modules\regenerator-runtime\runtime.js:63:40)
    at Generator.invoke [as _invoke] (C:\Users\anand\Desktop\fundoo-Notes\node_modules\regenerator-runtime\runtime.js:294:22)
    at Generator.next (C:\Users\anand\Desktop\fundoo-Notes\node_modules\regenerator-runtime\runtime.js:119:21)
    at asyncGeneratorStep (C:\Users\anand\Desktop\fundoo-Notes\node_modules\@babel\runtime\helpers\asyncToGenerator.js:3:24)
    at _next (C:\Users\anand\Desktop\fundoo-Notes\node_modules\@babel\runtime\helpers\asyncToGenerator.js:25:9)
    at processTicksAndRejections (node:internal/process/task_queues:96:5) 
    url - /api/v1/note 
    method - POST 
    IP - ::1
   {"timestamp":"2022-03-07T07:07:29.317Z"}
info: Server started at http://localhost:3000/api/v1/ {"timestamp":"2022-03-07T07:09:52.852Z"}
info: Connected to the database. {"timestamp":"2022-03-07T07:09:52.884Z"}
error: 
    status - 500 
    message - TypeError: _redis.default.delete is not a function
    at _callee$ (C:\Users\anand\Desktop\fundoo-Notes\src\services\/note.service.js:12:15)
    at tryCatch (C:\Users\anand\Desktop\fundoo-Notes\node_modules\regenerator-runtime\runtime.js:63:40)
    at Generator.invoke [as _invoke] (C:\Users\anand\Desktop\fundoo-Notes\node_modules\regenerator-runtime\runtime.js:294:22)
    at Generator.next (C:\Users\anand\Desktop\fundoo-Notes\node_modules\regenerator-runtime\runtime.js:119:21)
    at asyncGeneratorStep (C:\Users\anand\Desktop\fundoo-Notes\node_modules\@babel\runtime\helpers\asyncToGenerator.js:3:24)
    at _next (C:\Users\anand\Desktop\fundoo-Notes\node_modules\@babel\runtime\helpers\asyncToGenerator.js:25:9)
    at processTicksAndRejections (node:internal/process/task_queues:96:5) 
    url - /api/v1/note 
    method - POST 
    IP - ::1
   {"timestamp":"2022-03-07T07:09:58.350Z"}
info: Server started at http://localhost:3000/api/v1/ {"timestamp":"2022-03-07T07:10:08.740Z"}
info: Connected to the database. {"timestamp":"2022-03-07T07:10:08.774Z"}
info: Server started at http://localhost:3000/api/v1/ {"timestamp":"2022-03-07T07:12:02.538Z"}
info: Connected to the database. {"timestamp":"2022-03-07T07:12:02.575Z"}
error: 
    status - 500 
    message - Error: The client is closed
    at Commander._RedisClient_sendCommand (C:\Users\anand\Desktop\fundoo-Notes\node_modules\@node-redis\client\dist\lib\client\index.js:408:31)
    at Commander.commandsExecutor (C:\Users\anand\Desktop\fundoo-Notes\node_modules\@node-redis\client\dist\lib\client\index.js:166:154)
    at Commander.del (C:\Users\anand\Desktop\fundoo-Notes\node_modules\@node-redis\client\dist\lib\commander.js:8:29)
    at _callee$ (C:\Users\anand\Desktop\fundoo-Notes\src\services\/note.service.js:12:22)
    at tryCatch (C:\Users\anand\Desktop\fundoo-Notes\node_modules\regenerator-runtime\runtime.js:63:40)
    at Generator.invoke [as _invoke] (C:\Users\anand\Desktop\fundoo-Notes\node_modules\regenerator-runtime\runtime.js:294:22)
    at Generator.next (C:\Users\anand\Desktop\fundoo-Notes\node_modules\regenerator-runtime\runtime.js:119:21)
    at asyncGeneratorStep (C:\Users\anand\Desktop\fundoo-Notes\node_modules\@babel\runtime\helpers\asyncToGenerator.js:3:24)
    at _next (C:\Users\anand\Desktop\fundoo-Notes\node_modules\@babel\runtime\helpers\asyncToGenerator.js:25:9)
    at processTicksAndRejections (node:internal/process/task_queues:96:5) 
    url - /api/v1/note 
    method - POST 
    IP - ::1
   {"timestamp":"2022-03-07T07:12:18.035Z"}
info: Server started at http://localhost:3000/api/v1/ {"timestamp":"2022-03-07T07:14:31.734Z"}
info: Connected to the database. {"timestamp":"2022-03-07T07:14:31.782Z"}
info: Server started at http://localhost:3000/api/v1/ {"timestamp":"2022-03-07T07:15:05.450Z"}
info: Connected to the database. {"timestamp":"2022-03-07T07:15:05.492Z"}
info: Server started at http://localhost:3000/api/v1/ {"timestamp":"2022-03-07T07:19:09.841Z"}
info: Connected to the database. {"timestamp":"2022-03-07T07:19:09.885Z"}
info: Server started at http://localhost:3000/api/v1/ {"timestamp":"2022-03-07T07:24:05.050Z"}
info: Connected to the database. {"timestamp":"2022-03-07T07:24:05.078Z"}
info: Server started at http://localhost:3000/api/v1/ {"timestamp":"2022-03-07T07:24:35.559Z"}
info: Connected to the database. {"timestamp":"2022-03-07T07:24:35.586Z"}
info: Server started at http://localhost:3000/api/v1/ {"timestamp":"2022-03-07T07:56:05.216Z"}
info: Connected to the database. {"timestamp":"2022-03-07T07:56:05.240Z"}
info: Server started at http://localhost:3000/api/v1/ {"timestamp":"2022-03-07T07:56:51.905Z"}
info: Connected to the database. {"timestamp":"2022-03-07T07:56:51.941Z"}
info: Server started at http://localhost:3000/api/v1/ {"timestamp":"2022-03-07T07:57:23.336Z"}
info: Connected to the database. {"timestamp":"2022-03-07T07:57:23.360Z"}
info: Server started at http://localhost:3000/api/v1/ {"timestamp":"2022-03-07T07:57:52.596Z"}
info: Connected to the database. {"timestamp":"2022-03-07T07:57:52.620Z"}
info: Server started at http://localhost:3000/api/v1/ {"timestamp":"2022-03-07T07:58:31.831Z"}
info: Connected to the database. {"timestamp":"2022-03-07T07:58:31.856Z"}
info: Server started at http://localhost:3000/api/v1/ {"timestamp":"2022-03-07T07:59:04.761Z"}
info: Connected to the database. {"timestamp":"2022-03-07T07:59:04.783Z"}
info: Server started at http://localhost:3000/api/v1/ {"timestamp":"2022-03-07T08:00:12.089Z"}
info: Connected to the database. {"timestamp":"2022-03-07T08:00:12.129Z"}
info: Server started at http://localhost:3000/api/v1/ {"timestamp":"2022-03-07T08:01:24.982Z"}
info: Connected to the database. {"timestamp":"2022-03-07T08:01:25.006Z"}
info: Server started at http://localhost:3000/api/v1/ {"timestamp":"2022-03-07T08:01:49.545Z"}
info: Connected to the database. {"timestamp":"2022-03-07T08:01:49.569Z"}
info: Server started at http://localhost:3000/api/v1/ {"timestamp":"2022-03-07T08:05:27.638Z"}
info: Connected to the database. {"timestamp":"2022-03-07T08:05:27.739Z"}
info: Server started at http://localhost:3000/api/v1/ {"timestamp":"2022-03-07T08:06:31.918Z"}
info: Connected to the database. {"timestamp":"2022-03-07T08:06:31.941Z"}
info: Server started at http://localhost:3000/api/v1/ {"timestamp":"2022-03-07T08:07:43.218Z"}
info: Connected to the database. {"timestamp":"2022-03-07T08:07:43.244Z"}
info: Server started at http://localhost:3000/api/v1/ {"timestamp":"2022-03-07T09:58:05.838Z"}
info: Connected to the database. {"timestamp":"2022-03-07T09:58:05.867Z"}
info: Server started at http://localhost:3000/api/v1/ {"timestamp":"2022-03-07T10:03:29.435Z"}
info: Connected to the database. {"timestamp":"2022-03-07T10:03:29.458Z"}
info: Server started at http://localhost:3000/api/v1/ {"timestamp":"2022-03-07T10:07:22.714Z"}
info: Connected to the database. {"timestamp":"2022-03-07T10:07:22.754Z"}
info: Server started at http://localhost:3000/api/v1/ {"timestamp":"2022-03-07T10:07:29.297Z"}
info: Connected to the database. {"timestamp":"2022-03-07T10:07:29.324Z"}
info: Server started at http://localhost:3000/api/v1/ {"timestamp":"2022-03-07T10:35:03.708Z"}
info: Connected to the database. {"timestamp":"2022-03-07T10:35:03.748Z"}
info: Server started at http://localhost:3000/api/v1/ {"timestamp":"2022-03-07T10:35:10.986Z"}
info: Connected to the database. {"timestamp":"2022-03-07T10:35:11.019Z"}
info: Server started at http://localhost:3000/api/v1/ {"timestamp":"2022-03-07T10:52:14.074Z"}
info: Connected to the database. {"timestamp":"2022-03-07T10:52:14.100Z"}
info: Server started at http://localhost:3000/api/v1/ {"timestamp":"2022-03-07T10:53:00.238Z"}
info: Connected to the database. {"timestamp":"2022-03-07T10:53:00.264Z"}
info: Server started at http://localhost:3000/api/v1/ {"timestamp":"2022-03-07T10:53:15.788Z"}
info: Connected to the database. {"timestamp":"2022-03-07T10:53:15.809Z"}
info: Server started at http://localhost:3000/api/v1/ {"timestamp":"2022-03-07T11:00:28.006Z"}
info: Connected to the database. {"timestamp":"2022-03-07T11:00:28.037Z"}
info: Server started at http://localhost:3000/api/v1/ {"timestamp":"2022-03-07T11:00:49.302Z"}
info: Connected to the database. {"timestamp":"2022-03-07T11:00:49.332Z"}
info: Server started at http://localhost:3000/api/v1/ {"timestamp":"2022-03-07T11:01:48.804Z"}
info: Connected to the database. {"timestamp":"2022-03-07T11:01:48.840Z"}
info: Server started at http://localhost:3000/api/v1/ {"timestamp":"2022-03-07T11:03:34.515Z"}
info: Connected to the database. {"timestamp":"2022-03-07T11:03:34.537Z"}
info: Server started at http://localhost:3000/api/v1/ {"timestamp":"2022-03-07T11:04:52.516Z"}
info: Connected to the database. {"timestamp":"2022-03-07T11:04:52.640Z"}
info: Server started at http://localhost:3000/api/v1/ {"timestamp":"2022-03-07T11:05:24.368Z"}
info: Connected to the database. {"timestamp":"2022-03-07T11:05:24.415Z"}
info: Server started at http://localhost:3000/api/v1/ {"timestamp":"2022-03-07T11:07:01.322Z"}
info: Connected to the database. {"timestamp":"2022-03-07T11:07:01.355Z"}
error: 
      status - 11000
      message - E11000 duplicate key error collection: TEST_DATABASE.users index: emailID_1 dup key: { emailID: "anandubale11@gmail.com" } 
      url - /api/v1/users/register 
      method - POST 
      IP - ::ffff:127.0.0.1
     {"timestamp":"2022-03-07T11:07:01.707Z"}
error: 
    status - 500 
    message - RangeError: Invalid status code: 11000
    at new NodeError (node:internal/errors:371:5)
    at ServerResponse.writeHead (node:_http_server:274:11)
    at ServerResponse.writeHead (C:\Users\anand\Desktop\fundoo-Notes\node_modules\on-headers\index.js:44:26)
    at ServerResponse._implicitHeader (node:_http_server:265:8)
    at write_ (node:_http_outgoing:766:9)
    at ServerResponse.end (node:_http_outgoing:855:5)
    at ServerResponse.send (C:\Users\anand\Desktop\fundoo-Notes\node_modules\express\lib\response.js:221:10)
    at ServerResponse.json (C:\Users\anand\Desktop\fundoo-Notes\node_modules\express\lib\response.js:267:15)
    at appErrorHandler (C:\Users\anand\Desktop\fundoo-Notes\src\middlewares\/error.middleware.js:36:26)
    at Layer.handle_error (C:\Users\anand\Desktop\fundoo-Notes\node_modules\express\lib\router\layer.js:71:5)
    at trim_prefix (C:\Users\anand\Desktop\fundoo-Notes\node_modules\express\lib\router\index.js:321:13)
    at C:\Users\anand\Desktop\fundoo-Notes\node_modules\express\lib\router\index.js:284:7
    at Function.process_params (C:\Users\anand\Desktop\fundoo-Notes\node_modules\express\lib\router\index.js:341:12)
    at next (C:\Users\anand\Desktop\fundoo-Notes\node_modules\express\lib\router\index.js:275:10)
    at C:\Users\anand\Desktop\fundoo-Notes\node_modules\express\lib\router\index.js:641:15
    at next (C:\Users\anand\Desktop\fundoo-Notes\node_modules\express\lib\router\index.js:260:14)
    at C:\Users\anand\Desktop\fundoo-Notes\node_modules\express\lib\router\index.js:641:15
    at next (C:\Users\anand\Desktop\fundoo-Notes\node_modules\express\lib\router\index.js:260:14)
    at next (C:\Users\anand\Desktop\fundoo-Notes\node_modules\express\lib\router\route.js:127:14)
    at _callee2$ (C:\Users\anand\Desktop\fundoo-Notes\src\controllers\/user.controller.js:38:5)
    at tryCatch (C:\Users\anand\Desktop\fundoo-Notes\node_modules\regenerator-runtime\runtime.js:63:40)
    at Generator.invoke [as _invoke] (C:\Users\anand\Desktop\fundoo-Notes\node_modules\regenerator-runtime\runtime.js:294:22)
    at Generator.throw (C:\Users\anand\Desktop\fundoo-Notes\node_modules\regenerator-runtime\runtime.js:119:21)
    at asyncGeneratorStep (C:\Users\anand\Desktop\fundoo-Notes\node_modules\@babel\runtime\helpers\asyncToGenerator.js:3:24)
    at _throw (C:\Users\anand\Desktop\fundoo-Notes\node_modules\@babel\runtime\helpers\asyncToGenerator.js:29:9)
    at processTicksAndRejections (node:internal/process/task_queues:96:5) 
    url - /api/v1/users/register 
    method - POST 
    IP - ::ffff:127.0.0.1
   {"timestamp":"2022-03-07T11:07:01.743Z"}
error: 
    status - 500 
    message - Error: error() must return an Error object
    at new module.exports (C:\Users\anand\Desktop\fundoo-Notes\node_modules\@hapi\hoek\lib\error.js:23:19)
    at module.exports (C:\Users\anand\Desktop\fundoo-Notes\node_modules\@hapi\hoek\lib\assert.js:20:11)
    at Object.internals.finalize (C:\Users\anand\Desktop\fundoo-Notes\node_modules\@hapi\joi\lib\validator.js:467:17)
    at Object.internals.rules (C:\Users\anand\Desktop\fundoo-Notes\node_modules\@hapi\joi\lib\validator.js:395:34)
    at Object.exports.validate (C:\Users\anand\Desktop\fundoo-Notes\node_modules\@hapi\joi\lib\validator.js:339:22)
    at internals.Base.$_validate (C:\Users\anand\Desktop\fundoo-Notes\node_modules\@hapi\joi\lib\base.js:754:26)
    at Object.validate (C:\Users\anand\Desktop\fundoo-Notes\node_modules\@hapi\joi\lib\types\keys.js:107:45)
    at Object.exports.validate (C:\Users\anand\Desktop\fundoo-Notes\node_modules\@hapi\joi\lib\validator.js:314:26)
    at Object.internals.entry (C:\Users\anand\Desktop\fundoo-Notes\node_modules\@hapi\joi\lib\validator.js:132:28)
    at Object.exports.entry (C:\Users\anand\Desktop\fundoo-Notes\node_modules\@hapi\joi\lib\validator.js:26:30)
    at internals.Base.validate (C:\Users\anand\Desktop\fundoo-Notes\node_modules\@hapi\joi\lib\base.js:534:26)
    at newUserValidator (C:\Users\anand\Desktop\fundoo-Notes\src\validators\/user.validator.js:42:35)
    at Layer.handle [as handle_request] (C:\Users\anand\Desktop\fundoo-Notes\node_modules\express\lib\router\layer.js:95:5)
    at next (C:\Users\anand\Desktop\fundoo-Notes\node_modules\express\lib\router\route.js:137:13)
    at Route.dispatch (C:\Users\anand\Desktop\fundoo-Notes\node_modules\express\lib\router\route.js:112:3)
    at Layer.handle [as handle_request] (C:\Users\anand\Desktop\fundoo-Notes\node_modules\express\lib\router\layer.js:95:5)
    at C:\Users\anand\Desktop\fundoo-Notes\node_modules\express\lib\router\index.js:281:22
    at Function.process_params (C:\Users\anand\Desktop\fundoo-Notes\node_modules\express\lib\router\index.js:341:12)
    at next (C:\Users\anand\Desktop\fundoo-Notes\node_modules\express\lib\router\index.js:275:10)
    at Function.handle (C:\Users\anand\Desktop\fundoo-Notes\node_modules\express\lib\router\index.js:174:3)
    at router (C:\Users\anand\Desktop\fundoo-Notes\node_modules\express\lib\router\index.js:47:12)
    at Layer.handle [as handle_request] (C:\Users\anand\Desktop\fundoo-Notes\node_modules\express\lib\router\layer.js:95:5)
    at trim_prefix (C:\Users\anand\Desktop\fundoo-Notes\node_modules\express\lib\router\index.js:323:13)
    at C:\Users\anand\Desktop\fundoo-Notes\node_modules\express\lib\router\index.js:284:7
    at Function.process_params (C:\Users\anand\Desktop\fundoo-Notes\node_modules\express\lib\router\index.js:341:12)
    at next (C:\Users\anand\Desktop\fundoo-Notes\node_modules\express\lib\router\index.js:275:10)
    at Function.handle (C:\Users\anand\Desktop\fundoo-Notes\node_modules\express\lib\router\index.js:174:3)
    at router (C:\Users\anand\Desktop\fundoo-Notes\node_modules\express\lib\router\index.js:47:12)
    at Layer.handle [as handle_request] (C:\Users\anand\Desktop\fundoo-Notes\node_modules\express\lib\router\layer.js:95:5)
    at trim_prefix (C:\Users\anand\Desktop\fundoo-Notes\node_modules\express\lib\router\index.js:323:13)
    at C:\Users\anand\Desktop\fundoo-Notes\node_modules\express\lib\router\index.js:284:7
    at Function.process_params (C:\Users\anand\Desktop\fundoo-Notes\node_modules\express\lib\router\index.js:341:12)
    at next (C:\Users\anand\Desktop\fundoo-Notes\node_modules\express\lib\router\index.js:275:10)
    at logger (C:\Users\anand\Desktop\fundoo-Notes\node_modules\morgan\index.js:144:5)
    at Layer.handle [as handle_request] (C:\Users\anand\Desktop\fundoo-Notes\node_modules\express\lib\router\layer.js:95:5)
    at trim_prefix (C:\Users\anand\Desktop\fundoo-Notes\node_modules\express\lib\router\index.js:323:13)
    at C:\Users\anand\Desktop\fundoo-Notes\node_modules\express\lib\router\index.js:284:7
    at Function.process_params (C:\Users\anand\Desktop\fundoo-Notes\node_modules\express\lib\router\index.js:341:12)
    at next (C:\Users\anand\Desktop\fundoo-Notes\node_modules\express\lib\router\index.js:275:10)
    at C:\Users\anand\Desktop\fundoo-Notes\node_modules\body-parser\lib\read.js:130:5
    at invokeCallback (C:\Users\anand\Desktop\fundoo-Notes\node_modules\raw-body\index.js:224:16)
    at done (C:\Users\anand\Desktop\fundoo-Notes\node_modules\raw-body\index.js:213:7)
    at IncomingMessage.onEnd (C:\Users\anand\Desktop\fundoo-Notes\node_modules\raw-body\index.js:273:7)
    at IncomingMessage.emit (node:events:402:35)
    at endReadableNT (node:internal/streams/readable:1343:12)
    at processTicksAndRejections (node:internal/process/task_queues:83:21) 
    url - /api/v1/users/register 
    method - POST 
    IP - ::ffff:127.0.0.1
   {"timestamp":"2022-03-07T11:07:03.056Z"}
info: Server started at http://localhost:3000/api/v1/ {"timestamp":"2022-03-07T11:09:14.301Z"}
info: Connected to the database. {"timestamp":"2022-03-07T11:09:14.332Z"}
error: 
    status - 500 
    message - Error: error() must return an Error object
    at new module.exports (C:\Users\anand\Desktop\fundoo-Notes\node_modules\@hapi\hoek\lib\error.js:23:19)
    at module.exports (C:\Users\anand\Desktop\fundoo-Notes\node_modules\@hapi\hoek\lib\assert.js:20:11)
    at Object.internals.finalize (C:\Users\anand\Desktop\fundoo-Notes\node_modules\@hapi\joi\lib\validator.js:467:17)
    at Object.internals.rules (C:\Users\anand\Desktop\fundoo-Notes\node_modules\@hapi\joi\lib\validator.js:395:34)
    at Object.exports.validate (C:\Users\anand\Desktop\fundoo-Notes\node_modules\@hapi\joi\lib\validator.js:339:22)
    at internals.Base.$_validate (C:\Users\anand\Desktop\fundoo-Notes\node_modules\@hapi\joi\lib\base.js:754:26)
    at Object.validate (C:\Users\anand\Desktop\fundoo-Notes\node_modules\@hapi\joi\lib\types\keys.js:107:45)
    at Object.exports.validate (C:\Users\anand\Desktop\fundoo-Notes\node_modules\@hapi\joi\lib\validator.js:314:26)
    at Object.internals.entry (C:\Users\anand\Desktop\fundoo-Notes\node_modules\@hapi\joi\lib\validator.js:132:28)
    at Object.exports.entry (C:\Users\anand\Desktop\fundoo-Notes\node_modules\@hapi\joi\lib\validator.js:26:30)
    at internals.Base.validate (C:\Users\anand\Desktop\fundoo-Notes\node_modules\@hapi\joi\lib\base.js:534:26)
    at newUserValidator (C:\Users\anand\Desktop\fundoo-Notes\src\validators\/user.validator.js:42:35)
    at Layer.handle [as handle_request] (C:\Users\anand\Desktop\fundoo-Notes\node_modules\express\lib\router\layer.js:95:5)
    at next (C:\Users\anand\Desktop\fundoo-Notes\node_modules\express\lib\router\route.js:137:13)
    at Route.dispatch (C:\Users\anand\Desktop\fundoo-Notes\node_modules\express\lib\router\route.js:112:3)
    at Layer.handle [as handle_request] (C:\Users\anand\Desktop\fundoo-Notes\node_modules\express\lib\router\layer.js:95:5)
    at C:\Users\anand\Desktop\fundoo-Notes\node_modules\express\lib\router\index.js:281:22
    at Function.process_params (C:\Users\anand\Desktop\fundoo-Notes\node_modules\express\lib\router\index.js:341:12)
    at next (C:\Users\anand\Desktop\fundoo-Notes\node_modules\express\lib\router\index.js:275:10)
    at Function.handle (C:\Users\anand\Desktop\fundoo-Notes\node_modules\express\lib\router\index.js:174:3)
    at router (C:\Users\anand\Desktop\fundoo-Notes\node_modules\express\lib\router\index.js:47:12)
    at Layer.handle [as handle_request] (C:\Users\anand\Desktop\fundoo-Notes\node_modules\express\lib\router\layer.js:95:5)
    at trim_prefix (C:\Users\anand\Desktop\fundoo-Notes\node_modules\express\lib\router\index.js:323:13)
    at C:\Users\anand\Desktop\fundoo-Notes\node_modules\express\lib\router\index.js:284:7
    at Function.process_params (C:\Users\anand\Desktop\fundoo-Notes\node_modules\express\lib\router\index.js:341:12)
    at next (C:\Users\anand\Desktop\fundoo-Notes\node_modules\express\lib\router\index.js:275:10)
    at Function.handle (C:\Users\anand\Desktop\fundoo-Notes\node_modules\express\lib\router\index.js:174:3)
    at router (C:\Users\anand\Desktop\fundoo-Notes\node_modules\express\lib\router\index.js:47:12)
    at Layer.handle [as handle_request] (C:\Users\anand\Desktop\fundoo-Notes\node_modules\express\lib\router\layer.js:95:5)
    at trim_prefix (C:\Users\anand\Desktop\fundoo-Notes\node_modules\express\lib\router\index.js:323:13)
    at C:\Users\anand\Desktop\fundoo-Notes\node_modules\express\lib\router\index.js:284:7
    at Function.process_params (C:\Users\anand\Desktop\fundoo-Notes\node_modules\express\lib\router\index.js:341:12)
    at next (C:\Users\anand\Desktop\fundoo-Notes\node_modules\express\lib\router\index.js:275:10)
    at logger (C:\Users\anand\Desktop\fundoo-Notes\node_modules\morgan\index.js:144:5)
    at Layer.handle [as handle_request] (C:\Users\anand\Desktop\fundoo-Notes\node_modules\express\lib\router\layer.js:95:5)
    at trim_prefix (C:\Users\anand\Desktop\fundoo-Notes\node_modules\express\lib\router\index.js:323:13)
    at C:\Users\anand\Desktop\fundoo-Notes\node_modules\express\lib\router\index.js:284:7
    at Function.process_params (C:\Users\anand\Desktop\fundoo-Notes\node_modules\express\lib\router\index.js:341:12)
    at next (C:\Users\anand\Desktop\fundoo-Notes\node_modules\express\lib\router\index.js:275:10)
    at C:\Users\anand\Desktop\fundoo-Notes\node_modules\body-parser\lib\read.js:130:5
    at invokeCallback (C:\Users\anand\Desktop\fundoo-Notes\node_modules\raw-body\index.js:224:16)
    at done (C:\Users\anand\Desktop\fundoo-Notes\node_modules\raw-body\index.js:213:7)
    at IncomingMessage.onEnd (C:\Users\anand\Desktop\fundoo-Notes\node_modules\raw-body\index.js:273:7)
    at IncomingMessage.emit (node:events:402:35)
    at endReadableNT (node:internal/streams/readable:1343:12)
    at processTicksAndRejections (node:internal/process/task_queues:83:21) 
    url - /api/v1/users/register 
    method - POST 
    IP - ::ffff:127.0.0.1
   {"timestamp":"2022-03-07T11:09:14.481Z"}
info: Server started at http://localhost:3000/api/v1/ {"timestamp":"2022-03-07T11:15:10.225Z"}
info: Connected to the database. {"timestamp":"2022-03-07T11:15:10.255Z"}
error: 
    status - 500 
    message - Error: error() must return an Error object
    at new module.exports (C:\Users\anand\Desktop\fundoo-Notes\node_modules\@hapi\hoek\lib\error.js:23:19)
    at module.exports (C:\Users\anand\Desktop\fundoo-Notes\node_modules\@hapi\hoek\lib\assert.js:20:11)
    at Object.internals.finalize (C:\Users\anand\Desktop\fundoo-Notes\node_modules\@hapi\joi\lib\validator.js:467:17)
    at Object.internals.rules (C:\Users\anand\Desktop\fundoo-Notes\node_modules\@hapi\joi\lib\validator.js:395:34)
    at Object.exports.validate (C:\Users\anand\Desktop\fundoo-Notes\node_modules\@hapi\joi\lib\validator.js:339:22)
    at internals.Base.$_validate (C:\Users\anand\Desktop\fundoo-Notes\node_modules\@hapi\joi\lib\base.js:754:26)
    at Object.validate (C:\Users\anand\Desktop\fundoo-Notes\node_modules\@hapi\joi\lib\types\keys.js:107:45)
    at Object.exports.validate (C:\Users\anand\Desktop\fundoo-Notes\node_modules\@hapi\joi\lib\validator.js:314:26)
    at Object.internals.entry (C:\Users\anand\Desktop\fundoo-Notes\node_modules\@hapi\joi\lib\validator.js:132:28)
    at Object.exports.entry (C:\Users\anand\Desktop\fundoo-Notes\node_modules\@hapi\joi\lib\validator.js:26:30)
    at internals.Base.validate (C:\Users\anand\Desktop\fundoo-Notes\node_modules\@hapi\joi\lib\base.js:534:26)
    at newUserValidator (C:\Users\anand\Desktop\fundoo-Notes\src\validators\/user.validator.js:42:35)
    at Layer.handle [as handle_request] (C:\Users\anand\Desktop\fundoo-Notes\node_modules\express\lib\router\layer.js:95:5)
    at next (C:\Users\anand\Desktop\fundoo-Notes\node_modules\express\lib\router\route.js:137:13)
    at Route.dispatch (C:\Users\anand\Desktop\fundoo-Notes\node_modules\express\lib\router\route.js:112:3)
    at Layer.handle [as handle_request] (C:\Users\anand\Desktop\fundoo-Notes\node_modules\express\lib\router\layer.js:95:5)
    at C:\Users\anand\Desktop\fundoo-Notes\node_modules\express\lib\router\index.js:281:22
    at Function.process_params (C:\Users\anand\Desktop\fundoo-Notes\node_modules\express\lib\router\index.js:341:12)
    at next (C:\Users\anand\Desktop\fundoo-Notes\node_modules\express\lib\router\index.js:275:10)
    at Function.handle (C:\Users\anand\Desktop\fundoo-Notes\node_modules\express\lib\router\index.js:174:3)
    at router (C:\Users\anand\Desktop\fundoo-Notes\node_modules\express\lib\router\index.js:47:12)
    at Layer.handle [as handle_request] (C:\Users\anand\Desktop\fundoo-Notes\node_modules\express\lib\router\layer.js:95:5)
    at trim_prefix (C:\Users\anand\Desktop\fundoo-Notes\node_modules\express\lib\router\index.js:323:13)
    at C:\Users\anand\Desktop\fundoo-Notes\node_modules\express\lib\router\index.js:284:7
    at Function.process_params (C:\Users\anand\Desktop\fundoo-Notes\node_modules\express\lib\router\index.js:341:12)
    at next (C:\Users\anand\Desktop\fundoo-Notes\node_modules\express\lib\router\index.js:275:10)
    at Function.handle (C:\Users\anand\Desktop\fundoo-Notes\node_modules\express\lib\router\index.js:174:3)
    at router (C:\Users\anand\Desktop\fundoo-Notes\node_modules\express\lib\router\index.js:47:12)
    at Layer.handle [as handle_request] (C:\Users\anand\Desktop\fundoo-Notes\node_modules\express\lib\router\layer.js:95:5)
    at trim_prefix (C:\Users\anand\Desktop\fundoo-Notes\node_modules\express\lib\router\index.js:323:13)
    at C:\Users\anand\Desktop\fundoo-Notes\node_modules\express\lib\router\index.js:284:7
    at Function.process_params (C:\Users\anand\Desktop\fundoo-Notes\node_modules\express\lib\router\index.js:341:12)
    at next (C:\Users\anand\Desktop\fundoo-Notes\node_modules\express\lib\router\index.js:275:10)
    at logger (C:\Users\anand\Desktop\fundoo-Notes\node_modules\morgan\index.js:144:5)
    at Layer.handle [as handle_request] (C:\Users\anand\Desktop\fundoo-Notes\node_modules\express\lib\router\layer.js:95:5)
    at trim_prefix (C:\Users\anand\Desktop\fundoo-Notes\node_modules\express\lib\router\index.js:323:13)
    at C:\Users\anand\Desktop\fundoo-Notes\node_modules\express\lib\router\index.js:284:7
    at Function.process_params (C:\Users\anand\Desktop\fundoo-Notes\node_modules\express\lib\router\index.js:341:12)
    at next (C:\Users\anand\Desktop\fundoo-Notes\node_modules\express\lib\router\index.js:275:10)
    at C:\Users\anand\Desktop\fundoo-Notes\node_modules\body-parser\lib\read.js:130:5
    at invokeCallback (C:\Users\anand\Desktop\fundoo-Notes\node_modules\raw-body\index.js:224:16)
    at done (C:\Users\anand\Desktop\fundoo-Notes\node_modules\raw-body\index.js:213:7)
    at IncomingMessage.onEnd (C:\Users\anand\Desktop\fundoo-Notes\node_modules\raw-body\index.js:273:7)
    at IncomingMessage.emit (node:events:402:35)
    at endReadableNT (node:internal/streams/readable:1343:12)
    at processTicksAndRejections (node:internal/process/task_queues:83:21) 
    url - /api/v1/users/register 
    method - POST 
    IP - ::ffff:127.0.0.1
   {"timestamp":"2022-03-07T11:15:10.404Z"}
info: Server started at http://localhost:3000/api/v1/ {"timestamp":"2022-03-07T11:53:12.224Z"}
info: Connected to the database. {"timestamp":"2022-03-07T11:53:12.295Z"}
error: 
    status - 500 
    message - Error: User is not Registered
    at _callee3$ (C:\Users\anand\Desktop\fundoo-Notes\src\services\/user.service.js:40:9)
    at tryCatch (C:\Users\anand\Desktop\fundoo-Notes\node_modules\regenerator-runtime\runtime.js:63:40)
    at Generator.invoke [as _invoke] (C:\Users\anand\Desktop\fundoo-Notes\node_modules\regenerator-runtime\runtime.js:294:22)
    at Generator.next (C:\Users\anand\Desktop\fundoo-Notes\node_modules\regenerator-runtime\runtime.js:119:21)
    at asyncGeneratorStep (C:\Users\anand\Desktop\fundoo-Notes\node_modules\@babel\runtime\helpers\asyncToGenerator.js:3:24)
    at _next (C:\Users\anand\Desktop\fundoo-Notes\node_modules\@babel\runtime\helpers\asyncToGenerator.js:25:9)
    at processTicksAndRejections (node:internal/process/task_queues:96:5) 
    url - /api/v1/users/login 
    method - POST 
    IP - ::1
   {"timestamp":"2022-03-07T11:54:43.396Z"}
info: Server started at http://localhost:3000/api/v1/ {"timestamp":"2022-03-07T11:57:27.403Z"}
info: Connected to the database. {"timestamp":"2022-03-07T11:57:27.436Z"}
info: Server started at http://localhost:3000/api/v1/ {"timestamp":"2022-03-07T11:57:58.922Z"}
info: Connected to the database. {"timestamp":"2022-03-07T11:57:58.957Z"}
error: 
    status - 500 
    message - Error: The client is closed
    at Commander._RedisClient_sendCommand (C:\Users\anand\Desktop\fundoo-Notes\node_modules\@node-redis\client\dist\lib\client\index.js:408:31)
    at Commander.commandsExecutor (C:\Users\anand\Desktop\fundoo-Notes\node_modules\@node-redis\client\dist\lib\client\index.js:166:154)
    at Commander.del (C:\Users\anand\Desktop\fundoo-Notes\node_modules\@node-redis\client\dist\lib\commander.js:8:29)
    at _callee$ (C:\Users\anand\Desktop\fundoo-Notes\src\services\/note.service.js:12:22)
    at tryCatch (C:\Users\anand\Desktop\fundoo-Notes\node_modules\regenerator-runtime\runtime.js:63:40)
    at Generator.invoke [as _invoke] (C:\Users\anand\Desktop\fundoo-Notes\node_modules\regenerator-runtime\runtime.js:294:22)
    at Generator.next (C:\Users\anand\Desktop\fundoo-Notes\node_modules\regenerator-runtime\runtime.js:119:21)
    at asyncGeneratorStep (C:\Users\anand\Desktop\fundoo-Notes\node_modules\@babel\runtime\helpers\asyncToGenerator.js:3:24)
    at _next (C:\Users\anand\Desktop\fundoo-Notes\node_modules\@babel\runtime\helpers\asyncToGenerator.js:25:9)
    at processTicksAndRejections (node:internal/process/task_queues:96:5) 
    url - /api/v1/note 
    method - POST 
    IP - ::1
   {"timestamp":"2022-03-07T11:59:06.963Z"}
info: Server started at http://localhost:3000/api/v1/ {"timestamp":"2022-03-07T11:59:52.344Z"}
info: Connected to the database. {"timestamp":"2022-03-07T11:59:52.381Z"}
info: Server started at http://localhost:3000/api/v1/ {"timestamp":"2022-03-07T12:01:57.574Z"}
info: Connected to the database. {"timestamp":"2022-03-07T12:01:57.600Z"}
info: Server started at http://localhost:3000/api/v1/ {"timestamp":"2022-03-07T12:03:35.817Z"}
info: Connected to the database. {"timestamp":"2022-03-07T12:03:35.856Z"}
info: Server started at http://localhost:3000/api/v1/ {"timestamp":"2022-03-07T12:04:34.572Z"}
info: Connected to the database. {"timestamp":"2022-03-07T12:04:34.603Z"}
info: Server started at http://localhost:3000/api/v1/ {"timestamp":"2022-03-07T12:05:09.297Z"}
info: Connected to the database. {"timestamp":"2022-03-07T12:05:09.328Z"}
info: Server started at http://localhost:3000/api/v1/ {"timestamp":"2022-03-07T12:05:29.177Z"}
info: Connected to the database. {"timestamp":"2022-03-07T12:05:29.212Z"}
info: Server started at http://localhost:3000/api/v1/ {"timestamp":"2022-03-07T12:06:04.069Z"}
info: Connected to the database. {"timestamp":"2022-03-07T12:06:04.112Z"}
info: Server started at http://localhost:3000/api/v1/ {"timestamp":"2022-03-07T12:08:39.785Z"}
info: Connected to the database. {"timestamp":"2022-03-07T12:08:39.818Z"}
info: Server started at http://localhost:3000/api/v1/ {"timestamp":"2022-03-07T12:14:57.176Z"}
info: Connected to the database. {"timestamp":"2022-03-07T12:14:57.211Z"}
info: Server started at http://localhost:3000/api/v1/ {"timestamp":"2022-03-07T12:15:22.282Z"}
info: Connected to the database. {"timestamp":"2022-03-07T12:15:22.308Z"}
info: Server started at http://localhost:3000/api/v1/ {"timestamp":"2022-03-07T12:15:34.295Z"}
info: Connected to the database. {"timestamp":"2022-03-07T12:15:34.320Z"}
info: Server started at http://localhost:3000/api/v1/ {"timestamp":"2022-03-07T12:16:23.619Z"}
info: Connected to the database. {"timestamp":"2022-03-07T12:16:23.647Z"}
info: Server started at http://localhost:3000/api/v1/ {"timestamp":"2022-03-07T12:16:34.175Z"}
info: Connected to the database. {"timestamp":"2022-03-07T12:16:34.200Z"}
info: Server started at http://localhost:3000/api/v1/ {"timestamp":"2022-03-07T12:17:33.800Z"}
info: Connected to the database. {"timestamp":"2022-03-07T12:17:33.827Z"}
info: Server started at http://localhost:3000/api/v1/ {"timestamp":"2022-03-07T12:18:30.884Z"}
info: Connected to the database. {"timestamp":"2022-03-07T12:18:30.906Z"}
error: 
    status - 500 
    message - TypeError: Cannot read properties of undefined (reading 'Stringfy')
    at _callee2$ (C:\Users\anand\Desktop\fundoo-Notes\src\services\/note.service.js:28:42)
    at tryCatch (C:\Users\anand\Desktop\fundoo-Notes\node_modules\regenerator-runtime\runtime.js:63:40)
    at Generator.invoke [as _invoke] (C:\Users\anand\Desktop\fundoo-Notes\node_modules\regenerator-runtime\runtime.js:294:22)
    at Generator.next (C:\Users\anand\Desktop\fundoo-Notes\node_modules\regenerator-runtime\runtime.js:119:21)
    at asyncGeneratorStep (C:\Users\anand\Desktop\fundoo-Notes\node_modules\@babel\runtime\helpers\asyncToGenerator.js:3:24)
    at _next (C:\Users\anand\Desktop\fundoo-Notes\node_modules\@babel\runtime\helpers\asyncToGenerator.js:25:9)
    at processTicksAndRejections (node:internal/process/task_queues:96:5) 
    url - /api/v1/note 
    method - GET 
    IP - ::1
   {"timestamp":"2022-03-07T12:18:51.221Z"}
info: Server started at http://localhost:3000/api/v1/ {"timestamp":"2022-03-07T12:19:31.637Z"}
info: Connected to the database. {"timestamp":"2022-03-07T12:19:31.663Z"}
info: Server started at http://localhost:3000/api/v1/ {"timestamp":"2022-03-07T12:20:01.541Z"}
info: Connected to the database. {"timestamp":"2022-03-07T12:20:01.570Z"}
error: 
    status - 500 
    message - TypeError: Cannot read properties of undefined (reading 'stringify')
    at _callee2$ (C:\Users\anand\Desktop\fundoo-Notes\src\services\/note.service.js:28:42)
    at tryCatch (C:\Users\anand\Desktop\fundoo-Notes\node_modules\regenerator-runtime\runtime.js:63:40)
    at Generator.invoke [as _invoke] (C:\Users\anand\Desktop\fundoo-Notes\node_modules\regenerator-runtime\runtime.js:294:22)
    at Generator.next (C:\Users\anand\Desktop\fundoo-Notes\node_modules\regenerator-runtime\runtime.js:119:21)
    at asyncGeneratorStep (C:\Users\anand\Desktop\fundoo-Notes\node_modules\@babel\runtime\helpers\asyncToGenerator.js:3:24)
    at _next (C:\Users\anand\Desktop\fundoo-Notes\node_modules\@babel\runtime\helpers\asyncToGenerator.js:25:9)
    at processTicksAndRejections (node:internal/process/task_queues:96:5) 
    url - /api/v1/note 
    method - GET 
    IP - ::1
   {"timestamp":"2022-03-07T12:20:10.180Z"}
error: 
    status - 500 
    message - TypeError: Cannot read properties of undefined (reading 'stringify')
    at _callee2$ (C:\Users\anand\Desktop\fundoo-Notes\src\services\/note.service.js:28:42)
    at tryCatch (C:\Users\anand\Desktop\fundoo-Notes\node_modules\regenerator-runtime\runtime.js:63:40)
    at Generator.invoke [as _invoke] (C:\Users\anand\Desktop\fundoo-Notes\node_modules\regenerator-runtime\runtime.js:294:22)
    at Generator.next (C:\Users\anand\Desktop\fundoo-Notes\node_modules\regenerator-runtime\runtime.js:119:21)
    at asyncGeneratorStep (C:\Users\anand\Desktop\fundoo-Notes\node_modules\@babel\runtime\helpers\asyncToGenerator.js:3:24)
    at _next (C:\Users\anand\Desktop\fundoo-Notes\node_modules\@babel\runtime\helpers\asyncToGenerator.js:25:9)
    at processTicksAndRejections (node:internal/process/task_queues:96:5) 
    url - /api/v1/note 
    method - GET 
    IP - ::1
   {"timestamp":"2022-03-07T12:20:12.930Z"}
error: 
    status - 500 
    message - TypeError: Cannot read properties of undefined (reading 'stringify')
    at _callee2$ (C:\Users\anand\Desktop\fundoo-Notes\src\services\/note.service.js:28:42)
    at tryCatch (C:\Users\anand\Desktop\fundoo-Notes\node_modules\regenerator-runtime\runtime.js:63:40)
    at Generator.invoke [as _invoke] (C:\Users\anand\Desktop\fundoo-Notes\node_modules\regenerator-runtime\runtime.js:294:22)
    at Generator.next (C:\Users\anand\Desktop\fundoo-Notes\node_modules\regenerator-runtime\runtime.js:119:21)
    at asyncGeneratorStep (C:\Users\anand\Desktop\fundoo-Notes\node_modules\@babel\runtime\helpers\asyncToGenerator.js:3:24)
    at _next (C:\Users\anand\Desktop\fundoo-Notes\node_modules\@babel\runtime\helpers\asyncToGenerator.js:25:9)
    at processTicksAndRejections (node:internal/process/task_queues:96:5) 
    url - /api/v1/note 
    method - GET 
    IP - ::1
   {"timestamp":"2022-03-07T12:20:13.780Z"}
info: Server started at http://localhost:3000/api/v1/ {"timestamp":"2022-03-07T12:20:57.619Z"}
info: Connected to the database. {"timestamp":"2022-03-07T12:20:57.645Z"}
info: Server started at http://localhost:3000/api/v1/ {"timestamp":"2022-03-07T14:37:44.059Z"}
info: Connected to the database. {"timestamp":"2022-03-07T14:37:44.095Z"}
info: Server started at http://localhost:3000/api/v1/ {"timestamp":"2022-03-07T14:41:22.010Z"}
info: Connected to the database. {"timestamp":"2022-03-07T14:41:22.034Z"}
error: 
      status - 11000
      message - E11000 duplicate key error collection: user.users index: emailID_1 dup key: { emailID: "pratik@gmail.com" } 
      url - /api/v1/users/register 
      method - POST 
      IP - ::1
     {"timestamp":"2022-03-07T14:43:01.905Z"}
error: 
    status - 500 
    message - RangeError: Invalid status code: 11000
    at new NodeError (node:internal/errors:371:5)
    at ServerResponse.writeHead (node:_http_server:274:11)
    at ServerResponse.writeHead (C:\Users\anand\Desktop\fundoo-Notes\node_modules\on-headers\index.js:44:26)
    at ServerResponse._implicitHeader (node:_http_server:265:8)
    at write_ (node:_http_outgoing:766:9)
    at ServerResponse.end (node:_http_outgoing:855:5)
    at ServerResponse.send (C:\Users\anand\Desktop\fundoo-Notes\node_modules\express\lib\response.js:221:10)
    at ServerResponse.json (C:\Users\anand\Desktop\fundoo-Notes\node_modules\express\lib\response.js:267:15)
    at appErrorHandler (C:\Users\anand\Desktop\fundoo-Notes\src\middlewares\/error.middleware.js:36:26)
    at Layer.handle_error (C:\Users\anand\Desktop\fundoo-Notes\node_modules\express\lib\router\layer.js:71:5)
    at trim_prefix (C:\Users\anand\Desktop\fundoo-Notes\node_modules\express\lib\router\index.js:321:13)
    at C:\Users\anand\Desktop\fundoo-Notes\node_modules\express\lib\router\index.js:284:7
    at Function.process_params (C:\Users\anand\Desktop\fundoo-Notes\node_modules\express\lib\router\index.js:341:12)
    at next (C:\Users\anand\Desktop\fundoo-Notes\node_modules\express\lib\router\index.js:275:10)
    at C:\Users\anand\Desktop\fundoo-Notes\node_modules\express\lib\router\index.js:641:15
    at next (C:\Users\anand\Desktop\fundoo-Notes\node_modules\express\lib\router\index.js:260:14) 
    url - /api/v1/users/register 
    method - POST 
    IP - ::1
   {"timestamp":"2022-03-07T14:43:01.913Z"}
