info: Server started at http://localhost:3000/api/v1/ {"timestamp":"2022-03-09T02:41:41.919Z"}
info: Connected to the database. {"timestamp":"2022-03-09T02:41:42.172Z"}
info: Server started at http://localhost:3000/api/v1/ {"timestamp":"2022-03-09T02:42:26.385Z"}
info: Connected to the database. {"timestamp":"2022-03-09T02:42:26.418Z"}
info: Server started at http://localhost:3000/api/v1/ {"timestamp":"2022-03-09T02:43:28.786Z"}
info: Connected to the database. {"timestamp":"2022-03-09T02:43:28.823Z"}
info: Server started at http://localhost:3000/api/v1/ {"timestamp":"2022-03-09T02:43:51.596Z"}
info: Connected to the database. {"timestamp":"2022-03-09T02:43:51.640Z"}
info: Server started at http://localhost:3000/api/v1/ {"timestamp":"2022-03-09T02:44:38.320Z"}
info: Connected to the database. {"timestamp":"2022-03-09T02:44:38.398Z"}
info: Server started at http://localhost:3000/api/v1/ {"timestamp":"2022-03-09T02:45:57.335Z"}
info: Connected to the database. {"timestamp":"2022-03-09T02:45:57.390Z"}
info: Server started at http://localhost:3000/api/v1/ {"timestamp":"2022-03-09T02:46:11.781Z"}
info: Connected to the database. {"timestamp":"2022-03-09T02:46:11.849Z"}
info: Server started at http://localhost:3000/api/v1/ {"timestamp":"2022-03-09T02:50:14.067Z"}
info: Connected to the database. {"timestamp":"2022-03-09T02:50:14.120Z"}
error: 
      status - 11000
      message - E11000 duplicate key error collection: user.users index: emailID_1 dup key: { emailID: "haward4@gmail.com" } 
      url - /api/v1/users/register 
      method - POST 
      IP - ::1
     {"timestamp":"2022-03-09T02:50:21.322Z"}
error: 
    status - 500 
    message - RangeError: Invalid status code: 11000
    at new NodeError (node:internal/errors:371:5)
    at ServerResponse.writeHead (node:_http_server:274:11)
    at ServerResponse.writeHead (C:\Users\anand\Desktop\fundoo-Notes\node_modules\on-headers\index.js:44:26)
    at ServerResponse._implicitHeader (node:_http_server:265:8)
    at write_ (node:_http_outgoing:766:9)
    at ServerResponse.end (node:_http_outgoing:855:5)
    at ServerResponse.send (C:\Users\anand\Desktop\fundoo-Notes\node_modules\express\lib\response.js:221:10)
    at ServerResponse.json (C:\Users\anand\Desktop\fundoo-Notes\node_modules\express\lib\response.js:267:15)
    at appErrorHandler (C:\Users\anand\Desktop\fundoo-Notes\src\middlewares\/error.middleware.js:36:26)
    at Layer.handle_error (C:\Users\anand\Desktop\fundoo-Notes\node_modules\express\lib\router\layer.js:71:5)
    at trim_prefix (C:\Users\anand\Desktop\fundoo-Notes\node_modules\express\lib\router\index.js:321:13)
    at C:\Users\anand\Desktop\fundoo-Notes\node_modules\express\lib\router\index.js:284:7
    at Function.process_params (C:\Users\anand\Desktop\fundoo-Notes\node_modules\express\lib\router\index.js:341:12)
    at next (C:\Users\anand\Desktop\fundoo-Notes\node_modules\express\lib\router\index.js:275:10)
    at C:\Users\anand\Desktop\fundoo-Notes\node_modules\express\lib\router\index.js:641:15
    at next (C:\Users\anand\Desktop\fundoo-Notes\node_modules\express\lib\router\index.js:260:14)
    at C:\Users\anand\Desktop\fundoo-Notes\node_modules\express\lib\router\index.js:641:15
    at next (C:\Users\anand\Desktop\fundoo-Notes\node_modules\express\lib\router\index.js:260:14)
    at next (C:\Users\anand\Desktop\fundoo-Notes\node_modules\express\lib\router\route.js:127:14)
    at _callee2$ (C:\Users\anand\Desktop\fundoo-Notes\src\controllers\/user.controller.js:38:5)
    at tryCatch (C:\Users\anand\Desktop\fundoo-Notes\node_modules\regenerator-runtime\runtime.js:63:40)
    at Generator.invoke [as _invoke] (C:\Users\anand\Desktop\fundoo-Notes\node_modules\regenerator-runtime\runtime.js:294:22) 
    url - /api/v1/users/register 
    method - POST 
    IP - ::1
   {"timestamp":"2022-03-09T02:50:21.384Z"}
info: Server started at http://localhost:3000/api/v1/ {"timestamp":"2022-03-09T02:55:35.391Z"}
info: Connected to the database. {"timestamp":"2022-03-09T02:55:35.426Z"}
info: Server started at http://localhost:3000/api/v1/ {"timestamp":"2022-03-09T02:56:44.037Z"}
info: Connected to the database. {"timestamp":"2022-03-09T02:56:44.081Z"}
info: Server started at http://localhost:3000/api/v1/ {"timestamp":"2022-03-09T02:59:50.524Z"}
info: Connected to the database. {"timestamp":"2022-03-09T02:59:50.662Z"}
info: Server started at http://localhost:3000/api/v1/ {"timestamp":"2022-03-09T03:00:29.286Z"}
info: Connected to the database. {"timestamp":"2022-03-09T03:00:29.326Z"}
info: Server started at http://localhost:3000/api/v1/ {"timestamp":"2022-03-09T03:00:49.521Z"}
info: Connected to the database. {"timestamp":"2022-03-09T03:00:49.556Z"}
info: Server started at http://localhost:3000/api/v1/ {"timestamp":"2022-03-09T03:00:59.262Z"}
info: Connected to the database. {"timestamp":"2022-03-09T03:00:59.304Z"}
info: Server started at http://localhost:3000/api/v1/ {"timestamp":"2022-03-09T03:01:30.922Z"}
info: Connected to the database. {"timestamp":"2022-03-09T03:01:30.986Z"}
info: Server started at http://localhost:3000/api/v1/ {"timestamp":"2022-03-09T03:01:57.662Z"}
info: Connected to the database. {"timestamp":"2022-03-09T03:01:57.698Z"}
error: 
    status - 500 
    message - ObjectParameterError: Parameter "filter" to findOne() must be an object, got haward5@gmail.com
    at model.Query.Query.findOne (C:\Users\anand\Desktop\fundoo-Notes\node_modules\mongoose\lib\query.js:2321:16)
    at Function.findOne (C:\Users\anand\Desktop\fundoo-Notes\node_modules\mongoose\lib\model.js:2267:13)
    at _callee2$ (C:\Users\anand\Desktop\fundoo-Notes\src\services\/user.service.js:27:37)
    at tryCatch (C:\Users\anand\Desktop\fundoo-Notes\node_modules\regenerator-runtime\runtime.js:63:40)
    at Generator.invoke [as _invoke] (C:\Users\anand\Desktop\fundoo-Notes\node_modules\regenerator-runtime\runtime.js:294:22)
    at Generator.next (C:\Users\anand\Desktop\fundoo-Notes\node_modules\regenerator-runtime\runtime.js:119:21)
    at asyncGeneratorStep (C:\Users\anand\Desktop\fundoo-Notes\node_modules\@babel\runtime\helpers\asyncToGenerator.js:3:24)
    at _next (C:\Users\anand\Desktop\fundoo-Notes\node_modules\@babel\runtime\helpers\asyncToGenerator.js:25:9)
    at C:\Users\anand\Desktop\fundoo-Notes\node_modules\@babel\runtime\helpers\asyncToGenerator.js:32:7
    at new Promise (<anonymous>)
    at Object.<anonymous> (C:\Users\anand\Desktop\fundoo-Notes\node_modules\@babel\runtime\helpers\asyncToGenerator.js:21:12)
    at Object.userRegistration (C:\Users\anand\Desktop\fundoo-Notes\src\services\/user.service.js:22:30)
    at _callee2$ (C:\Users\anand\Desktop\fundoo-Notes\src\controllers\/user.controller.js:31:36)
    at tryCatch (C:\Users\anand\Desktop\fundoo-Notes\node_modules\regenerator-runtime\runtime.js:63:40)
    at Generator.invoke [as _invoke] (C:\Users\anand\Desktop\fundoo-Notes\node_modules\regenerator-runtime\runtime.js:294:22)
    at Generator.next (C:\Users\anand\Desktop\fundoo-Notes\node_modules\regenerator-runtime\runtime.js:119:21)
    at asyncGeneratorStep (C:\Users\anand\Desktop\fundoo-Notes\node_modules\@babel\runtime\helpers\asyncToGenerator.js:3:24)
    at _next (C:\Users\anand\Desktop\fundoo-Notes\node_modules\@babel\runtime\helpers\asyncToGenerator.js:25:9)
    at C:\Users\anand\Desktop\fundoo-Notes\node_modules\@babel\runtime\helpers\asyncToGenerator.js:32:7
    at new Promise (<anonymous>)
    at C:\Users\anand\Desktop\fundoo-Notes\node_modules\@babel\runtime\helpers\asyncToGenerator.js:21:12
    at userRegistration (C:\Users\anand\Desktop\fundoo-Notes\src\controllers\/user.controller.js:29:30) 
    url - /api/v1/users/register 
    method - POST 
    IP - ::1
   {"timestamp":"2022-03-09T03:02:14.661Z"}
info: Server started at http://localhost:3000/api/v1/ {"timestamp":"2022-03-09T03:02:37.023Z"}
info: Connected to the database. {"timestamp":"2022-03-09T03:02:37.077Z"}
info: Server started at http://localhost:3000/api/v1/ {"timestamp":"2022-03-09T03:03:42.008Z"}
info: Connected to the database. {"timestamp":"2022-03-09T03:03:42.048Z"}
error: 
    status - 500 
    message - Error: User Already registered
    at _callee2$ (C:\Users\anand\Desktop\fundoo-Notes\src\services\/user.service.js:29:13)
    at tryCatch (C:\Users\anand\Desktop\fundoo-Notes\node_modules\regenerator-runtime\runtime.js:63:40)
    at Generator.invoke [as _invoke] (C:\Users\anand\Desktop\fundoo-Notes\node_modules\regenerator-runtime\runtime.js:294:22)
    at Generator.next (C:\Users\anand\Desktop\fundoo-Notes\node_modules\regenerator-runtime\runtime.js:119:21)
    at asyncGeneratorStep (C:\Users\anand\Desktop\fundoo-Notes\node_modules\@babel\runtime\helpers\asyncToGenerator.js:3:24)
    at _next (C:\Users\anand\Desktop\fundoo-Notes\node_modules\@babel\runtime\helpers\asyncToGenerator.js:25:9)
    at processTicksAndRejections (node:internal/process/task_queues:96:5) 
    url - /api/v1/users/register 
    method - POST 
    IP - ::1
   {"timestamp":"2022-03-09T03:03:49.787Z"}
info: Server started at http://localhost:3000/api/v1/ {"timestamp":"2022-03-09T03:03:58.837Z"}
info: Connected to the database. {"timestamp":"2022-03-09T03:03:58.869Z"}
info: Server started at http://localhost:3000/api/v1/ {"timestamp":"2022-03-09T03:04:29.987Z"}
info: Connected to the database. {"timestamp":"2022-03-09T03:04:30.019Z"}
info: Server started at http://localhost:3000/api/v1/ {"timestamp":"2022-03-09T03:06:10.080Z"}
info: Connected to the database. {"timestamp":"2022-03-09T03:06:10.110Z"}
info: Server started at http://localhost:3000/api/v1/ {"timestamp":"2022-03-09T03:06:49.793Z"}
info: Connected to the database. {"timestamp":"2022-03-09T03:06:49.849Z"}
info: Server started at http://localhost:3000/api/v1/ {"timestamp":"2022-03-09T03:07:33.052Z"}
info: Connected to the database. {"timestamp":"2022-03-09T03:07:33.602Z"}
info: Server started at http://localhost:3000/api/v1/ {"timestamp":"2022-03-09T03:13:43.644Z"}
info: Connected to the database. {"timestamp":"2022-03-09T03:13:43.728Z"}
info: Server started at http://localhost:3000/api/v1/ {"timestamp":"2022-03-09T03:14:50.433Z"}
info: Connected to the database. {"timestamp":"2022-03-09T03:14:50.531Z"}
info: Server started at http://localhost:3000/api/v1/ {"timestamp":"2022-03-09T03:15:38.322Z"}
info: Connected to the database. {"timestamp":"2022-03-09T03:15:38.423Z"}
info: Server started at http://localhost:3000/api/v1/ {"timestamp":"2022-03-09T03:16:05.066Z"}
info: Connected to the database. {"timestamp":"2022-03-09T03:16:05.118Z"}
info: Server started at http://localhost:3000/api/v1/ {"timestamp":"2022-03-09T03:16:26.880Z"}
info: Connected to the database. {"timestamp":"2022-03-09T03:16:26.969Z"}
info: Server started at http://localhost:3000/api/v1/ {"timestamp":"2022-03-09T03:16:57.263Z"}
info: Connected to the database. {"timestamp":"2022-03-09T03:16:57.311Z"}
info: Server started at http://localhost:3000/api/v1/ {"timestamp":"2022-03-09T03:17:31.222Z"}
info: Connected to the database. {"timestamp":"2022-03-09T03:17:31.269Z"}
info: Server started at http://localhost:3000/api/v1/ {"timestamp":"2022-03-09T03:19:23.607Z"}
info: Connected to the database. {"timestamp":"2022-03-09T03:19:23.677Z"}
info: Server started at http://localhost:3000/api/v1/ {"timestamp":"2022-03-09T03:20:54.676Z"}
info: Connected to the database. {"timestamp":"2022-03-09T03:20:54.737Z"}
info: Server started at http://localhost:3000/api/v1/ {"timestamp":"2022-03-09T03:21:38.204Z"}
info: Connected to the database. {"timestamp":"2022-03-09T03:21:38.238Z"}
info: Server started at http://localhost:3000/api/v1/ {"timestamp":"2022-03-09T03:22:28.229Z"}
info: Connected to the database. {"timestamp":"2022-03-09T03:22:28.259Z"}
info: Server started at http://localhost:3000/api/v1/ {"timestamp":"2022-03-09T03:24:15.645Z"}
info: Connected to the database. {"timestamp":"2022-03-09T03:24:15.682Z"}
info: Server started at http://localhost:3000/api/v1/ {"timestamp":"2022-03-09T03:24:46.153Z"}
info: Connected to the database. {"timestamp":"2022-03-09T03:24:46.189Z"}
info: Server started at http://localhost:3000/api/v1/ {"timestamp":"2022-03-09T03:28:30.177Z"}
info: Connected to the database. {"timestamp":"2022-03-09T03:28:30.207Z"}
info: Server started at http://localhost:3000/api/v1/ {"timestamp":"2022-03-09T03:29:05.218Z"}
info: Connected to the database. {"timestamp":"2022-03-09T03:29:05.254Z"}
info: Server started at http://localhost:3000/api/v1/ {"timestamp":"2022-03-09T03:29:41.527Z"}
info: Connected to the database. {"timestamp":"2022-03-09T03:29:41.567Z"}
info: Server started at http://localhost:3000/api/v1/ {"timestamp":"2022-03-09T03:29:52.855Z"}
info: Connected to the database. {"timestamp":"2022-03-09T03:29:52.887Z"}
info: Server started at http://localhost:3000/api/v1/ {"timestamp":"2022-03-09T03:30:29.276Z"}
info: Connected to the database. {"timestamp":"2022-03-09T03:30:29.310Z"}
info: Server started at http://localhost:3000/api/v1/ {"timestamp":"2022-03-09T03:33:26.643Z"}
info: Connected to the database. {"timestamp":"2022-03-09T03:33:26.675Z"}
info: Server started at http://localhost:3000/api/v1/ {"timestamp":"2022-03-09T03:34:05.665Z"}
info: Connected to the database. {"timestamp":"2022-03-09T03:34:05.697Z"}
info: Server started at http://localhost:3000/api/v1/ {"timestamp":"2022-03-09T03:34:38.937Z"}
info: Connected to the database. {"timestamp":"2022-03-09T03:34:38.974Z"}
info: Server started at http://localhost:3000/api/v1/ {"timestamp":"2022-03-09T03:34:54.700Z"}
info: Connected to the database. {"timestamp":"2022-03-09T03:34:54.774Z"}
info: Server started at http://localhost:3000/api/v1/ {"timestamp":"2022-03-09T03:35:02.505Z"}
info: Connected to the database. {"timestamp":"2022-03-09T03:35:02.554Z"}
info: Server started at http://localhost:3000/api/v1/ {"timestamp":"2022-03-09T03:35:36.475Z"}
info: Connected to the database. {"timestamp":"2022-03-09T03:35:36.510Z"}
info: Server started at http://localhost:3000/api/v1/ {"timestamp":"2022-03-09T03:36:03.083Z"}
info: Connected to the database. {"timestamp":"2022-03-09T03:36:03.143Z"}
info: Server started at http://localhost:3000/api/v1/ {"timestamp":"2022-03-09T03:36:10.266Z"}
info: Connected to the database. {"timestamp":"2022-03-09T03:36:10.318Z"}
info: Server started at http://localhost:3000/api/v1/ {"timestamp":"2022-03-09T03:36:41.075Z"}
info: Connected to the database. {"timestamp":"2022-03-09T03:36:41.130Z"}
info: Server started at http://localhost:3000/api/v1/ {"timestamp":"2022-03-09T03:36:48.303Z"}
info: Connected to the database. {"timestamp":"2022-03-09T03:36:48.356Z"}
info: Server started at http://localhost:3000/api/v1/ {"timestamp":"2022-03-09T03:37:16.456Z"}
info: Connected to the database. {"timestamp":"2022-03-09T03:37:16.506Z"}
info: Server started at http://localhost:3000/api/v1/ {"timestamp":"2022-03-09T03:37:33.686Z"}
info: Connected to the database. {"timestamp":"2022-03-09T03:37:33.774Z"}
info: Server started at http://localhost:3000/api/v1/ {"timestamp":"2022-03-09T03:38:29.249Z"}
info: Connected to the database. {"timestamp":"2022-03-09T03:38:29.362Z"}
info: Server started at http://localhost:3000/api/v1/ {"timestamp":"2022-03-09T03:43:43.865Z"}
info: Connected to the database. {"timestamp":"2022-03-09T03:43:43.893Z"}
info: Server started at http://localhost:3000/api/v1/ {"timestamp":"2022-03-09T03:44:05.073Z"}
info: Connected to the database. {"timestamp":"2022-03-09T03:44:05.104Z"}
info: Server started at http://localhost:3000/api/v1/ {"timestamp":"2022-03-09T03:45:26.939Z"}
info: Connected to the database. {"timestamp":"2022-03-09T03:45:26.975Z"}
error: 
    status - 500 
    message - Error: User Already registered
    at _callee2$ (C:\Users\anand\Desktop\fundoo-Notes\src\services\/user.service.js:29:13)
    at tryCatch (C:\Users\anand\Desktop\fundoo-Notes\node_modules\regenerator-runtime\runtime.js:63:40)
    at Generator.invoke [as _invoke] (C:\Users\anand\Desktop\fundoo-Notes\node_modules\regenerator-runtime\runtime.js:294:22)
    at Generator.next (C:\Users\anand\Desktop\fundoo-Notes\node_modules\regenerator-runtime\runtime.js:119:21)
    at asyncGeneratorStep (C:\Users\anand\Desktop\fundoo-Notes\node_modules\@babel\runtime\helpers\asyncToGenerator.js:3:24)
    at _next (C:\Users\anand\Desktop\fundoo-Notes\node_modules\@babel\runtime\helpers\asyncToGenerator.js:25:9)
    at processTicksAndRejections (node:internal/process/task_queues:96:5) 
    url - /api/v1/users/register 
    method - POST 
    IP - ::1
   {"timestamp":"2022-03-09T03:45:33.665Z"}
info: undefined {"accepted":["haward17@gmail.com"],"envelope":{"from":"","to":["haward17@gmail.com"]},"envelopeTime":1001,"messageId":"<58586a50-15b4-d8eb-5571-c6c2f2a7a488@LAPTOP>","messageSize":278,"messageTime":804,"rejected":[],"response":"250 2.0.0 OK  1646797396 i2-20020a17090ac40200b001bd0e552d27sm551380pjt.11 - gsmtp","timestamp":"2022-03-09T03:45:45.386Z"}
info: Server started at http://localhost:3000/api/v1/ {"timestamp":"2022-03-09T03:48:00.273Z"}
info: Connected to the database. {"timestamp":"2022-03-09T03:48:00.298Z"}
info: Server started at http://localhost:3000/api/v1/ {"timestamp":"2022-03-09T03:49:30.316Z"}
info: Connected to the database. {"timestamp":"2022-03-09T03:49:30.354Z"}
info: Server started at http://localhost:3000/api/v1/ {"timestamp":"2022-03-09T03:49:58.548Z"}
info: Connected to the database. {"timestamp":"2022-03-09T03:49:58.574Z"}
info: Server started at http://localhost:3000/api/v1/ {"timestamp":"2022-03-09T03:51:15.963Z"}
info: Connected to the database. {"timestamp":"2022-03-09T03:51:15.997Z"}
info: Server started at http://localhost:3000/api/v1/ {"timestamp":"2022-03-09T03:51:23.135Z"}
info: Connected to the database. {"timestamp":"2022-03-09T03:51:23.191Z"}
info: Server started at http://localhost:3000/api/v1/ {"timestamp":"2022-03-09T03:52:47.849Z"}
info: Connected to the database. {"timestamp":"2022-03-09T03:52:47.889Z"}
info: Server started at http://localhost:3000/api/v1/ {"timestamp":"2022-03-09T03:53:36.645Z"}
info: Connected to the database. {"timestamp":"2022-03-09T03:53:36.676Z"}
info: Server started at http://localhost:3000/api/v1/ {"timestamp":"2022-03-09T03:53:59.686Z"}
info: Connected to the database. {"timestamp":"2022-03-09T03:53:59.725Z"}
info: Server started at http://localhost:3000/api/v1/ {"timestamp":"2022-03-09T03:54:08.363Z"}
info: Connected to the database. {"timestamp":"2022-03-09T03:54:08.409Z"}
info: Server started at http://localhost:3000/api/v1/ {"timestamp":"2022-03-09T03:54:26.999Z"}
info: Connected to the database. {"timestamp":"2022-03-09T03:54:27.027Z"}
info: Server started at http://localhost:3000/api/v1/ {"timestamp":"2022-03-09T03:58:54.717Z"}
info: Connected to the database. {"timestamp":"2022-03-09T03:58:54.889Z"}
info: Server started at http://localhost:3000/api/v1/ {"timestamp":"2022-03-09T03:59:09.420Z"}
info: Connected to the database. {"timestamp":"2022-03-09T03:59:09.453Z"}
info: Server started at http://localhost:3000/api/v1/ {"timestamp":"2022-03-09T04:00:25.124Z"}
info: Connected to the database. {"timestamp":"2022-03-09T04:00:25.157Z"}
info: Server started at http://localhost:3000/api/v1/ {"timestamp":"2022-03-09T04:00:38.624Z"}
info: Connected to the database. {"timestamp":"2022-03-09T04:00:38.653Z"}
info: Server started at http://localhost:3000/api/v1/ {"timestamp":"2022-03-09T04:00:52.500Z"}
info: Connected to the database. {"timestamp":"2022-03-09T04:00:52.529Z"}
info: Server started at http://localhost:3000/api/v1/ {"timestamp":"2022-03-09T04:00:59.937Z"}
info: Connected to the database. {"timestamp":"2022-03-09T04:00:59.970Z"}
info: Server started at http://localhost:3000/api/v1/ {"timestamp":"2022-03-09T04:01:08.539Z"}
info: Connected to the database. {"timestamp":"2022-03-09T04:01:08.572Z"}
info: Server started at http://localhost:3000/api/v1/ {"timestamp":"2022-03-09T04:01:50.952Z"}
info: Connected to the database. {"timestamp":"2022-03-09T04:01:50.989Z"}
info: Server started at http://localhost:3000/api/v1/ {"timestamp":"2022-03-09T04:26:57.464Z"}
info: Connected to the database. {"timestamp":"2022-03-09T04:26:57.493Z"}
