info: Server started at http://localhost:3000/api/v1/ {"timestamp":"2022-04-16T06:03:15.353Z"}
info: Connected to the database. {"timestamp":"2022-04-16T06:03:15.464Z"}
info: Server started at http://localhost:3000/api/v1/ {"timestamp":"2022-04-16T06:08:58.429Z"}
info: Connected to the database. {"timestamp":"2022-04-16T06:08:58.500Z"}
info: Server started at http://localhost:3000/api/v1/ {"timestamp":"2022-04-16T06:16:25.266Z"}
info: Connected to the database. {"timestamp":"2022-04-16T06:16:25.338Z"}
error: 
      status - 400
      message - Authorization token is required 
      url - /api/v1/note/ 
      method - GET 
      IP - ::1
     {"timestamp":"2022-04-16T06:19:03.843Z"}
error: 
      status - 400
      message - Authorization token is required 
      url - /api/v1/note/ 
      method - GET 
      IP - ::1
     {"timestamp":"2022-04-16T06:19:33.209Z"}
error: 
      status - 401
      message - User dont have access to this NoteID  
      url - /api/v1/note/ 
      method - GET 
      IP - ::1
     {"timestamp":"2022-04-16T06:21:23.417Z"}
info: Server started at http://localhost:3000/api/v1/ {"timestamp":"2022-04-16T06:26:24.674Z"}
info: Connected to the database. {"timestamp":"2022-04-16T06:26:24.707Z"}
error: 
      status - 400
      message - Authorization token is required 
      url - /api/v1/note/Archive/625a625b47ad874d1c4c114e 
      method - PUT 
      IP - ::1
     {"timestamp":"2022-04-16T08:53:14.982Z"}
error: 
      status - 400
      message - Authorization token is required 
      url - /api/v1/note/Archive/625a625b47ad874d1c4c114e 
      method - PUT 
      IP - ::1
     {"timestamp":"2022-04-16T08:53:34.843Z"}
error: 
      status - 400
      message - Authorization token is required 
      url - /api/v1/note/Archive/625a625b47ad874d1c4c114e 
      method - PUT 
      IP - ::1
     {"timestamp":"2022-04-16T08:53:35.715Z"}
error: 
      status - 400
      message - Authorization token is required 
      url - /api/v1/note/Archive/625a625b47ad874d1c4c114e 
      method - PUT 
      IP - ::1
     {"timestamp":"2022-04-16T08:54:23.505Z"}
error: 
      status - 400
      message - Authorization token is required 
      url - /api/v1/note/Archive/625a625b47ad874d1c4c114e 
      method - PUT 
      IP - ::1
     {"timestamp":"2022-04-16T08:55:36.505Z"}
error: 
      status - 400
      message - Authorization token is required 
      url - /api/v1/note/Archive/625a61d547ad874d1c4c1145 
      method - PUT 
      IP - ::1
     {"timestamp":"2022-04-16T08:57:27.029Z"}
error: 
      status - 400
      message - Authorization token is required 
      url - /api/v1/note/Archive/625a61d547ad874d1c4c1145 
      method - PUT 
      IP - ::1
     {"timestamp":"2022-04-16T08:57:41.233Z"}
error: 
      status - 400
      message - Authorization token is required 
      url - /api/v1/note/archive/625a61d547ad874d1c4c1145 
      method - PUT 
      IP - ::1
     {"timestamp":"2022-04-16T09:02:29.507Z"}
error: 
      status - 400
      message - Authorization token is required 
      url - /api/v1/note/archive/625a61d547ad874d1c4c1145 
      method - PUT 
      IP - ::1
     {"timestamp":"2022-04-16T09:02:34.957Z"}
error: 
      status - 400
      message - Authorization token is required 
      url - /api/v1/note/archive/625a70a547ad874d1c4c115a 
      method - PUT 
      IP - ::1
     {"timestamp":"2022-04-16T09:02:57.556Z"}
info: Server started at http://localhost:3000/api/v1/ {"timestamp":"2022-04-16T09:06:45.009Z"}
info: Connected to the database. {"timestamp":"2022-04-16T09:06:45.049Z"}
error: 
      status - 400
      message - Authorization token is required 
      url - /api/v1/note/archive/625a61d547ad874d1c4c1145 
      method - PUT 
      IP - ::1
     {"timestamp":"2022-04-16T09:08:09.043Z"}
error: 
      status - 400
      message - Authorization token is required 
      url - /api/v1/note/archive/625a61d547ad874d1c4c1145 
      method - PUT 
      IP - ::1
     {"timestamp":"2022-04-16T09:10:03.029Z"}
error: 
      status - 400
      message - Authorization token is required 
      url - /api/v1/note/archive/625a61d547ad874d1c4c1145 
      method - PUT 
      IP - ::1
     {"timestamp":"2022-04-16T09:11:39.827Z"}
error: 
      status - 400
      message - Authorization token is required 
      url - /api/v1/note/archive/625a625b47ad874d1c4c114e 
      method - PUT 
      IP - ::1
     {"timestamp":"2022-04-16T09:13:06.694Z"}
error: 
      status - 400
      message - Authorization token is required 
      url - /api/v1/note/archive/625a61d547ad874d1c4c1145 
      method - PUT 
      IP - ::1
     {"timestamp":"2022-04-16T09:16:27.324Z"}
error: 
      status - 400
      message - Authorization token is required 
      url - /api/v1/note/archive/625a61d547ad874d1c4c1145 
      method - PUT 
      IP - ::1
     {"timestamp":"2022-04-16T09:17:31.932Z"}
error: 
      status - 400
      message - Authorization token is required 
      url - /api/v1/note/archive/625a625b47ad874d1c4c114e 
      method - PUT 
      IP - ::1
     {"timestamp":"2022-04-16T09:20:29.532Z"}
error: 
      status - 400
      message - Authorization token is required 
      url - /api/v1/note/archive/625a61d547ad874d1c4c1145 
      method - PUT 
      IP - ::1
     {"timestamp":"2022-04-16T09:21:32.149Z"}
error: 
      status - 400
      message - Authorization token is required 
      url - /api/v1/note/archive/625a61d547ad874d1c4c1145 
      method - PUT 
      IP - ::1
     {"timestamp":"2022-04-16T09:24:25.795Z"}
error: 
      status - 400
      message - Authorization token is required 
      url - /api/v1/note/archive/625a61d547ad874d1c4c1145 
      method - PUT 
      IP - ::1
     {"timestamp":"2022-04-16T09:25:29.696Z"}
error: 
      status - 400
      message - Authorization token is required 
      url - /api/v1/note/archive/625a61d547ad874d1c4c1145 
      method - PUT 
      IP - ::1
     {"timestamp":"2022-04-16T09:28:52.434Z"}
