info: Server started at http://localhost:3000/api/v1/ {"timestamp":"2022-03-04T02:39:44.723Z"}
info: Connected to the database. {"timestamp":"2022-03-04T02:39:44.761Z"}
info: Server started at http://localhost:3000/api/v1/ {"timestamp":"2022-03-04T02:44:49.311Z"}
info: Server started at http://localhost:3000/api/v1/ {"timestamp":"2022-03-04T02:53:23.490Z"}
info: Connected to the database. {"timestamp":"2022-03-04T02:53:23.527Z"}
info: Server started at http://localhost:3000/api/v1/ {"timestamp":"2022-03-04T02:57:17.603Z"}
info: Connected to the database. {"timestamp":"2022-03-04T02:57:17.637Z"}
info: Server started at http://localhost:3000/api/v1/ {"timestamp":"2022-03-04T02:57:57.668Z"}
info: Connected to the database. {"timestamp":"2022-03-04T02:57:57.702Z"}
info: Server started at http://localhost:3000/api/v1/ {"timestamp":"2022-03-04T03:01:32.983Z"}
info: Connected to the database. {"timestamp":"2022-03-04T03:01:33.014Z"}
info: Server started at http://localhost:3000/api/v1/ {"timestamp":"2022-03-04T03:03:35.085Z"}
info: Connected to the database. {"timestamp":"2022-03-04T03:03:35.120Z"}
info: Server started at http://localhost:3000/api/v1/ {"timestamp":"2022-03-04T03:03:58.312Z"}
info: Connected to the database. {"timestamp":"2022-03-04T03:03:58.341Z"}
info: Server started at http://localhost:3000/api/v1/ {"timestamp":"2022-03-04T03:49:14.738Z"}
info: Connected to the database. {"timestamp":"2022-03-04T03:49:14.769Z"}
info: Server started at http://localhost:3000/api/v1/ {"timestamp":"2022-03-04T03:50:02.619Z"}
info: Connected to the database. {"timestamp":"2022-03-04T03:50:02.653Z"}
info: Server started at http://localhost:3000/api/v1/ {"timestamp":"2022-03-04T03:55:35.383Z"}
info: Connected to the database. {"timestamp":"2022-03-04T03:55:35.418Z"}
info: Server started at http://localhost:3000/api/v1/ {"timestamp":"2022-03-04T03:56:20.647Z"}
info: Connected to the database. {"timestamp":"2022-03-04T03:56:20.685Z"}
info: Server started at http://localhost:3000/api/v1/ {"timestamp":"2022-03-04T03:56:51.218Z"}
info: Connected to the database. {"timestamp":"2022-03-04T03:56:51.247Z"}
info: Server started at http://localhost:3000/api/v1/ {"timestamp":"2022-03-04T03:57:48.259Z"}
info: Connected to the database. {"timestamp":"2022-03-04T03:57:48.291Z"}
info: Server started at http://localhost:3000/api/v1/ {"timestamp":"2022-03-04T03:59:07.610Z"}
info: Connected to the database. {"timestamp":"2022-03-04T03:59:07.647Z"}
info: Server started at http://localhost:3000/api/v1/ {"timestamp":"2022-03-04T03:59:36.240Z"}
info: Connected to the database. {"timestamp":"2022-03-04T03:59:36.276Z"}
info: Server started at http://localhost:3000/api/v1/ {"timestamp":"2022-03-04T04:01:43.281Z"}
info: Connected to the database. {"timestamp":"2022-03-04T04:01:43.322Z"}
info: Server started at http://localhost:3000/api/v1/ {"timestamp":"2022-03-04T04:08:36.386Z"}
info: Connected to the database. {"timestamp":"2022-03-04T04:08:36.418Z"}
info: Server started at http://localhost:3000/api/v1/ {"timestamp":"2022-03-04T04:09:19.258Z"}
info: Connected to the database. {"timestamp":"2022-03-04T04:09:19.297Z"}
info: Server started at http://localhost:3000/api/v1/ {"timestamp":"2022-03-04T04:10:33.330Z"}
info: Connected to the database. {"timestamp":"2022-03-04T04:10:33.361Z"}
error: 
    status - 500 
    message - Error: password does not match
    at _callee3$ (C:\Users\anand\Desktop\fundoo-Notes\src\services\/user.service.js:36:12)
    at tryCatch (C:\Users\anand\Desktop\fundoo-Notes\node_modules\regenerator-runtime\runtime.js:63:40)
    at Generator.invoke [as _invoke] (C:\Users\anand\Desktop\fundoo-Notes\node_modules\regenerator-runtime\runtime.js:294:22)
    at Generator.next (C:\Users\anand\Desktop\fundoo-Notes\node_modules\regenerator-runtime\runtime.js:119:21)
    at asyncGeneratorStep (C:\Users\anand\Desktop\fundoo-Notes\node_modules\@babel\runtime\helpers\asyncToGenerator.js:3:24)
    at _next (C:\Users\anand\Desktop\fundoo-Notes\node_modules\@babel\runtime\helpers\asyncToGenerator.js:25:9)
    at processTicksAndRejections (node:internal/process/task_queues:96:5) 
    url - /api/v1/users/login 
    method - POST 
    IP - ::ffff:127.0.0.1
   {"timestamp":"2022-03-04T04:10:33.617Z"}
info: Server started at http://localhost:3000/api/v1/ {"timestamp":"2022-03-04T04:10:59.695Z"}
info: Connected to the database. {"timestamp":"2022-03-04T04:10:59.735Z"}
info: Server started at http://localhost:3000/api/v1/ {"timestamp":"2022-03-04T08:12:54.578Z"}
info: Connected to the database. {"timestamp":"2022-03-04T08:12:54.649Z"}
error: 
    status - 500 
    message - ReferenceError: Joimin is not defined
    at newUserValidator (C:\Users\anand\Desktop\fundoo-Notes\src\validators\/user.validator.js:7:35)
    at Layer.handle [as handle_request] (C:\Users\anand\Desktop\fundoo-Notes\node_modules\express\lib\router\layer.js:95:5)
    at next (C:\Users\anand\Desktop\fundoo-Notes\node_modules\express\lib\router\route.js:137:13)
    at Route.dispatch (C:\Users\anand\Desktop\fundoo-Notes\node_modules\express\lib\router\route.js:112:3)
    at Layer.handle [as handle_request] (C:\Users\anand\Desktop\fundoo-Notes\node_modules\express\lib\router\layer.js:95:5)
    at C:\Users\anand\Desktop\fundoo-Notes\node_modules\express\lib\router\index.js:281:22
    at Function.process_params (C:\Users\anand\Desktop\fundoo-Notes\node_modules\express\lib\router\index.js:341:12)
    at next (C:\Users\anand\Desktop\fundoo-Notes\node_modules\express\lib\router\index.js:275:10)
    at Function.handle (C:\Users\anand\Desktop\fundoo-Notes\node_modules\express\lib\router\index.js:174:3)
    at router (C:\Users\anand\Desktop\fundoo-Notes\node_modules\express\lib\router\index.js:47:12)
    at Layer.handle [as handle_request] (C:\Users\anand\Desktop\fundoo-Notes\node_modules\express\lib\router\layer.js:95:5)
    at trim_prefix (C:\Users\anand\Desktop\fundoo-Notes\node_modules\express\lib\router\index.js:323:13)
    at C:\Users\anand\Desktop\fundoo-Notes\node_modules\express\lib\router\index.js:284:7
    at Function.process_params (C:\Users\anand\Desktop\fundoo-Notes\node_modules\express\lib\router\index.js:341:12)
    at next (C:\Users\anand\Desktop\fundoo-Notes\node_modules\express\lib\router\index.js:275:10)
    at Function.handle (C:\Users\anand\Desktop\fundoo-Notes\node_modules\express\lib\router\index.js:174:3)
    at router (C:\Users\anand\Desktop\fundoo-Notes\node_modules\express\lib\router\index.js:47:12)
    at Layer.handle [as handle_request] (C:\Users\anand\Desktop\fundoo-Notes\node_modules\express\lib\router\layer.js:95:5)
    at trim_prefix (C:\Users\anand\Desktop\fundoo-Notes\node_modules\express\lib\router\index.js:323:13)
    at C:\Users\anand\Desktop\fundoo-Notes\node_modules\express\lib\router\index.js:284:7
    at Function.process_params (C:\Users\anand\Desktop\fundoo-Notes\node_modules\express\lib\router\index.js:341:12)
    at next (C:\Users\anand\Desktop\fundoo-Notes\node_modules\express\lib\router\index.js:275:10)
    at logger (C:\Users\anand\Desktop\fundoo-Notes\node_modules\morgan\index.js:144:5)
    at Layer.handle [as handle_request] (C:\Users\anand\Desktop\fundoo-Notes\node_modules\express\lib\router\layer.js:95:5)
    at trim_prefix (C:\Users\anand\Desktop\fundoo-Notes\node_modules\express\lib\router\index.js:323:13)
    at C:\Users\anand\Desktop\fundoo-Notes\node_modules\express\lib\router\index.js:284:7
    at Function.process_params (C:\Users\anand\Desktop\fundoo-Notes\node_modules\express\lib\router\index.js:341:12)
    at next (C:\Users\anand\Desktop\fundoo-Notes\node_modules\express\lib\router\index.js:275:10)
    at C:\Users\anand\Desktop\fundoo-Notes\node_modules\body-parser\lib\read.js:130:5
    at invokeCallback (C:\Users\anand\Desktop\fundoo-Notes\node_modules\raw-body\index.js:224:16)
    at done (C:\Users\anand\Desktop\fundoo-Notes\node_modules\raw-body\index.js:213:7)
    at IncomingMessage.onEnd (C:\Users\anand\Desktop\fundoo-Notes\node_modules\raw-body\index.js:273:7)
    at IncomingMessage.emit (node:events:402:35)
    at endReadableNT (node:internal/streams/readable:1343:12)
    at processTicksAndRejections (node:internal/process/task_queues:83:21) 
    url - /api/v1/users/register 
    method - POST 
    IP - ::ffff:127.0.0.1
   {"timestamp":"2022-03-04T08:12:54.791Z"}
error: 
    status - 500 
    message - Error: User is not Registered
    at _callee3$ (C:\Users\anand\Desktop\fundoo-Notes\src\services\/user.service.js:40:9)
    at tryCatch (C:\Users\anand\Desktop\fundoo-Notes\node_modules\regenerator-runtime\runtime.js:63:40)
    at Generator.invoke [as _invoke] (C:\Users\anand\Desktop\fundoo-Notes\node_modules\regenerator-runtime\runtime.js:294:22)
    at Generator.next (C:\Users\anand\Desktop\fundoo-Notes\node_modules\regenerator-runtime\runtime.js:119:21)
    at asyncGeneratorStep (C:\Users\anand\Desktop\fundoo-Notes\node_modules\@babel\runtime\helpers\asyncToGenerator.js:3:24)
    at _next (C:\Users\anand\Desktop\fundoo-Notes\node_modules\@babel\runtime\helpers\asyncToGenerator.js:25:9)
    at processTicksAndRejections (node:internal/process/task_queues:96:5) 
    url - /api/v1/users/login 
    method - POST 
    IP - ::ffff:127.0.0.1
   {"timestamp":"2022-03-04T08:12:54.976Z"}
info: Server started at http://localhost:3000/api/v1/ {"timestamp":"2022-03-04T08:17:21.842Z"}
info: Connected to the database. {"timestamp":"2022-03-04T08:17:21.873Z"}
error: 
    status - 500 
    message - TypeError: _joi.default.min is not a function
    at newUserValidator (C:\Users\anand\Desktop\fundoo-Notes\src\validators\/user.validator.js:7:18)
    at Layer.handle [as handle_request] (C:\Users\anand\Desktop\fundoo-Notes\node_modules\express\lib\router\layer.js:95:5)
    at next (C:\Users\anand\Desktop\fundoo-Notes\node_modules\express\lib\router\route.js:137:13)
    at Route.dispatch (C:\Users\anand\Desktop\fundoo-Notes\node_modules\express\lib\router\route.js:112:3)
    at Layer.handle [as handle_request] (C:\Users\anand\Desktop\fundoo-Notes\node_modules\express\lib\router\layer.js:95:5)
    at C:\Users\anand\Desktop\fundoo-Notes\node_modules\express\lib\router\index.js:281:22
    at Function.process_params (C:\Users\anand\Desktop\fundoo-Notes\node_modules\express\lib\router\index.js:341:12)
    at next (C:\Users\anand\Desktop\fundoo-Notes\node_modules\express\lib\router\index.js:275:10)
    at Function.handle (C:\Users\anand\Desktop\fundoo-Notes\node_modules\express\lib\router\index.js:174:3)
    at router (C:\Users\anand\Desktop\fundoo-Notes\node_modules\express\lib\router\index.js:47:12)
    at Layer.handle [as handle_request] (C:\Users\anand\Desktop\fundoo-Notes\node_modules\express\lib\router\layer.js:95:5)
    at trim_prefix (C:\Users\anand\Desktop\fundoo-Notes\node_modules\express\lib\router\index.js:323:13)
    at C:\Users\anand\Desktop\fundoo-Notes\node_modules\express\lib\router\index.js:284:7
    at Function.process_params (C:\Users\anand\Desktop\fundoo-Notes\node_modules\express\lib\router\index.js:341:12)
    at next (C:\Users\anand\Desktop\fundoo-Notes\node_modules\express\lib\router\index.js:275:10)
    at Function.handle (C:\Users\anand\Desktop\fundoo-Notes\node_modules\express\lib\router\index.js:174:3)
    at router (C:\Users\anand\Desktop\fundoo-Notes\node_modules\express\lib\router\index.js:47:12)
    at Layer.handle [as handle_request] (C:\Users\anand\Desktop\fundoo-Notes\node_modules\express\lib\router\layer.js:95:5)
    at trim_prefix (C:\Users\anand\Desktop\fundoo-Notes\node_modules\express\lib\router\index.js:323:13)
    at C:\Users\anand\Desktop\fundoo-Notes\node_modules\express\lib\router\index.js:284:7
    at Function.process_params (C:\Users\anand\Desktop\fundoo-Notes\node_modules\express\lib\router\index.js:341:12)
    at next (C:\Users\anand\Desktop\fundoo-Notes\node_modules\express\lib\router\index.js:275:10)
    at logger (C:\Users\anand\Desktop\fundoo-Notes\node_modules\morgan\index.js:144:5)
    at Layer.handle [as handle_request] (C:\Users\anand\Desktop\fundoo-Notes\node_modules\express\lib\router\layer.js:95:5)
    at trim_prefix (C:\Users\anand\Desktop\fundoo-Notes\node_modules\express\lib\router\index.js:323:13)
    at C:\Users\anand\Desktop\fundoo-Notes\node_modules\express\lib\router\index.js:284:7
    at Function.process_params (C:\Users\anand\Desktop\fundoo-Notes\node_modules\express\lib\router\index.js:341:12)
    at next (C:\Users\anand\Desktop\fundoo-Notes\node_modules\express\lib\router\index.js:275:10)
    at C:\Users\anand\Desktop\fundoo-Notes\node_modules\body-parser\lib\read.js:130:5
    at invokeCallback (C:\Users\anand\Desktop\fundoo-Notes\node_modules\raw-body\index.js:224:16)
    at done (C:\Users\anand\Desktop\fundoo-Notes\node_modules\raw-body\index.js:213:7)
    at IncomingMessage.onEnd (C:\Users\anand\Desktop\fundoo-Notes\node_modules\raw-body\index.js:273:7)
    at IncomingMessage.emit (node:events:402:35)
    at endReadableNT (node:internal/streams/readable:1343:12)
    at processTicksAndRejections (node:internal/process/task_queues:83:21) 
    url - /api/v1/users/register 
    method - POST 
    IP - ::ffff:127.0.0.1
   {"timestamp":"2022-03-04T08:17:21.908Z"}
error: 
    status - 500 
    message - Error: User is not Registered
    at _callee3$ (C:\Users\anand\Desktop\fundoo-Notes\src\services\/user.service.js:40:9)
    at tryCatch (C:\Users\anand\Desktop\fundoo-Notes\node_modules\regenerator-runtime\runtime.js:63:40)
    at Generator.invoke [as _invoke] (C:\Users\anand\Desktop\fundoo-Notes\node_modules\regenerator-runtime\runtime.js:294:22)
    at Generator.next (C:\Users\anand\Desktop\fundoo-Notes\node_modules\regenerator-runtime\runtime.js:119:21)
    at asyncGeneratorStep (C:\Users\anand\Desktop\fundoo-Notes\node_modules\@babel\runtime\helpers\asyncToGenerator.js:3:24)
    at _next (C:\Users\anand\Desktop\fundoo-Notes\node_modules\@babel\runtime\helpers\asyncToGenerator.js:25:9)
    at processTicksAndRejections (node:internal/process/task_queues:96:5) 
    url - /api/v1/users/login 
    method - POST 
    IP - ::ffff:127.0.0.1
   {"timestamp":"2022-03-04T08:17:22.041Z"}
info: Server started at http://localhost:3000/api/v1/ {"timestamp":"2022-03-04T08:18:11.595Z"}
info: Connected to the database. {"timestamp":"2022-03-04T08:18:11.624Z"}
error: 
    status - 500 
    message - TypeError: _joi.default.min is not a function
    at newUserValidator (C:\Users\anand\Desktop\fundoo-Notes\src\validators\/user.validator.js:7:18)
    at Layer.handle [as handle_request] (C:\Users\anand\Desktop\fundoo-Notes\node_modules\express\lib\router\layer.js:95:5)
    at next (C:\Users\anand\Desktop\fundoo-Notes\node_modules\express\lib\router\route.js:137:13)
    at Route.dispatch (C:\Users\anand\Desktop\fundoo-Notes\node_modules\express\lib\router\route.js:112:3)
    at Layer.handle [as handle_request] (C:\Users\anand\Desktop\fundoo-Notes\node_modules\express\lib\router\layer.js:95:5)
    at C:\Users\anand\Desktop\fundoo-Notes\node_modules\express\lib\router\index.js:281:22
    at Function.process_params (C:\Users\anand\Desktop\fundoo-Notes\node_modules\express\lib\router\index.js:341:12)
    at next (C:\Users\anand\Desktop\fundoo-Notes\node_modules\express\lib\router\index.js:275:10)
    at Function.handle (C:\Users\anand\Desktop\fundoo-Notes\node_modules\express\lib\router\index.js:174:3)
    at router (C:\Users\anand\Desktop\fundoo-Notes\node_modules\express\lib\router\index.js:47:12)
    at Layer.handle [as handle_request] (C:\Users\anand\Desktop\fundoo-Notes\node_modules\express\lib\router\layer.js:95:5)
    at trim_prefix (C:\Users\anand\Desktop\fundoo-Notes\node_modules\express\lib\router\index.js:323:13)
    at C:\Users\anand\Desktop\fundoo-Notes\node_modules\express\lib\router\index.js:284:7
    at Function.process_params (C:\Users\anand\Desktop\fundoo-Notes\node_modules\express\lib\router\index.js:341:12)
    at next (C:\Users\anand\Desktop\fundoo-Notes\node_modules\express\lib\router\index.js:275:10)
    at Function.handle (C:\Users\anand\Desktop\fundoo-Notes\node_modules\express\lib\router\index.js:174:3)
    at router (C:\Users\anand\Desktop\fundoo-Notes\node_modules\express\lib\router\index.js:47:12)
    at Layer.handle [as handle_request] (C:\Users\anand\Desktop\fundoo-Notes\node_modules\express\lib\router\layer.js:95:5)
    at trim_prefix (C:\Users\anand\Desktop\fundoo-Notes\node_modules\express\lib\router\index.js:323:13)
    at C:\Users\anand\Desktop\fundoo-Notes\node_modules\express\lib\router\index.js:284:7
    at Function.process_params (C:\Users\anand\Desktop\fundoo-Notes\node_modules\express\lib\router\index.js:341:12)
    at next (C:\Users\anand\Desktop\fundoo-Notes\node_modules\express\lib\router\index.js:275:10)
    at logger (C:\Users\anand\Desktop\fundoo-Notes\node_modules\morgan\index.js:144:5)
    at Layer.handle [as handle_request] (C:\Users\anand\Desktop\fundoo-Notes\node_modules\express\lib\router\layer.js:95:5)
    at trim_prefix (C:\Users\anand\Desktop\fundoo-Notes\node_modules\express\lib\router\index.js:323:13)
    at C:\Users\anand\Desktop\fundoo-Notes\node_modules\express\lib\router\index.js:284:7
    at Function.process_params (C:\Users\anand\Desktop\fundoo-Notes\node_modules\express\lib\router\index.js:341:12)
    at next (C:\Users\anand\Desktop\fundoo-Notes\node_modules\express\lib\router\index.js:275:10)
    at C:\Users\anand\Desktop\fundoo-Notes\node_modules\body-parser\lib\read.js:130:5
    at invokeCallback (C:\Users\anand\Desktop\fundoo-Notes\node_modules\raw-body\index.js:224:16)
    at done (C:\Users\anand\Desktop\fundoo-Notes\node_modules\raw-body\index.js:213:7)
    at IncomingMessage.onEnd (C:\Users\anand\Desktop\fundoo-Notes\node_modules\raw-body\index.js:273:7)
    at IncomingMessage.emit (node:events:402:35)
    at endReadableNT (node:internal/streams/readable:1343:12)
    at processTicksAndRejections (node:internal/process/task_queues:83:21) 
    url - /api/v1/users/register 
    method - POST 
    IP - ::ffff:127.0.0.1
   {"timestamp":"2022-03-04T08:18:11.673Z"}
error: 
    status - 500 
    message - Error: User is not Registered
    at _callee3$ (C:\Users\anand\Desktop\fundoo-Notes\src\services\/user.service.js:40:9)
    at tryCatch (C:\Users\anand\Desktop\fundoo-Notes\node_modules\regenerator-runtime\runtime.js:63:40)
    at Generator.invoke [as _invoke] (C:\Users\anand\Desktop\fundoo-Notes\node_modules\regenerator-runtime\runtime.js:294:22)
    at Generator.next (C:\Users\anand\Desktop\fundoo-Notes\node_modules\regenerator-runtime\runtime.js:119:21)
    at asyncGeneratorStep (C:\Users\anand\Desktop\fundoo-Notes\node_modules\@babel\runtime\helpers\asyncToGenerator.js:3:24)
    at _next (C:\Users\anand\Desktop\fundoo-Notes\node_modules\@babel\runtime\helpers\asyncToGenerator.js:25:9)
    at processTicksAndRejections (node:internal/process/task_queues:96:5) 
    url - /api/v1/users/login 
    method - POST 
    IP - ::ffff:127.0.0.1
   {"timestamp":"2022-03-04T08:18:11.843Z"}
info: Server started at http://localhost:3000/api/v1/ {"timestamp":"2022-03-04T08:19:24.474Z"}
info: Connected to the database. {"timestamp":"2022-03-04T08:19:24.504Z"}
error: 
    status - 500 
    message - TypeError: _joi.default.alphanum is not a function
    at newUserValidator (C:\Users\anand\Desktop\fundoo-Notes\src\validators\/user.validator.js:7:18)
    at Layer.handle [as handle_request] (C:\Users\anand\Desktop\fundoo-Notes\node_modules\express\lib\router\layer.js:95:5)
    at next (C:\Users\anand\Desktop\fundoo-Notes\node_modules\express\lib\router\route.js:137:13)
    at Route.dispatch (C:\Users\anand\Desktop\fundoo-Notes\node_modules\express\lib\router\route.js:112:3)
    at Layer.handle [as handle_request] (C:\Users\anand\Desktop\fundoo-Notes\node_modules\express\lib\router\layer.js:95:5)
    at C:\Users\anand\Desktop\fundoo-Notes\node_modules\express\lib\router\index.js:281:22
    at Function.process_params (C:\Users\anand\Desktop\fundoo-Notes\node_modules\express\lib\router\index.js:341:12)
    at next (C:\Users\anand\Desktop\fundoo-Notes\node_modules\express\lib\router\index.js:275:10)
    at Function.handle (C:\Users\anand\Desktop\fundoo-Notes\node_modules\express\lib\router\index.js:174:3)
    at router (C:\Users\anand\Desktop\fundoo-Notes\node_modules\express\lib\router\index.js:47:12)
    at Layer.handle [as handle_request] (C:\Users\anand\Desktop\fundoo-Notes\node_modules\express\lib\router\layer.js:95:5)
    at trim_prefix (C:\Users\anand\Desktop\fundoo-Notes\node_modules\express\lib\router\index.js:323:13)
    at C:\Users\anand\Desktop\fundoo-Notes\node_modules\express\lib\router\index.js:284:7
    at Function.process_params (C:\Users\anand\Desktop\fundoo-Notes\node_modules\express\lib\router\index.js:341:12)
    at next (C:\Users\anand\Desktop\fundoo-Notes\node_modules\express\lib\router\index.js:275:10)
    at Function.handle (C:\Users\anand\Desktop\fundoo-Notes\node_modules\express\lib\router\index.js:174:3)
    at router (C:\Users\anand\Desktop\fundoo-Notes\node_modules\express\lib\router\index.js:47:12)
    at Layer.handle [as handle_request] (C:\Users\anand\Desktop\fundoo-Notes\node_modules\express\lib\router\layer.js:95:5)
    at trim_prefix (C:\Users\anand\Desktop\fundoo-Notes\node_modules\express\lib\router\index.js:323:13)
    at C:\Users\anand\Desktop\fundoo-Notes\node_modules\express\lib\router\index.js:284:7
    at Function.process_params (C:\Users\anand\Desktop\fundoo-Notes\node_modules\express\lib\router\index.js:341:12)
    at next (C:\Users\anand\Desktop\fundoo-Notes\node_modules\express\lib\router\index.js:275:10)
    at logger (C:\Users\anand\Desktop\fundoo-Notes\node_modules\morgan\index.js:144:5)
    at Layer.handle [as handle_request] (C:\Users\anand\Desktop\fundoo-Notes\node_modules\express\lib\router\layer.js:95:5)
    at trim_prefix (C:\Users\anand\Desktop\fundoo-Notes\node_modules\express\lib\router\index.js:323:13)
    at C:\Users\anand\Desktop\fundoo-Notes\node_modules\express\lib\router\index.js:284:7
    at Function.process_params (C:\Users\anand\Desktop\fundoo-Notes\node_modules\express\lib\router\index.js:341:12)
    at next (C:\Users\anand\Desktop\fundoo-Notes\node_modules\express\lib\router\index.js:275:10)
    at C:\Users\anand\Desktop\fundoo-Notes\node_modules\body-parser\lib\read.js:130:5
    at invokeCallback (C:\Users\anand\Desktop\fundoo-Notes\node_modules\raw-body\index.js:224:16)
    at done (C:\Users\anand\Desktop\fundoo-Notes\node_modules\raw-body\index.js:213:7)
    at IncomingMessage.onEnd (C:\Users\anand\Desktop\fundoo-Notes\node_modules\raw-body\index.js:273:7)
    at IncomingMessage.emit (node:events:402:35)
    at endReadableNT (node:internal/streams/readable:1343:12)
    at processTicksAndRejections (node:internal/process/task_queues:83:21) 
    url - /api/v1/users/register 
    method - POST 
    IP - ::ffff:127.0.0.1
   {"timestamp":"2022-03-04T08:19:24.547Z"}
error: 
    status - 500 
    message - Error: User is not Registered
    at _callee3$ (C:\Users\anand\Desktop\fundoo-Notes\src\services\/user.service.js:40:9)
    at tryCatch (C:\Users\anand\Desktop\fundoo-Notes\node_modules\regenerator-runtime\runtime.js:63:40)
    at Generator.invoke [as _invoke] (C:\Users\anand\Desktop\fundoo-Notes\node_modules\regenerator-runtime\runtime.js:294:22)
    at Generator.next (C:\Users\anand\Desktop\fundoo-Notes\node_modules\regenerator-runtime\runtime.js:119:21)
    at asyncGeneratorStep (C:\Users\anand\Desktop\fundoo-Notes\node_modules\@babel\runtime\helpers\asyncToGenerator.js:3:24)
    at _next (C:\Users\anand\Desktop\fundoo-Notes\node_modules\@babel\runtime\helpers\asyncToGenerator.js:25:9)
    at processTicksAndRejections (node:internal/process/task_queues:96:5) 
    url - /api/v1/users/login 
    method - POST 
    IP - ::ffff:127.0.0.1
   {"timestamp":"2022-03-04T08:19:24.630Z"}
info: Server started at http://localhost:3000/api/v1/ {"timestamp":"2022-03-04T08:19:43.610Z"}
info: Connected to the database. {"timestamp":"2022-03-04T08:19:43.643Z"}
error: 
    status - 500 
    message - TypeError: _joi.default.alphanum is not a function
    at newUserValidator (C:\Users\anand\Desktop\fundoo-Notes\src\validators\/user.validator.js:7:18)
    at Layer.handle [as handle_request] (C:\Users\anand\Desktop\fundoo-Notes\node_modules\express\lib\router\layer.js:95:5)
    at next (C:\Users\anand\Desktop\fundoo-Notes\node_modules\express\lib\router\route.js:137:13)
    at Route.dispatch (C:\Users\anand\Desktop\fundoo-Notes\node_modules\express\lib\router\route.js:112:3)
    at Layer.handle [as handle_request] (C:\Users\anand\Desktop\fundoo-Notes\node_modules\express\lib\router\layer.js:95:5)
    at C:\Users\anand\Desktop\fundoo-Notes\node_modules\express\lib\router\index.js:281:22
    at Function.process_params (C:\Users\anand\Desktop\fundoo-Notes\node_modules\express\lib\router\index.js:341:12)
    at next (C:\Users\anand\Desktop\fundoo-Notes\node_modules\express\lib\router\index.js:275:10)
    at Function.handle (C:\Users\anand\Desktop\fundoo-Notes\node_modules\express\lib\router\index.js:174:3)
    at router (C:\Users\anand\Desktop\fundoo-Notes\node_modules\express\lib\router\index.js:47:12)
    at Layer.handle [as handle_request] (C:\Users\anand\Desktop\fundoo-Notes\node_modules\express\lib\router\layer.js:95:5)
    at trim_prefix (C:\Users\anand\Desktop\fundoo-Notes\node_modules\express\lib\router\index.js:323:13)
    at C:\Users\anand\Desktop\fundoo-Notes\node_modules\express\lib\router\index.js:284:7
    at Function.process_params (C:\Users\anand\Desktop\fundoo-Notes\node_modules\express\lib\router\index.js:341:12)
    at next (C:\Users\anand\Desktop\fundoo-Notes\node_modules\express\lib\router\index.js:275:10)
    at Function.handle (C:\Users\anand\Desktop\fundoo-Notes\node_modules\express\lib\router\index.js:174:3)
    at router (C:\Users\anand\Desktop\fundoo-Notes\node_modules\express\lib\router\index.js:47:12)
    at Layer.handle [as handle_request] (C:\Users\anand\Desktop\fundoo-Notes\node_modules\express\lib\router\layer.js:95:5)
    at trim_prefix (C:\Users\anand\Desktop\fundoo-Notes\node_modules\express\lib\router\index.js:323:13)
    at C:\Users\anand\Desktop\fundoo-Notes\node_modules\express\lib\router\index.js:284:7
    at Function.process_params (C:\Users\anand\Desktop\fundoo-Notes\node_modules\express\lib\router\index.js:341:12)
    at next (C:\Users\anand\Desktop\fundoo-Notes\node_modules\express\lib\router\index.js:275:10)
    at logger (C:\Users\anand\Desktop\fundoo-Notes\node_modules\morgan\index.js:144:5)
    at Layer.handle [as handle_request] (C:\Users\anand\Desktop\fundoo-Notes\node_modules\express\lib\router\layer.js:95:5)
    at trim_prefix (C:\Users\anand\Desktop\fundoo-Notes\node_modules\express\lib\router\index.js:323:13)
    at C:\Users\anand\Desktop\fundoo-Notes\node_modules\express\lib\router\index.js:284:7
    at Function.process_params (C:\Users\anand\Desktop\fundoo-Notes\node_modules\express\lib\router\index.js:341:12)
    at next (C:\Users\anand\Desktop\fundoo-Notes\node_modules\express\lib\router\index.js:275:10)
    at C:\Users\anand\Desktop\fundoo-Notes\node_modules\body-parser\lib\read.js:130:5
    at invokeCallback (C:\Users\anand\Desktop\fundoo-Notes\node_modules\raw-body\index.js:224:16)
    at done (C:\Users\anand\Desktop\fundoo-Notes\node_modules\raw-body\index.js:213:7)
    at IncomingMessage.onEnd (C:\Users\anand\Desktop\fundoo-Notes\node_modules\raw-body\index.js:273:7)
    at IncomingMessage.emit (node:events:402:35)
    at endReadableNT (node:internal/streams/readable:1343:12)
    at processTicksAndRejections (node:internal/process/task_queues:83:21) 
    url - /api/v1/users/register 
    method - POST 
    IP - ::ffff:127.0.0.1
   {"timestamp":"2022-03-04T08:19:43.686Z"}
error: 
    status - 500 
    message - Error: User is not Registered
    at _callee3$ (C:\Users\anand\Desktop\fundoo-Notes\src\services\/user.service.js:40:9)
    at tryCatch (C:\Users\anand\Desktop\fundoo-Notes\node_modules\regenerator-runtime\runtime.js:63:40)
    at Generator.invoke [as _invoke] (C:\Users\anand\Desktop\fundoo-Notes\node_modules\regenerator-runtime\runtime.js:294:22)
    at Generator.next (C:\Users\anand\Desktop\fundoo-Notes\node_modules\regenerator-runtime\runtime.js:119:21)
    at asyncGeneratorStep (C:\Users\anand\Desktop\fundoo-Notes\node_modules\@babel\runtime\helpers\asyncToGenerator.js:3:24)
    at _next (C:\Users\anand\Desktop\fundoo-Notes\node_modules\@babel\runtime\helpers\asyncToGenerator.js:25:9)
    at processTicksAndRejections (node:internal/process/task_queues:96:5) 
    url - /api/v1/users/login 
    method - POST 
    IP - ::ffff:127.0.0.1
   {"timestamp":"2022-03-04T08:19:43.781Z"}
info: Server started at http://localhost:3000/api/v1/ {"timestamp":"2022-03-04T08:20:06.290Z"}
info: Connected to the database. {"timestamp":"2022-03-04T08:20:06.320Z"}
error: 
    status - 500 
    message - TypeError: _joi.default.min is not a function
    at newUserValidator (C:\Users\anand\Desktop\fundoo-Notes\src\validators\/user.validator.js:7:18)
    at Layer.handle [as handle_request] (C:\Users\anand\Desktop\fundoo-Notes\node_modules\express\lib\router\layer.js:95:5)
    at next (C:\Users\anand\Desktop\fundoo-Notes\node_modules\express\lib\router\route.js:137:13)
    at Route.dispatch (C:\Users\anand\Desktop\fundoo-Notes\node_modules\express\lib\router\route.js:112:3)
    at Layer.handle [as handle_request] (C:\Users\anand\Desktop\fundoo-Notes\node_modules\express\lib\router\layer.js:95:5)
    at C:\Users\anand\Desktop\fundoo-Notes\node_modules\express\lib\router\index.js:281:22
    at Function.process_params (C:\Users\anand\Desktop\fundoo-Notes\node_modules\express\lib\router\index.js:341:12)
    at next (C:\Users\anand\Desktop\fundoo-Notes\node_modules\express\lib\router\index.js:275:10)
    at Function.handle (C:\Users\anand\Desktop\fundoo-Notes\node_modules\express\lib\router\index.js:174:3)
    at router (C:\Users\anand\Desktop\fundoo-Notes\node_modules\express\lib\router\index.js:47:12)
    at Layer.handle [as handle_request] (C:\Users\anand\Desktop\fundoo-Notes\node_modules\express\lib\router\layer.js:95:5)
    at trim_prefix (C:\Users\anand\Desktop\fundoo-Notes\node_modules\express\lib\router\index.js:323:13)
    at C:\Users\anand\Desktop\fundoo-Notes\node_modules\express\lib\router\index.js:284:7
    at Function.process_params (C:\Users\anand\Desktop\fundoo-Notes\node_modules\express\lib\router\index.js:341:12)
    at next (C:\Users\anand\Desktop\fundoo-Notes\node_modules\express\lib\router\index.js:275:10)
    at Function.handle (C:\Users\anand\Desktop\fundoo-Notes\node_modules\express\lib\router\index.js:174:3)
    at router (C:\Users\anand\Desktop\fundoo-Notes\node_modules\express\lib\router\index.js:47:12)
    at Layer.handle [as handle_request] (C:\Users\anand\Desktop\fundoo-Notes\node_modules\express\lib\router\layer.js:95:5)
    at trim_prefix (C:\Users\anand\Desktop\fundoo-Notes\node_modules\express\lib\router\index.js:323:13)
    at C:\Users\anand\Desktop\fundoo-Notes\node_modules\express\lib\router\index.js:284:7
    at Function.process_params (C:\Users\anand\Desktop\fundoo-Notes\node_modules\express\lib\router\index.js:341:12)
    at next (C:\Users\anand\Desktop\fundoo-Notes\node_modules\express\lib\router\index.js:275:10)
    at logger (C:\Users\anand\Desktop\fundoo-Notes\node_modules\morgan\index.js:144:5)
    at Layer.handle [as handle_request] (C:\Users\anand\Desktop\fundoo-Notes\node_modules\express\lib\router\layer.js:95:5)
    at trim_prefix (C:\Users\anand\Desktop\fundoo-Notes\node_modules\express\lib\router\index.js:323:13)
    at C:\Users\anand\Desktop\fundoo-Notes\node_modules\express\lib\router\index.js:284:7
    at Function.process_params (C:\Users\anand\Desktop\fundoo-Notes\node_modules\express\lib\router\index.js:341:12)
    at next (C:\Users\anand\Desktop\fundoo-Notes\node_modules\express\lib\router\index.js:275:10)
    at C:\Users\anand\Desktop\fundoo-Notes\node_modules\body-parser\lib\read.js:130:5
    at invokeCallback (C:\Users\anand\Desktop\fundoo-Notes\node_modules\raw-body\index.js:224:16)
    at done (C:\Users\anand\Desktop\fundoo-Notes\node_modules\raw-body\index.js:213:7)
    at IncomingMessage.onEnd (C:\Users\anand\Desktop\fundoo-Notes\node_modules\raw-body\index.js:273:7)
    at IncomingMessage.emit (node:events:402:35)
    at endReadableNT (node:internal/streams/readable:1343:12)
    at processTicksAndRejections (node:internal/process/task_queues:83:21) 
    url - /api/v1/users/register 
    method - POST 
    IP - ::ffff:127.0.0.1
   {"timestamp":"2022-03-04T08:20:06.358Z"}
error: 
    status - 500 
    message - Error: User is not Registered
    at _callee3$ (C:\Users\anand\Desktop\fundoo-Notes\src\services\/user.service.js:40:9)
    at tryCatch (C:\Users\anand\Desktop\fundoo-Notes\node_modules\regenerator-runtime\runtime.js:63:40)
    at Generator.invoke [as _invoke] (C:\Users\anand\Desktop\fundoo-Notes\node_modules\regenerator-runtime\runtime.js:294:22)
    at Generator.next (C:\Users\anand\Desktop\fundoo-Notes\node_modules\regenerator-runtime\runtime.js:119:21)
    at asyncGeneratorStep (C:\Users\anand\Desktop\fundoo-Notes\node_modules\@babel\runtime\helpers\asyncToGenerator.js:3:24)
    at _next (C:\Users\anand\Desktop\fundoo-Notes\node_modules\@babel\runtime\helpers\asyncToGenerator.js:25:9)
    at processTicksAndRejections (node:internal/process/task_queues:96:5) 
    url - /api/v1/users/login 
    method - POST 
    IP - ::ffff:127.0.0.1
   {"timestamp":"2022-03-04T08:20:06.450Z"}
info: Server started at http://localhost:3000/api/v1/ {"timestamp":"2022-03-04T08:21:08.072Z"}
info: Connected to the database. {"timestamp":"2022-03-04T08:21:08.098Z"}
info: Server started at http://localhost:3000/api/v1/ {"timestamp":"2022-03-04T08:22:07.478Z"}
info: Connected to the database. {"timestamp":"2022-03-04T08:22:07.507Z"}
error: 
    status - 500 
    message - Error: password does not match
    at _callee3$ (C:\Users\anand\Desktop\fundoo-Notes\src\services\/user.service.js:36:12)
    at tryCatch (C:\Users\anand\Desktop\fundoo-Notes\node_modules\regenerator-runtime\runtime.js:63:40)
    at Generator.invoke [as _invoke] (C:\Users\anand\Desktop\fundoo-Notes\node_modules\regenerator-runtime\runtime.js:294:22)
    at Generator.next (C:\Users\anand\Desktop\fundoo-Notes\node_modules\regenerator-runtime\runtime.js:119:21)
    at asyncGeneratorStep (C:\Users\anand\Desktop\fundoo-Notes\node_modules\@babel\runtime\helpers\asyncToGenerator.js:3:24)
    at _next (C:\Users\anand\Desktop\fundoo-Notes\node_modules\@babel\runtime\helpers\asyncToGenerator.js:25:9)
    at processTicksAndRejections (node:internal/process/task_queues:96:5) 
    url - /api/v1/users/login 
    method - POST 
    IP - ::ffff:127.0.0.1
   {"timestamp":"2022-03-04T08:22:07.826Z"}
info: Server started at http://localhost:3000/api/v1/ {"timestamp":"2022-03-04T08:23:52.721Z"}
info: Connected to the database. {"timestamp":"2022-03-04T08:23:52.750Z"}
error: 
    status - 500 
    message - Error: password does not match
    at _callee3$ (C:\Users\anand\Desktop\fundoo-Notes\src\services\/user.service.js:36:12)
    at tryCatch (C:\Users\anand\Desktop\fundoo-Notes\node_modules\regenerator-runtime\runtime.js:63:40)
    at Generator.invoke [as _invoke] (C:\Users\anand\Desktop\fundoo-Notes\node_modules\regenerator-runtime\runtime.js:294:22)
    at Generator.next (C:\Users\anand\Desktop\fundoo-Notes\node_modules\regenerator-runtime\runtime.js:119:21)
    at asyncGeneratorStep (C:\Users\anand\Desktop\fundoo-Notes\node_modules\@babel\runtime\helpers\asyncToGenerator.js:3:24)
    at _next (C:\Users\anand\Desktop\fundoo-Notes\node_modules\@babel\runtime\helpers\asyncToGenerator.js:25:9)
    at processTicksAndRejections (node:internal/process/task_queues:96:5) 
    url - /api/v1/users/login 
    method - POST 
    IP - ::ffff:127.0.0.1
   {"timestamp":"2022-03-04T08:23:53.144Z"}
error: 
    status - 500 
    message - Error: data and hash arguments required
    at Object.compareSync (C:\Users\anand\Desktop\fundoo-Notes\node_modules\bcrypt\bcrypt.js:166:15)
    at _callee3$ (C:\Users\anand\Desktop\fundoo-Notes\src\services\/user.service.js:30:33)
    at tryCatch (C:\Users\anand\Desktop\fundoo-Notes\node_modules\regenerator-runtime\runtime.js:63:40)
    at Generator.invoke [as _invoke] (C:\Users\anand\Desktop\fundoo-Notes\node_modules\regenerator-runtime\runtime.js:294:22)
    at Generator.next (C:\Users\anand\Desktop\fundoo-Notes\node_modules\regenerator-runtime\runtime.js:119:21)
    at asyncGeneratorStep (C:\Users\anand\Desktop\fundoo-Notes\node_modules\@babel\runtime\helpers\asyncToGenerator.js:3:24)
    at _next (C:\Users\anand\Desktop\fundoo-Notes\node_modules\@babel\runtime\helpers\asyncToGenerator.js:25:9)
    at processTicksAndRejections (node:internal/process/task_queues:96:5) 
    url - /api/v1/users/login 
    method - POST 
    IP - ::ffff:127.0.0.1
   {"timestamp":"2022-03-04T08:23:53.205Z"}
info: Server started at http://localhost:3000/api/v1/ {"timestamp":"2022-03-04T08:24:36.100Z"}
info: Connected to the database. {"timestamp":"2022-03-04T08:24:36.127Z"}
error: 
    status - 500 
    message - Error: password does not match
    at _callee3$ (C:\Users\anand\Desktop\fundoo-Notes\src\services\/user.service.js:36:12)
    at tryCatch (C:\Users\anand\Desktop\fundoo-Notes\node_modules\regenerator-runtime\runtime.js:63:40)
    at Generator.invoke [as _invoke] (C:\Users\anand\Desktop\fundoo-Notes\node_modules\regenerator-runtime\runtime.js:294:22)
    at Generator.next (C:\Users\anand\Desktop\fundoo-Notes\node_modules\regenerator-runtime\runtime.js:119:21)
    at asyncGeneratorStep (C:\Users\anand\Desktop\fundoo-Notes\node_modules\@babel\runtime\helpers\asyncToGenerator.js:3:24)
    at _next (C:\Users\anand\Desktop\fundoo-Notes\node_modules\@babel\runtime\helpers\asyncToGenerator.js:25:9)
    at processTicksAndRejections (node:internal/process/task_queues:96:5) 
    url - /api/v1/users/login 
    method - POST 
    IP - ::ffff:127.0.0.1
   {"timestamp":"2022-03-04T08:24:36.448Z"}
info: Server started at http://localhost:3000/api/v1/ {"timestamp":"2022-03-04T08:25:53.882Z"}
info: Connected to the database. {"timestamp":"2022-03-04T08:25:53.912Z"}
error: 
    status - 500 
    message - Error: password does not match
    at _callee3$ (C:\Users\anand\Desktop\fundoo-Notes\src\services\/user.service.js:36:12)
    at tryCatch (C:\Users\anand\Desktop\fundoo-Notes\node_modules\regenerator-runtime\runtime.js:63:40)
    at Generator.invoke [as _invoke] (C:\Users\anand\Desktop\fundoo-Notes\node_modules\regenerator-runtime\runtime.js:294:22)
    at Generator.next (C:\Users\anand\Desktop\fundoo-Notes\node_modules\regenerator-runtime\runtime.js:119:21)
    at asyncGeneratorStep (C:\Users\anand\Desktop\fundoo-Notes\node_modules\@babel\runtime\helpers\asyncToGenerator.js:3:24)
    at _next (C:\Users\anand\Desktop\fundoo-Notes\node_modules\@babel\runtime\helpers\asyncToGenerator.js:25:9)
    at processTicksAndRejections (node:internal/process/task_queues:96:5) 
    url - /api/v1/users/login 
    method - POST 
    IP - ::ffff:127.0.0.1
   {"timestamp":"2022-03-04T08:25:54.241Z"}
info: Server started at http://localhost:3000/api/v1/ {"timestamp":"2022-03-04T08:27:13.372Z"}
info: Connected to the database. {"timestamp":"2022-03-04T08:27:13.401Z"}
error: 
    status - 500 
    message - Error: password does not match
    at _callee3$ (C:\Users\anand\Desktop\fundoo-Notes\src\services\/user.service.js:36:12)
    at tryCatch (C:\Users\anand\Desktop\fundoo-Notes\node_modules\regenerator-runtime\runtime.js:63:40)
    at Generator.invoke [as _invoke] (C:\Users\anand\Desktop\fundoo-Notes\node_modules\regenerator-runtime\runtime.js:294:22)
    at Generator.next (C:\Users\anand\Desktop\fundoo-Notes\node_modules\regenerator-runtime\runtime.js:119:21)
    at asyncGeneratorStep (C:\Users\anand\Desktop\fundoo-Notes\node_modules\@babel\runtime\helpers\asyncToGenerator.js:3:24)
    at _next (C:\Users\anand\Desktop\fundoo-Notes\node_modules\@babel\runtime\helpers\asyncToGenerator.js:25:9)
    at processTicksAndRejections (node:internal/process/task_queues:96:5) 
    url - /api/v1/users/login 
    method - POST 
    IP - ::ffff:127.0.0.1
   {"timestamp":"2022-03-04T08:27:13.720Z"}
error: 
    status - 500 
    message - TypeError: Cannot read properties of null (reading 'emailID')
    at _callee4$ (C:\Users\anand\Desktop\fundoo-Notes\src\services\/user.service.js:50:17)
    at tryCatch (C:\Users\anand\Desktop\fundoo-Notes\node_modules\regenerator-runtime\runtime.js:63:40)
    at Generator.invoke [as _invoke] (C:\Users\anand\Desktop\fundoo-Notes\node_modules\regenerator-runtime\runtime.js:294:22)
    at Generator.next (C:\Users\anand\Desktop\fundoo-Notes\node_modules\regenerator-runtime\runtime.js:119:21)
    at asyncGeneratorStep (C:\Users\anand\Desktop\fundoo-Notes\node_modules\@babel\runtime\helpers\asyncToGenerator.js:3:24)
    at _next (C:\Users\anand\Desktop\fundoo-Notes\node_modules\@babel\runtime\helpers\asyncToGenerator.js:25:9)
    at processTicksAndRejections (node:internal/process/task_queues:96:5) 
    url - /api/v1/users/forget 
    method - POST 
    IP - ::ffff:127.0.0.1
   {"timestamp":"2022-03-04T08:27:13.783Z"}
info: Server started at http://localhost:3000/api/v1/ {"timestamp":"2022-03-04T08:37:52.339Z"}
info: Connected to the database. {"timestamp":"2022-03-04T08:37:52.367Z"}
error: 
    status - 500 
    message - ValidationError: "firstName" length must be at least 4 characters long 
    url - /api/v1/users/register 
    method - POST 
    IP - ::ffff:127.0.0.1
   {"timestamp":"2022-03-04T08:37:52.516Z"}
error: 
    status - 500 
    message - ValidationError: "firstName" length must be at least 4 characters long 
    url - /api/v1/users/register 
    method - POST 
    IP - ::ffff:127.0.0.1
   {"timestamp":"2022-03-04T08:37:52.571Z"}
error: 
    status - 500 
    message - ValidationError: "firstName" length must be at least 4 characters long 
    url - /api/v1/users/register 
    method - POST 
    IP - ::ffff:127.0.0.1
   {"timestamp":"2022-03-04T08:37:52.603Z"}
error: 
    status - 500 
    message - ValidationError: "firstName" length must be at least 4 characters long 
    url - /api/v1/users/register 
    method - POST 
    IP - ::ffff:127.0.0.1
   {"timestamp":"2022-03-04T08:37:52.632Z"}
error: 
    status - 500 
    message - Error: password does not match
    at _callee3$ (C:\Users\anand\Desktop\fundoo-Notes\src\services\/user.service.js:36:12)
    at tryCatch (C:\Users\anand\Desktop\fundoo-Notes\node_modules\regenerator-runtime\runtime.js:63:40)
    at Generator.invoke [as _invoke] (C:\Users\anand\Desktop\fundoo-Notes\node_modules\regenerator-runtime\runtime.js:294:22)
    at Generator.next (C:\Users\anand\Desktop\fundoo-Notes\node_modules\regenerator-runtime\runtime.js:119:21)
    at asyncGeneratorStep (C:\Users\anand\Desktop\fundoo-Notes\node_modules\@babel\runtime\helpers\asyncToGenerator.js:3:24)
    at _next (C:\Users\anand\Desktop\fundoo-Notes\node_modules\@babel\runtime\helpers\asyncToGenerator.js:25:9)
    at processTicksAndRejections (node:internal/process/task_queues:96:5) 
    url - /api/v1/users/login 
    method - POST 
    IP - ::ffff:127.0.0.1
   {"timestamp":"2022-03-04T08:37:52.836Z"}
error: 
    status - 500 
    message - Error: User is not Registered
    at _callee3$ (C:\Users\anand\Desktop\fundoo-Notes\src\services\/user.service.js:40:9)
    at tryCatch (C:\Users\anand\Desktop\fundoo-Notes\node_modules\regenerator-runtime\runtime.js:63:40)
    at Generator.invoke [as _invoke] (C:\Users\anand\Desktop\fundoo-Notes\node_modules\regenerator-runtime\runtime.js:294:22)
    at Generator.next (C:\Users\anand\Desktop\fundoo-Notes\node_modules\regenerator-runtime\runtime.js:119:21)
    at asyncGeneratorStep (C:\Users\anand\Desktop\fundoo-Notes\node_modules\@babel\runtime\helpers\asyncToGenerator.js:3:24)
    at _next (C:\Users\anand\Desktop\fundoo-Notes\node_modules\@babel\runtime\helpers\asyncToGenerator.js:25:9)
    at processTicksAndRejections (node:internal/process/task_queues:96:5) 
    url - /api/v1/users/login 
    method - POST 
    IP - ::ffff:127.0.0.1
   {"timestamp":"2022-03-04T08:37:52.894Z"}
info: Server started at http://localhost:3000/api/v1/ {"timestamp":"2022-03-04T08:40:30.263Z"}
info: Connected to the database. {"timestamp":"2022-03-04T08:40:30.291Z"}
error: 
    status - 500 
    message - Error: User is not Registered
    at _callee3$ (C:\Users\anand\Desktop\fundoo-Notes\src\services\/user.service.js:40:9)
    at tryCatch (C:\Users\anand\Desktop\fundoo-Notes\node_modules\regenerator-runtime\runtime.js:63:40)
    at Generator.invoke [as _invoke] (C:\Users\anand\Desktop\fundoo-Notes\node_modules\regenerator-runtime\runtime.js:294:22)
    at Generator.next (C:\Users\anand\Desktop\fundoo-Notes\node_modules\regenerator-runtime\runtime.js:119:21)
    at asyncGeneratorStep (C:\Users\anand\Desktop\fundoo-Notes\node_modules\@babel\runtime\helpers\asyncToGenerator.js:3:24)
    at _next (C:\Users\anand\Desktop\fundoo-Notes\node_modules\@babel\runtime\helpers\asyncToGenerator.js:25:9)
    at processTicksAndRejections (node:internal/process/task_queues:96:5) 
    url - /api/v1/users/login 
    method - POST 
    IP - ::ffff:127.0.0.1
   {"timestamp":"2022-03-04T08:40:30.347Z"}
error: 
    status - 500 
    message - ValidationError: "firstName" length must be at least 4 characters long 
    url - /api/v1/users/register 
    method - POST 
    IP - ::ffff:127.0.0.1
   {"timestamp":"2022-03-04T08:40:30.533Z"}
error: 
    status - 500 
    message - ValidationError: "firstName" length must be at least 4 characters long 
    url - /api/v1/users/register 
    method - POST 
    IP - ::ffff:127.0.0.1
   {"timestamp":"2022-03-04T08:40:30.566Z"}
error: 
    status - 500 
    message - ValidationError: "firstName" length must be at least 4 characters long 
    url - /api/v1/users/register 
    method - POST 
    IP - ::ffff:127.0.0.1
   {"timestamp":"2022-03-04T08:40:30.601Z"}
error: 
    status - 500 
    message - ValidationError: "firstName" length must be at least 4 characters long 
    url - /api/v1/users/register 
    method - POST 
    IP - ::ffff:127.0.0.1
   {"timestamp":"2022-03-04T08:40:30.635Z"}
error: 
    status - 500 
    message - Error: password does not match
    at _callee3$ (C:\Users\anand\Desktop\fundoo-Notes\src\services\/user.service.js:36:12)
    at tryCatch (C:\Users\anand\Desktop\fundoo-Notes\node_modules\regenerator-runtime\runtime.js:63:40)
    at Generator.invoke [as _invoke] (C:\Users\anand\Desktop\fundoo-Notes\node_modules\regenerator-runtime\runtime.js:294:22)
    at Generator.next (C:\Users\anand\Desktop\fundoo-Notes\node_modules\regenerator-runtime\runtime.js:119:21)
    at asyncGeneratorStep (C:\Users\anand\Desktop\fundoo-Notes\node_modules\@babel\runtime\helpers\asyncToGenerator.js:3:24)
    at _next (C:\Users\anand\Desktop\fundoo-Notes\node_modules\@babel\runtime\helpers\asyncToGenerator.js:25:9)
    at processTicksAndRejections (node:internal/process/task_queues:96:5) 
    url - /api/v1/users/login 
    method - POST 
    IP - ::ffff:127.0.0.1
   {"timestamp":"2022-03-04T08:40:30.836Z"}
info: Server started at http://localhost:3000/api/v1/ {"timestamp":"2022-03-04T08:45:59.931Z"}
info: Connected to the database. {"timestamp":"2022-03-04T08:45:59.964Z"}
error: 
    status - 500 
    message - Error: User is not Registered
    at _callee3$ (C:\Users\anand\Desktop\fundoo-Notes\src\services\/user.service.js:40:9)
    at tryCatch (C:\Users\anand\Desktop\fundoo-Notes\node_modules\regenerator-runtime\runtime.js:63:40)
    at Generator.invoke [as _invoke] (C:\Users\anand\Desktop\fundoo-Notes\node_modules\regenerator-runtime\runtime.js:294:22)
    at Generator.next (C:\Users\anand\Desktop\fundoo-Notes\node_modules\regenerator-runtime\runtime.js:119:21)
    at asyncGeneratorStep (C:\Users\anand\Desktop\fundoo-Notes\node_modules\@babel\runtime\helpers\asyncToGenerator.js:3:24)
    at _next (C:\Users\anand\Desktop\fundoo-Notes\node_modules\@babel\runtime\helpers\asyncToGenerator.js:25:9)
    at processTicksAndRejections (node:internal/process/task_queues:96:5) 
    url - /api/v1/users/login 
    method - POST 
    IP - ::ffff:127.0.0.1
   {"timestamp":"2022-03-04T08:46:00.040Z"}
error: 
    status - 500 
    message - ValidationError: "firstName" length must be at least 4 characters long 
    url - /api/v1/users/register 
    method - POST 
    IP - ::ffff:127.0.0.1
   {"timestamp":"2022-03-04T08:46:00.219Z"}
error: 
    status - 500 
    message - ValidationError: "lastName" length must be at least 4 characters long 
    url - /api/v1/users/register 
    method - POST 
    IP - ::ffff:127.0.0.1
   {"timestamp":"2022-03-04T08:46:00.253Z"}
error: 
    status - 500 
    message - ValidationError: "firstName" length must be at least 4 characters long 
    url - /api/v1/users/register 
    method - POST 
    IP - ::ffff:127.0.0.1
   {"timestamp":"2022-03-04T08:46:00.372Z"}
error: 
    status - 500 
    message - Error: password does not match
    at _callee3$ (C:\Users\anand\Desktop\fundoo-Notes\src\services\/user.service.js:36:12)
    at tryCatch (C:\Users\anand\Desktop\fundoo-Notes\node_modules\regenerator-runtime\runtime.js:63:40)
    at Generator.invoke [as _invoke] (C:\Users\anand\Desktop\fundoo-Notes\node_modules\regenerator-runtime\runtime.js:294:22)
    at Generator.next (C:\Users\anand\Desktop\fundoo-Notes\node_modules\regenerator-runtime\runtime.js:119:21)
    at asyncGeneratorStep (C:\Users\anand\Desktop\fundoo-Notes\node_modules\@babel\runtime\helpers\asyncToGenerator.js:3:24)
    at _next (C:\Users\anand\Desktop\fundoo-Notes\node_modules\@babel\runtime\helpers\asyncToGenerator.js:25:9)
    at processTicksAndRejections (node:internal/process/task_queues:96:5) 
    url - /api/v1/users/login 
    method - POST 
    IP - ::ffff:127.0.0.1
   {"timestamp":"2022-03-04T08:46:00.584Z"}
info: Server started at http://localhost:3000/api/v1/ {"timestamp":"2022-03-04T08:47:47.895Z"}
info: Connected to the database. {"timestamp":"2022-03-04T08:47:47.936Z"}
error: 
    status - 500 
    message - ValidationError: "firstName" length must be at least 4 characters long 
    url - /api/v1/users/register 
    method - POST 
    IP - ::ffff:127.0.0.1
   {"timestamp":"2022-03-04T08:47:48.123Z"}
error: 
    status - 500 
    message - ValidationError: "lastName" length must be at least 4 characters long 
    url - /api/v1/users/register 
    method - POST 
    IP - ::ffff:127.0.0.1
   {"timestamp":"2022-03-04T08:47:48.190Z"}
error: 
    status - 500 
    message - ValidationError: "firstName" length must be at least 4 characters long 
    url - /api/v1/users/register 
    method - POST 
    IP - ::ffff:127.0.0.1
   {"timestamp":"2022-03-04T08:47:48.337Z"}
error: 
    status - 500 
    message - Error: password does not match
    at _callee3$ (C:\Users\anand\Desktop\fundoo-Notes\src\services\/user.service.js:36:12)
    at tryCatch (C:\Users\anand\Desktop\fundoo-Notes\node_modules\regenerator-runtime\runtime.js:63:40)
    at Generator.invoke [as _invoke] (C:\Users\anand\Desktop\fundoo-Notes\node_modules\regenerator-runtime\runtime.js:294:22)
    at Generator.next (C:\Users\anand\Desktop\fundoo-Notes\node_modules\regenerator-runtime\runtime.js:119:21)
    at asyncGeneratorStep (C:\Users\anand\Desktop\fundoo-Notes\node_modules\@babel\runtime\helpers\asyncToGenerator.js:3:24)
    at _next (C:\Users\anand\Desktop\fundoo-Notes\node_modules\@babel\runtime\helpers\asyncToGenerator.js:25:9)
    at processTicksAndRejections (node:internal/process/task_queues:96:5) 
    url - /api/v1/users/login 
    method - POST 
    IP - ::ffff:127.0.0.1
   {"timestamp":"2022-03-04T08:47:48.586Z"}
error: 
    status - 500 
    message - Error: User is not Registered
    at _callee3$ (C:\Users\anand\Desktop\fundoo-Notes\src\services\/user.service.js:40:9)
    at tryCatch (C:\Users\anand\Desktop\fundoo-Notes\node_modules\regenerator-runtime\runtime.js:63:40)
    at Generator.invoke [as _invoke] (C:\Users\anand\Desktop\fundoo-Notes\node_modules\regenerator-runtime\runtime.js:294:22)
    at Generator.next (C:\Users\anand\Desktop\fundoo-Notes\node_modules\regenerator-runtime\runtime.js:119:21)
    at asyncGeneratorStep (C:\Users\anand\Desktop\fundoo-Notes\node_modules\@babel\runtime\helpers\asyncToGenerator.js:3:24)
    at _next (C:\Users\anand\Desktop\fundoo-Notes\node_modules\@babel\runtime\helpers\asyncToGenerator.js:25:9)
    at processTicksAndRejections (node:internal/process/task_queues:96:5) 
    url - /api/v1/users/login 
    method - POST 
    IP - ::ffff:127.0.0.1
   {"timestamp":"2022-03-04T08:47:48.664Z"}
info: Server started at http://localhost:3000/api/v1/ {"timestamp":"2022-03-04T08:49:08.904Z"}
info: Connected to the database. {"timestamp":"2022-03-04T08:49:08.936Z"}
error: 
    status - 500 
    message - ValidationError: "firstName" length must be at least 4 characters long 
    url - /api/v1/users/register 
    method - POST 
    IP - ::ffff:127.0.0.1
   {"timestamp":"2022-03-04T08:49:09.103Z"}
error: 
    status - 500 
    message - ValidationError: "lastName" length must be at least 4 characters long 
    url - /api/v1/users/register 
    method - POST 
    IP - ::ffff:127.0.0.1
   {"timestamp":"2022-03-04T08:49:09.161Z"}
error: 
    status - 500 
    message - ValidationError: "firstName" length must be at least 4 characters long 
    url - /api/v1/users/register 
    method - POST 
    IP - ::ffff:127.0.0.1
   {"timestamp":"2022-03-04T08:49:09.286Z"}
info: Server started at http://localhost:3000/api/v1/ {"timestamp":"2022-03-04T08:50:34.127Z"}
info: Connected to the database. {"timestamp":"2022-03-04T08:50:34.155Z"}
error: 
    status - 500 
    message - ValidationError: "firstName" length must be at least 4 characters long 
    url - /api/v1/users/register 
    method - POST 
    IP - ::ffff:127.0.0.1
   {"timestamp":"2022-03-04T08:50:34.297Z"}
error: 
    status - 500 
    message - ValidationError: "lastName" length must be at least 4 characters long 
    url - /api/v1/users/register 
    method - POST 
    IP - ::ffff:127.0.0.1
   {"timestamp":"2022-03-04T08:50:34.346Z"}
error: 
    status - 500 
    message - ValidationError: "emailID" length must be at least 5 characters long 
    url - /api/v1/users/register 
    method - POST 
    IP - ::ffff:127.0.0.1
   {"timestamp":"2022-03-04T08:50:34.374Z"}
error: 
    status - 500 
    message - ValidationError: "firstName" length must be at least 4 characters long 
    url - /api/v1/users/register 
    method - POST 
    IP - ::ffff:127.0.0.1
   {"timestamp":"2022-03-04T08:50:34.403Z"}
info: Server started at http://localhost:3000/api/v1/ {"timestamp":"2022-03-04T08:56:09.223Z"}
info: Connected to the database. {"timestamp":"2022-03-04T08:56:09.250Z"}
error: 
    status - 500 
    message - ValidationError: "firstName" length must be at least 4 characters long 
    url - /api/v1/users/register 
    method - POST 
    IP - ::ffff:127.0.0.1
   {"timestamp":"2022-03-04T08:56:09.397Z"}
error: 
    status - 500 
    message - ValidationError: "lastName" length must be at least 4 characters long 
    url - /api/v1/users/register 
    method - POST 
    IP - ::ffff:127.0.0.1
   {"timestamp":"2022-03-04T08:56:09.477Z"}
error: 
    status - 500 
    message - ValidationError: "emailID" length must be at least 5 characters long 
    url - /api/v1/users/register 
    method - POST 
    IP - ::ffff:127.0.0.1
   {"timestamp":"2022-03-04T08:56:09.508Z"}
error: 
    status - 500 
    message - ValidationError: "firstName" length must be at least 4 characters long 
    url - /api/v1/users/register 
    method - POST 
    IP - ::ffff:127.0.0.1
   {"timestamp":"2022-03-04T08:56:09.534Z"}
info: Server started at http://localhost:3000/api/v1/ {"timestamp":"2022-03-04T08:56:22.989Z"}
info: Connected to the database. {"timestamp":"2022-03-04T08:56:23.059Z"}
info: Server started at http://localhost:3000/api/v1/ {"timestamp":"2022-03-04T08:58:10.174Z"}
info: Connected to the database. {"timestamp":"2022-03-04T08:58:10.203Z"}
info: Server started at http://localhost:3000/api/v1/ {"timestamp":"2022-03-04T09:01:08.964Z"}
info: Connected to the database. {"timestamp":"2022-03-04T09:01:09.022Z"}
info: Server started at http://localhost:3000/api/v1/ {"timestamp":"2022-03-04T09:14:58.692Z"}
info: Connected to the database. {"timestamp":"2022-03-04T09:14:58.752Z"}
info: Server started at http://localhost:3000/api/v1/ {"timestamp":"2022-03-04T09:27:02.820Z"}
info: Connected to the database. {"timestamp":"2022-03-04T09:27:02.844Z"}
info: Server started at http://localhost:3000/api/v1/ {"timestamp":"2022-03-04T09:27:36.704Z"}
info: Connected to the database. {"timestamp":"2022-03-04T09:27:36.728Z"}
info: Server started at http://localhost:3000/api/v1/ {"timestamp":"2022-03-04T09:29:47.602Z"}
info: Connected to the database. {"timestamp":"2022-03-04T09:29:47.628Z"}
info: Server started at http://localhost:3000/api/v1/ {"timestamp":"2022-03-04T09:30:15.164Z"}
info: Connected to the database. {"timestamp":"2022-03-04T09:30:15.188Z"}
error: 
      status - 400
      message - Authorization token is required 
      url - /api/v1/note 
      method - GET 
      IP - ::1
     {"timestamp":"2022-03-04T09:32:50.992Z"}
info: Server started at http://localhost:3000/api/v1/ {"timestamp":"2022-03-04T09:33:44.498Z"}
info: Connected to the database. {"timestamp":"2022-03-04T09:33:44.522Z"}
info: Server started at http://localhost:3000/api/v1/ {"timestamp":"2022-03-04T09:34:43.852Z"}
info: Connected to the database. {"timestamp":"2022-03-04T09:34:43.891Z"}
info: Server started at http://localhost:3000/api/v1/ {"timestamp":"2022-03-04T09:34:56.490Z"}
info: Server started at http://localhost:3000/api/v1/ {"timestamp":"2022-03-04T09:35:01.382Z"}
info: Connected to the database. {"timestamp":"2022-03-04T09:35:01.416Z"}
error: 
      status - 11000
      message - E11000 duplicate key error collection: user.users index: emailID_1 dup key: { emailID: "pratik@gmail.com" } 
      url - /api/v1/users/register 
      method - POST 
      IP - ::1
     {"timestamp":"2022-03-04T09:35:34.481Z"}
error: 
    status - 500 
    message - RangeError: Invalid status code: 11000
    at new NodeError (node:internal/errors:371:5)
    at ServerResponse.writeHead (node:_http_server:274:11)
    at ServerResponse.writeHead (C:\Users\anand\Desktop\fundoo-Notes\node_modules\on-headers\index.js:44:26)
    at ServerResponse._implicitHeader (node:_http_server:265:8)
    at write_ (node:_http_outgoing:766:9)
    at ServerResponse.end (node:_http_outgoing:855:5)
    at ServerResponse.send (C:\Users\anand\Desktop\fundoo-Notes\node_modules\express\lib\response.js:221:10)
    at ServerResponse.json (C:\Users\anand\Desktop\fundoo-Notes\node_modules\express\lib\response.js:267:15)
    at appErrorHandler (C:\Users\anand\Desktop\fundoo-Notes\src\middlewares\/error.middleware.js:36:26)
    at Layer.handle_error (C:\Users\anand\Desktop\fundoo-Notes\node_modules\express\lib\router\layer.js:71:5)
    at trim_prefix (C:\Users\anand\Desktop\fundoo-Notes\node_modules\express\lib\router\index.js:321:13)
    at C:\Users\anand\Desktop\fundoo-Notes\node_modules\express\lib\router\index.js:284:7
    at Function.process_params (C:\Users\anand\Desktop\fundoo-Notes\node_modules\express\lib\router\index.js:341:12)
    at next (C:\Users\anand\Desktop\fundoo-Notes\node_modules\express\lib\router\index.js:275:10)
    at C:\Users\anand\Desktop\fundoo-Notes\node_modules\express\lib\router\index.js:641:15
    at next (C:\Users\anand\Desktop\fundoo-Notes\node_modules\express\lib\router\index.js:260:14) 
    url - /api/v1/users/register 
    method - POST 
    IP - ::1
   {"timestamp":"2022-03-04T09:35:34.505Z"}
error: 
    status - 500 
    message - Error: User is not Registered
    at _callee3$ (C:\Users\anand\Desktop\fundoo-Notes\src\services\/user.service.js:40:9)
    at tryCatch (C:\Users\anand\Desktop\fundoo-Notes\node_modules\regenerator-runtime\runtime.js:63:40)
    at Generator.invoke [as _invoke] (C:\Users\anand\Desktop\fundoo-Notes\node_modules\regenerator-runtime\runtime.js:294:22)
    at Generator.next (C:\Users\anand\Desktop\fundoo-Notes\node_modules\regenerator-runtime\runtime.js:119:21)
    at asyncGeneratorStep (C:\Users\anand\Desktop\fundoo-Notes\node_modules\@babel\runtime\helpers\asyncToGenerator.js:3:24)
    at _next (C:\Users\anand\Desktop\fundoo-Notes\node_modules\@babel\runtime\helpers\asyncToGenerator.js:25:9)
    at processTicksAndRejections (node:internal/process/task_queues:96:5) 
    url - /api/v1/users/login 
    method - POST 
    IP - ::1
   {"timestamp":"2022-03-04T09:36:31.360Z"}
info: Server started at http://localhost:3000/api/v1/ {"timestamp":"2022-03-04T09:37:52.489Z"}
info: Connected to the database. {"timestamp":"2022-03-04T09:37:52.519Z"}
info: Server started at http://localhost:3000/api/v1/ {"timestamp":"2022-03-04T09:38:23.510Z"}
info: Connected to the database. {"timestamp":"2022-03-04T09:38:23.541Z"}
info: Server started at http://localhost:3000/api/v1/ {"timestamp":"2022-03-04T09:39:34.368Z"}
info: Connected to the database. {"timestamp":"2022-03-04T09:39:34.392Z"}
info: Server started at http://localhost:3000/api/v1/ {"timestamp":"2022-03-04T09:40:52.283Z"}
info: Connected to the database. {"timestamp":"2022-03-04T09:40:52.311Z"}
info: Server started at http://localhost:3000/api/v1/ {"timestamp":"2022-03-04T09:41:03.923Z"}
info: Connected to the database. {"timestamp":"2022-03-04T09:41:03.956Z"}
error: 
    status - 500 
    message - Error: user dont have any notes
    at _callee2$ (C:\Users\anand\Desktop\fundoo-Notes\src\services\/note.service.js:18:15)
    at tryCatch (C:\Users\anand\Desktop\fundoo-Notes\node_modules\regenerator-runtime\runtime.js:63:40)
    at Generator.invoke [as _invoke] (C:\Users\anand\Desktop\fundoo-Notes\node_modules\regenerator-runtime\runtime.js:294:22)
    at Generator.next (C:\Users\anand\Desktop\fundoo-Notes\node_modules\regenerator-runtime\runtime.js:119:21)
    at asyncGeneratorStep (C:\Users\anand\Desktop\fundoo-Notes\node_modules\@babel\runtime\helpers\asyncToGenerator.js:3:24)
    at _next (C:\Users\anand\Desktop\fundoo-Notes\node_modules\@babel\runtime\helpers\asyncToGenerator.js:25:9)
    at processTicksAndRejections (node:internal/process/task_queues:96:5) 
    url - /api/v1/note 
    method - GET 
    IP - ::1
   {"timestamp":"2022-03-04T09:41:08.599Z"}
info: Server started at http://localhost:3000/api/v1/ {"timestamp":"2022-03-04T11:59:46.916Z"}
info: Connected to the database. {"timestamp":"2022-03-04T11:59:46.956Z"}
info: Server started at http://localhost:3000/api/v1/ {"timestamp":"2022-03-04T12:03:03.493Z"}
info: Connected to the database. {"timestamp":"2022-03-04T12:03:03.521Z"}
info: Server started at http://localhost:3000/api/v1/ {"timestamp":"2022-03-04T12:04:45.342Z"}
info: Connected to the database. {"timestamp":"2022-03-04T12:04:45.386Z"}
error: 
      status - 11000
      message - E11000 duplicate key error collection: TEST_DATABASE.users index: emailID_1 dup key: { emailID: "anandubale11@gmail.com" } 
      url - /api/v1/users/register 
      method - POST 
      IP - ::ffff:127.0.0.1
     {"timestamp":"2022-03-04T12:04:45.515Z"}
error: 
    status - 500 
    message - RangeError: Invalid status code: 11000
    at new NodeError (node:internal/errors:371:5)
    at ServerResponse.writeHead (node:_http_server:274:11)
    at ServerResponse.writeHead (C:\Users\anand\Desktop\fundoo-Notes\node_modules\on-headers\index.js:44:26)
    at ServerResponse._implicitHeader (node:_http_server:265:8)
    at write_ (node:_http_outgoing:766:9)
    at ServerResponse.end (node:_http_outgoing:855:5)
    at ServerResponse.send (C:\Users\anand\Desktop\fundoo-Notes\node_modules\express\lib\response.js:221:10)
    at ServerResponse.json (C:\Users\anand\Desktop\fundoo-Notes\node_modules\express\lib\response.js:267:15)
    at appErrorHandler (C:\Users\anand\Desktop\fundoo-Notes\src\middlewares\/error.middleware.js:36:26)
    at Layer.handle_error (C:\Users\anand\Desktop\fundoo-Notes\node_modules\express\lib\router\layer.js:71:5)
    at trim_prefix (C:\Users\anand\Desktop\fundoo-Notes\node_modules\express\lib\router\index.js:321:13)
    at C:\Users\anand\Desktop\fundoo-Notes\node_modules\express\lib\router\index.js:284:7
    at Function.process_params (C:\Users\anand\Desktop\fundoo-Notes\node_modules\express\lib\router\index.js:341:12)
    at next (C:\Users\anand\Desktop\fundoo-Notes\node_modules\express\lib\router\index.js:275:10)
    at C:\Users\anand\Desktop\fundoo-Notes\node_modules\express\lib\router\index.js:641:15
    at next (C:\Users\anand\Desktop\fundoo-Notes\node_modules\express\lib\router\index.js:260:14)
    at C:\Users\anand\Desktop\fundoo-Notes\node_modules\express\lib\router\index.js:641:15
    at next (C:\Users\anand\Desktop\fundoo-Notes\node_modules\express\lib\router\index.js:260:14)
    at next (C:\Users\anand\Desktop\fundoo-Notes\node_modules\express\lib\router\route.js:127:14)
    at _callee2$ (C:\Users\anand\Desktop\fundoo-Notes\src\controllers\/user.controller.js:37:5)
    at tryCatch (C:\Users\anand\Desktop\fundoo-Notes\node_modules\regenerator-runtime\runtime.js:63:40)
    at Generator.invoke [as _invoke] (C:\Users\anand\Desktop\fundoo-Notes\node_modules\regenerator-runtime\runtime.js:294:22)
    at Generator.throw (C:\Users\anand\Desktop\fundoo-Notes\node_modules\regenerator-runtime\runtime.js:119:21)
    at asyncGeneratorStep (C:\Users\anand\Desktop\fundoo-Notes\node_modules\@babel\runtime\helpers\asyncToGenerator.js:3:24)
    at _throw (C:\Users\anand\Desktop\fundoo-Notes\node_modules\@babel\runtime\helpers\asyncToGenerator.js:29:9)
    at processTicksAndRejections (node:internal/process/task_queues:96:5) 
    url - /api/v1/users/register 
    method - POST 
    IP - ::ffff:127.0.0.1
   {"timestamp":"2022-03-04T12:04:45.567Z"}
error: 
    status - 500 
    message - Error: User is not Registered
    at _callee3$ (C:\Users\anand\Desktop\fundoo-Notes\src\services\/user.service.js:40:9)
    at tryCatch (C:\Users\anand\Desktop\fundoo-Notes\node_modules\regenerator-runtime\runtime.js:63:40)
    at Generator.invoke [as _invoke] (C:\Users\anand\Desktop\fundoo-Notes\node_modules\regenerator-runtime\runtime.js:294:22)
    at Generator.next (C:\Users\anand\Desktop\fundoo-Notes\node_modules\regenerator-runtime\runtime.js:119:21)
    at asyncGeneratorStep (C:\Users\anand\Desktop\fundoo-Notes\node_modules\@babel\runtime\helpers\asyncToGenerator.js:3:24)
    at _next (C:\Users\anand\Desktop\fundoo-Notes\node_modules\@babel\runtime\helpers\asyncToGenerator.js:25:9)
    at processTicksAndRejections (node:internal/process/task_queues:96:5) 
    url - /api/v1/users/login 
    method - POST 
    IP - ::ffff:127.0.0.1
   {"timestamp":"2022-03-04T12:04:45.656Z"}
error: 
    status - 500 
    message - TypeError: Cannot read properties of null (reading 'emailID')
    at _callee4$ (C:\Users\anand\Desktop\fundoo-Notes\src\services\/user.service.js:50:17)
    at tryCatch (C:\Users\anand\Desktop\fundoo-Notes\node_modules\regenerator-runtime\runtime.js:63:40)
    at Generator.invoke [as _invoke] (C:\Users\anand\Desktop\fundoo-Notes\node_modules\regenerator-runtime\runtime.js:294:22)
    at Generator.next (C:\Users\anand\Desktop\fundoo-Notes\node_modules\regenerator-runtime\runtime.js:119:21)
    at asyncGeneratorStep (C:\Users\anand\Desktop\fundoo-Notes\node_modules\@babel\runtime\helpers\asyncToGenerator.js:3:24)
    at _next (C:\Users\anand\Desktop\fundoo-Notes\node_modules\@babel\runtime\helpers\asyncToGenerator.js:25:9)
    at processTicksAndRejections (node:internal/process/task_queues:96:5) 
    url - /api/v1/users/forget 
    method - POST 
    IP - ::ffff:127.0.0.1
   {"timestamp":"2022-03-04T12:04:45.699Z"}
info: Server started at http://localhost:3000/api/v1/ {"timestamp":"2022-03-04T12:05:57.770Z"}
info: Connected to the database. {"timestamp":"2022-03-04T12:05:57.797Z"}
info: Server started at http://localhost:3000/api/v1/ {"timestamp":"2022-03-04T12:06:51.275Z"}
info: Connected to the database. {"timestamp":"2022-03-04T12:06:51.306Z"}
info: Server started at http://localhost:3000/api/v1/ {"timestamp":"2022-03-04T12:08:21.932Z"}
info: Connected to the database. {"timestamp":"2022-03-04T12:08:21.972Z"}
info: Server started at http://localhost:3000/api/v1/ {"timestamp":"2022-03-04T12:23:07.139Z"}
info: Connected to the database. {"timestamp":"2022-03-04T12:23:07.167Z"}
error: 
    status - 500 
    message - ReferenceError: promise is not defined
    at sendMailTo (C:\Users\anand\Desktop\fundoo-Notes\src\utils\/helper.js:29:5)
    at _callee4$ (C:\Users\anand\Desktop\fundoo-Notes\src\services\/user.service.js:53:26)
    at tryCatch (C:\Users\anand\Desktop\fundoo-Notes\node_modules\regenerator-runtime\runtime.js:63:40)
    at Generator.invoke [as _invoke] (C:\Users\anand\Desktop\fundoo-Notes\node_modules\regenerator-runtime\runtime.js:294:22)
    at Generator.next (C:\Users\anand\Desktop\fundoo-Notes\node_modules\regenerator-runtime\runtime.js:119:21)
    at asyncGeneratorStep (C:\Users\anand\Desktop\fundoo-Notes\node_modules\@babel\runtime\helpers\asyncToGenerator.js:3:24)
    at _next (C:\Users\anand\Desktop\fundoo-Notes\node_modules\@babel\runtime\helpers\asyncToGenerator.js:25:9)
    at processTicksAndRejections (node:internal/process/task_queues:96:5) 
    url - /api/v1/users/forget 
    method - POST 
    IP - ::ffff:127.0.0.1
   {"timestamp":"2022-03-04T12:23:07.418Z"}
info: Server started at http://localhost:3000/api/v1/ {"timestamp":"2022-03-04T12:23:55.095Z"}
info: Connected to the database. {"timestamp":"2022-03-04T12:23:55.126Z"}
info: undefined {"accepted":["anandubale11@gmail.com"],"envelope":{"from":"","to":["anandubale11@gmail.com"]},"envelopeTime":1117,"messageId":"<2ba97bac-5aa9-c11f-fa92-85cdb01a5c4d@LAPTOP>","messageSize":549,"messageTime":912,"rejected":[],"response":"250 2.0.0 OK  1646396494 lk9-20020a17090b33c900b001bc7c2dfcdbsm4733028pjb.37 - gsmtp","timestamp":"2022-03-04T12:23:59.052Z"}
info: Server started at http://localhost:3000/api/v1/ {"timestamp":"2022-03-04T12:26:02.189Z"}
info: Connected to the database. {"timestamp":"2022-03-04T12:26:02.236Z"}
info: undefined {"accepted":["anandubale11@gmail.com"],"envelope":{"from":"","to":["anandubale11@gmail.com"]},"envelopeTime":1033,"messageId":"<aa5d4768-ffb9-4ce2-b6fa-bcd313862aa2@LAPTOP>","messageSize":549,"messageTime":880,"rejected":[],"response":"250 2.0.0 OK  1646396621 lk9-20020a17090b33c900b001bc7c2dfcdbsm4739282pjb.37 - gsmtp","timestamp":"2022-03-04T12:26:05.892Z"}
info: Server started at http://localhost:3000/api/v1/ {"timestamp":"2022-03-04T12:31:05.110Z"}
info: Connected to the database. {"timestamp":"2022-03-04T12:31:05.144Z"}
info: undefined {"accepted":["anandubale11@gmail.com"],"envelope":{"from":"","to":["anandubale11@gmail.com"]},"envelopeTime":1166,"messageId":"<9c543c36-bb88-40d6-09ee-e5e81c447fa5@LAPTOP>","messageSize":549,"messageTime":955,"rejected":[],"response":"250 2.0.0 OK  1646396924 124-20020a621682000000b004f6a2e59a4dsm3470551pfw.121 - gsmtp","timestamp":"2022-03-04T12:31:09.381Z"}
info: Server started at http://localhost:3000/api/v1/ {"timestamp":"2022-03-04T12:51:58.033Z"}
info: Connected to the database. {"timestamp":"2022-03-04T12:51:58.063Z"}
info: Server started at http://localhost:3000/api/v1/ {"timestamp":"2022-03-04T12:54:48.011Z"}
info: Connected to the database. {"timestamp":"2022-03-04T12:54:48.044Z"}
info: Server started at http://localhost:3000/api/v1/ {"timestamp":"2022-03-04T12:56:19.380Z"}
info: Connected to the database. {"timestamp":"2022-03-04T12:56:19.412Z"}
error: 
      status - 400
      message - Authorization token is incorrect 
      url - /api/v1/users/reset 
      method - PUT 
      IP - ::ffff:127.0.0.1
     {"timestamp":"2022-03-04T12:56:19.564Z"}
info: Server started at http://localhost:3000/api/v1/ {"timestamp":"2022-03-04T12:57:46.348Z"}
info: Connected to the database. {"timestamp":"2022-03-04T12:57:46.379Z"}
