info: Server started at http://localhost:3000/api/v1/ {"timestamp":"2022-04-08T03:16:59.802Z"}
info: Connected to the database. {"timestamp":"2022-04-08T03:16:59.888Z"}
info: undefined {"accepted":["au26198@gmail.com"],"envelope":{"from":"","to":["au26198@gmail.com"]},"envelopeTime":1153,"messageId":"<732aa259-2f59-00df-6413-a7258fe2046b@LAPTOP>","messageSize":277,"messageTime":752,"rejected":[],"response":"250 2.0.0 OK  1649388641 o4-20020a625a04000000b004fdf5419e41sm16613808pfb.36 - gsmtp","timestamp":"2022-04-08T03:30:42.158Z"}
info: undefined {"accepted":["au26198@gmail.com"],"envelope":{"from":"","to":["au26198@gmail.com"]},"envelopeTime":960,"messageId":"<54ae2b1e-b0e2-187a-2c6c-f8cc69e5fb87@LAPTOP>","messageSize":537,"messageTime":768,"rejected":[],"response":"250 2.0.0 OK  1649388934 p4-20020a637404000000b00375948e63d6sm19765926pgc.91 - gsmtp","timestamp":"2022-04-08T03:35:35.537Z"}
info: Server started at http://localhost:3000/api/v1/ {"timestamp":"2022-04-08T03:38:04.400Z"}
info: Connected to the database. {"timestamp":"2022-04-08T03:38:04.545Z"}
info: undefined {"accepted":["au26198@gmail.com"],"envelope":{"from":"","to":["au26198@gmail.com"]},"envelopeTime":909,"messageId":"<9a5a7e52-f4ad-5ea4-b02c-71e3952b0fbc@LAPTOP>","messageSize":551,"messageTime":726,"rejected":[],"response":"250 2.0.0 OK  1649389093 j18-20020a633c12000000b0038204629cc9sm19877807pga.10 - gsmtp","timestamp":"2022-04-08T03:38:14.369Z"}
info: undefined {"accepted":["au26198@gmail.com"],"envelope":{"from":"","to":["au26198@gmail.com"]},"envelopeTime":944,"messageId":"<7bed4e36-a894-52f8-8def-368a1ba63c4c@LAPTOP>","messageSize":551,"messageTime":1197,"rejected":[],"response":"250 2.0.0 OK  1649389126 p34-20020a056a000a2200b004cd49fc15e5sm25737967pfh.59 - gsmtp","timestamp":"2022-04-08T03:38:47.184Z"}
info: Server started at http://localhost:3000/api/v1/ {"timestamp":"2022-04-08T03:42:13.175Z"}
info: Connected to the database. {"timestamp":"2022-04-08T03:42:13.204Z"}
info: undefined {"accepted":["au26198@gmail.com"],"envelope":{"from":"","to":["au26198@gmail.com"]},"envelopeTime":868,"messageId":"<2c670d5e-06d6-225c-eded-a7c70249e8ce@LAPTOP>","messageSize":551,"messageTime":767,"rejected":[],"response":"250 2.0.0 OK  1649389348 m17-20020a17090a859100b001bc20ddcc67sm9867352pjn.34 - gsmtp","timestamp":"2022-04-08T03:42:29.428Z"}
error: 
      status - 400
      message - Authorization token is incorrect 
      url - /api/v1/users/reset 
      method - PUT 
      IP - ::1
     {"timestamp":"2022-04-08T03:45:22.723Z"}
error: Can't send mail - all recipients were rejected: 553-5.1.3 The recipient address <au261999@gmail.com@gmail.com> is not a valid
553-5.1.3 RFC-5321 address. Learn more at
553 5.1.3  https://support.google.com/mail/answer/6596 t34-20020a056a0013a200b004faa8346e83sm25791563pfg.2 - gsmtp {"code":"EENVELOPE","command":"RCPT TO","rejected":["au261999@gmail.com@gmail.com"],"rejectedErrors":[{"code":"EENVELOPE","command":"RCPT TO","recipient":"au261999@gmail.com@gmail.com","response":"553-5.1.3 The recipient address <au261999@gmail.com@gmail.com> is not a valid\n553-5.1.3 RFC-5321 address. Learn more at\n553 5.1.3  https://support.google.com/mail/answer/6596 t34-20020a056a0013a200b004faa8346e83sm25791563pfg.2 - gsmtp","responseCode":553}],"response":"553-5.1.3 The recipient address <au261999@gmail.com@gmail.com> is not a valid\n553-5.1.3 RFC-5321 address. Learn more at\n553 5.1.3  https://support.google.com/mail/answer/6596 t34-20020a056a0013a200b004faa8346e83sm25791563pfg.2 - gsmtp","responseCode":553,"timestamp":"2022-04-08T03:52:16.684Z"}
info: Server started at http://localhost:3000/api/v1/ {"timestamp":"2022-04-08T13:13:36.887Z"}
info: Connected to the database. {"timestamp":"2022-04-08T13:13:37.213Z"}
