error: 
    status - 500 
    message - ValidationError: "name" is required 
    url - /api/v1/users 
    method - POST 
    IP - ::1
   {"timestamp":"2022-02-19T03:34:55.318Z"}
error: 
      status - 400
      message - Authorization token is required 
      url - /api/v1/users/userregister 
      method - GET 
      IP - ::1
     {"timestamp":"2022-02-21T10:43:59.236Z"}
error: 
      status - 400
      message - Authorization token is required 
      url - /api/v1/users/userregister 
      method - GET 
      IP - ::1
     {"timestamp":"2022-02-21T10:48:10.815Z"}
error: 
    status - 500 
    message - TypeError: _joi.default.string(...).unique is not a function
    at newUserValidator (C:\Users\anand\Desktop\fundoo-Notes\build\validators\user.validator.js:16:39)
    at Layer.handle [as handle_request] (C:\Users\anand\Desktop\fundoo-Notes\node_modules\express\lib\router\layer.js:95:5)
    at next (C:\Users\anand\Desktop\fundoo-Notes\node_modules\express\lib\router\route.js:137:13)
    at Route.dispatch (C:\Users\anand\Desktop\fundoo-Notes\node_modules\express\lib\router\route.js:112:3)
    at Layer.handle [as handle_request] (C:\Users\anand\Desktop\fundoo-Notes\node_modules\express\lib\router\layer.js:95:5)
    at C:\Users\anand\Desktop\fundoo-Notes\node_modules\express\lib\router\index.js:281:22
    at Function.process_params (C:\Users\anand\Desktop\fundoo-Notes\node_modules\express\lib\router\index.js:341:12)
    at next (C:\Users\anand\Desktop\fundoo-Notes\node_modules\express\lib\router\index.js:275:10)
    at Function.handle (C:\Users\anand\Desktop\fundoo-Notes\node_modules\express\lib\router\index.js:174:3)
    at router (C:\Users\anand\Desktop\fundoo-Notes\node_modules\express\lib\router\index.js:47:12)
    at Layer.handle [as handle_request] (C:\Users\anand\Desktop\fundoo-Notes\node_modules\express\lib\router\layer.js:95:5)
    at trim_prefix (C:\Users\anand\Desktop\fundoo-Notes\node_modules\express\lib\router\index.js:323:13)
    at C:\Users\anand\Desktop\fundoo-Notes\node_modules\express\lib\router\index.js:284:7
    at Function.process_params (C:\Users\anand\Desktop\fundoo-Notes\node_modules\express\lib\router\index.js:341:12)
    at next (C:\Users\anand\Desktop\fundoo-Notes\node_modules\express\lib\router\index.js:275:10)
    at Function.handle (C:\Users\anand\Desktop\fundoo-Notes\node_modules\express\lib\router\index.js:174:3) 
    url - /api/v1/users/userregister 
    method - POST 
    IP - ::ffff:127.0.0.1
   {"timestamp":"2022-02-21T10:53:33.734Z"}
error: 
    status - 500 
    message - TypeError: _joi.default.string(...).unique is not a function
    at newUserValidator (C:\Users\anand\Desktop\fundoo-Notes\build\validators\user.validator.js:16:39)
    at Layer.handle [as handle_request] (C:\Users\anand\Desktop\fundoo-Notes\node_modules\express\lib\router\layer.js:95:5)
    at next (C:\Users\anand\Desktop\fundoo-Notes\node_modules\express\lib\router\route.js:137:13)
    at Route.dispatch (C:\Users\anand\Desktop\fundoo-Notes\node_modules\express\lib\router\route.js:112:3)
    at Layer.handle [as handle_request] (C:\Users\anand\Desktop\fundoo-Notes\node_modules\express\lib\router\layer.js:95:5)
    at C:\Users\anand\Desktop\fundoo-Notes\node_modules\express\lib\router\index.js:281:22
    at Function.process_params (C:\Users\anand\Desktop\fundoo-Notes\node_modules\express\lib\router\index.js:341:12)
    at next (C:\Users\anand\Desktop\fundoo-Notes\node_modules\express\lib\router\index.js:275:10)
    at Function.handle (C:\Users\anand\Desktop\fundoo-Notes\node_modules\express\lib\router\index.js:174:3)
    at router (C:\Users\anand\Desktop\fundoo-Notes\node_modules\express\lib\router\index.js:47:12)
    at Layer.handle [as handle_request] (C:\Users\anand\Desktop\fundoo-Notes\node_modules\express\lib\router\layer.js:95:5)
    at trim_prefix (C:\Users\anand\Desktop\fundoo-Notes\node_modules\express\lib\router\index.js:323:13)
    at C:\Users\anand\Desktop\fundoo-Notes\node_modules\express\lib\router\index.js:284:7
    at Function.process_params (C:\Users\anand\Desktop\fundoo-Notes\node_modules\express\lib\router\index.js:341:12)
    at next (C:\Users\anand\Desktop\fundoo-Notes\node_modules\express\lib\router\index.js:275:10)
    at Function.handle (C:\Users\anand\Desktop\fundoo-Notes\node_modules\express\lib\router\index.js:174:3) 
    url - /api/v1/users/userregister 
    method - POST 
    IP - ::ffff:127.0.0.1
   {"timestamp":"2022-02-21T11:38:31.580Z"}
error: 
    status - 500 
    message - TypeError: _joi.default.string(...).unique is not a function
    at newUserValidator (C:\Users\anand\Desktop\fundoo-Notes\build\validators\user.validator.js:16:39)
    at Layer.handle [as handle_request] (C:\Users\anand\Desktop\fundoo-Notes\node_modules\express\lib\router\layer.js:95:5)
    at next (C:\Users\anand\Desktop\fundoo-Notes\node_modules\express\lib\router\route.js:137:13)
    at Route.dispatch (C:\Users\anand\Desktop\fundoo-Notes\node_modules\express\lib\router\route.js:112:3)
    at Layer.handle [as handle_request] (C:\Users\anand\Desktop\fundoo-Notes\node_modules\express\lib\router\layer.js:95:5)
    at C:\Users\anand\Desktop\fundoo-Notes\node_modules\express\lib\router\index.js:281:22
    at Function.process_params (C:\Users\anand\Desktop\fundoo-Notes\node_modules\express\lib\router\index.js:341:12)
    at next (C:\Users\anand\Desktop\fundoo-Notes\node_modules\express\lib\router\index.js:275:10)
    at Function.handle (C:\Users\anand\Desktop\fundoo-Notes\node_modules\express\lib\router\index.js:174:3)
    at router (C:\Users\anand\Desktop\fundoo-Notes\node_modules\express\lib\router\index.js:47:12)
    at Layer.handle [as handle_request] (C:\Users\anand\Desktop\fundoo-Notes\node_modules\express\lib\router\layer.js:95:5)
    at trim_prefix (C:\Users\anand\Desktop\fundoo-Notes\node_modules\express\lib\router\index.js:323:13)
    at C:\Users\anand\Desktop\fundoo-Notes\node_modules\express\lib\router\index.js:284:7
    at Function.process_params (C:\Users\anand\Desktop\fundoo-Notes\node_modules\express\lib\router\index.js:341:12)
    at next (C:\Users\anand\Desktop\fundoo-Notes\node_modules\express\lib\router\index.js:275:10)
    at Function.handle (C:\Users\anand\Desktop\fundoo-Notes\node_modules\express\lib\router\index.js:174:3) 
    url - /api/v1/users/userregister 
    method - POST 
    IP - ::ffff:127.0.0.1
   {"timestamp":"2022-02-21T11:39:56.456Z"}
error: 
    status - 500 
    message - TypeError: _joi.default.string(...).unique is not a function
    at newUserValidator (C:\Users\anand\Desktop\fundoo-Notes\build\validators\user.validator.js:16:39)
    at Layer.handle [as handle_request] (C:\Users\anand\Desktop\fundoo-Notes\node_modules\express\lib\router\layer.js:95:5)
    at next (C:\Users\anand\Desktop\fundoo-Notes\node_modules\express\lib\router\route.js:137:13)
    at Route.dispatch (C:\Users\anand\Desktop\fundoo-Notes\node_modules\express\lib\router\route.js:112:3)
    at Layer.handle [as handle_request] (C:\Users\anand\Desktop\fundoo-Notes\node_modules\express\lib\router\layer.js:95:5)
    at C:\Users\anand\Desktop\fundoo-Notes\node_modules\express\lib\router\index.js:281:22
    at Function.process_params (C:\Users\anand\Desktop\fundoo-Notes\node_modules\express\lib\router\index.js:341:12)
    at next (C:\Users\anand\Desktop\fundoo-Notes\node_modules\express\lib\router\index.js:275:10)
    at Function.handle (C:\Users\anand\Desktop\fundoo-Notes\node_modules\express\lib\router\index.js:174:3)
    at router (C:\Users\anand\Desktop\fundoo-Notes\node_modules\express\lib\router\index.js:47:12)
    at Layer.handle [as handle_request] (C:\Users\anand\Desktop\fundoo-Notes\node_modules\express\lib\router\layer.js:95:5)
    at trim_prefix (C:\Users\anand\Desktop\fundoo-Notes\node_modules\express\lib\router\index.js:323:13)
    at C:\Users\anand\Desktop\fundoo-Notes\node_modules\express\lib\router\index.js:284:7
    at Function.process_params (C:\Users\anand\Desktop\fundoo-Notes\node_modules\express\lib\router\index.js:341:12)
    at next (C:\Users\anand\Desktop\fundoo-Notes\node_modules\express\lib\router\index.js:275:10)
    at Function.handle (C:\Users\anand\Desktop\fundoo-Notes\node_modules\express\lib\router\index.js:174:3) 
    url - /api/v1/users/userregister 
    method - POST 
    IP - ::ffff:127.0.0.1
   {"timestamp":"2022-02-21T11:39:58.092Z"}
error: 
    status - 500 
    message - TypeError: _joi.default.string(...).unique is not a function
    at newUserValidator (C:\Users\anand\Desktop\fundoo-Notes\build\validators\user.validator.js:16:39)
    at Layer.handle [as handle_request] (C:\Users\anand\Desktop\fundoo-Notes\node_modules\express\lib\router\layer.js:95:5)
    at next (C:\Users\anand\Desktop\fundoo-Notes\node_modules\express\lib\router\route.js:137:13)
    at Route.dispatch (C:\Users\anand\Desktop\fundoo-Notes\node_modules\express\lib\router\route.js:112:3)
    at Layer.handle [as handle_request] (C:\Users\anand\Desktop\fundoo-Notes\node_modules\express\lib\router\layer.js:95:5)
    at C:\Users\anand\Desktop\fundoo-Notes\node_modules\express\lib\router\index.js:281:22
    at Function.process_params (C:\Users\anand\Desktop\fundoo-Notes\node_modules\express\lib\router\index.js:341:12)
    at next (C:\Users\anand\Desktop\fundoo-Notes\node_modules\express\lib\router\index.js:275:10)
    at Function.handle (C:\Users\anand\Desktop\fundoo-Notes\node_modules\express\lib\router\index.js:174:3)
    at router (C:\Users\anand\Desktop\fundoo-Notes\node_modules\express\lib\router\index.js:47:12)
    at Layer.handle [as handle_request] (C:\Users\anand\Desktop\fundoo-Notes\node_modules\express\lib\router\layer.js:95:5)
    at trim_prefix (C:\Users\anand\Desktop\fundoo-Notes\node_modules\express\lib\router\index.js:323:13)
    at C:\Users\anand\Desktop\fundoo-Notes\node_modules\express\lib\router\index.js:284:7
    at Function.process_params (C:\Users\anand\Desktop\fundoo-Notes\node_modules\express\lib\router\index.js:341:12)
    at next (C:\Users\anand\Desktop\fundoo-Notes\node_modules\express\lib\router\index.js:275:10)
    at Function.handle (C:\Users\anand\Desktop\fundoo-Notes\node_modules\express\lib\router\index.js:174:3) 
    url - /api/v1/users/userregister 
    method - POST 
    IP - ::ffff:127.0.0.1
   {"timestamp":"2022-02-21T11:39:58.990Z"}
error: 
    status - 500 
    message - TypeError: _joi.default.string(...).unique is not a function
    at newUserValidator (C:\Users\anand\Desktop\fundoo-Notes\build\validators\user.validator.js:16:39)
    at Layer.handle [as handle_request] (C:\Users\anand\Desktop\fundoo-Notes\node_modules\express\lib\router\layer.js:95:5)
    at next (C:\Users\anand\Desktop\fundoo-Notes\node_modules\express\lib\router\route.js:137:13)
    at Route.dispatch (C:\Users\anand\Desktop\fundoo-Notes\node_modules\express\lib\router\route.js:112:3)
    at Layer.handle [as handle_request] (C:\Users\anand\Desktop\fundoo-Notes\node_modules\express\lib\router\layer.js:95:5)
    at C:\Users\anand\Desktop\fundoo-Notes\node_modules\express\lib\router\index.js:281:22
    at Function.process_params (C:\Users\anand\Desktop\fundoo-Notes\node_modules\express\lib\router\index.js:341:12)
    at next (C:\Users\anand\Desktop\fundoo-Notes\node_modules\express\lib\router\index.js:275:10)
    at Function.handle (C:\Users\anand\Desktop\fundoo-Notes\node_modules\express\lib\router\index.js:174:3)
    at router (C:\Users\anand\Desktop\fundoo-Notes\node_modules\express\lib\router\index.js:47:12)
    at Layer.handle [as handle_request] (C:\Users\anand\Desktop\fundoo-Notes\node_modules\express\lib\router\layer.js:95:5)
    at trim_prefix (C:\Users\anand\Desktop\fundoo-Notes\node_modules\express\lib\router\index.js:323:13)
    at C:\Users\anand\Desktop\fundoo-Notes\node_modules\express\lib\router\index.js:284:7
    at Function.process_params (C:\Users\anand\Desktop\fundoo-Notes\node_modules\express\lib\router\index.js:341:12)
    at next (C:\Users\anand\Desktop\fundoo-Notes\node_modules\express\lib\router\index.js:275:10)
    at Function.handle (C:\Users\anand\Desktop\fundoo-Notes\node_modules\express\lib\router\index.js:174:3) 
    url - /api/v1/users/userregister 
    method - POST 
    IP - ::ffff:127.0.0.1
   {"timestamp":"2022-02-21T11:39:59.673Z"}
error: 
    status - 500 
    message - TypeError: _joi.default.string(...).unique is not a function
    at newUserValidator (C:\Users\anand\Desktop\fundoo-Notes\build\validators\user.validator.js:16:39)
    at Layer.handle [as handle_request] (C:\Users\anand\Desktop\fundoo-Notes\node_modules\express\lib\router\layer.js:95:5)
    at next (C:\Users\anand\Desktop\fundoo-Notes\node_modules\express\lib\router\route.js:137:13)
    at Route.dispatch (C:\Users\anand\Desktop\fundoo-Notes\node_modules\express\lib\router\route.js:112:3)
    at Layer.handle [as handle_request] (C:\Users\anand\Desktop\fundoo-Notes\node_modules\express\lib\router\layer.js:95:5)
    at C:\Users\anand\Desktop\fundoo-Notes\node_modules\express\lib\router\index.js:281:22
    at Function.process_params (C:\Users\anand\Desktop\fundoo-Notes\node_modules\express\lib\router\index.js:341:12)
    at next (C:\Users\anand\Desktop\fundoo-Notes\node_modules\express\lib\router\index.js:275:10)
    at Function.handle (C:\Users\anand\Desktop\fundoo-Notes\node_modules\express\lib\router\index.js:174:3)
    at router (C:\Users\anand\Desktop\fundoo-Notes\node_modules\express\lib\router\index.js:47:12)
    at Layer.handle [as handle_request] (C:\Users\anand\Desktop\fundoo-Notes\node_modules\express\lib\router\layer.js:95:5)
    at trim_prefix (C:\Users\anand\Desktop\fundoo-Notes\node_modules\express\lib\router\index.js:323:13)
    at C:\Users\anand\Desktop\fundoo-Notes\node_modules\express\lib\router\index.js:284:7
    at Function.process_params (C:\Users\anand\Desktop\fundoo-Notes\node_modules\express\lib\router\index.js:341:12)
    at next (C:\Users\anand\Desktop\fundoo-Notes\node_modules\express\lib\router\index.js:275:10)
    at Function.handle (C:\Users\anand\Desktop\fundoo-Notes\node_modules\express\lib\router\index.js:174:3) 
    url - /api/v1/users/userregister 
    method - POST 
    IP - ::ffff:127.0.0.1
   {"timestamp":"2022-02-21T11:40:01.539Z"}
error: 
    status - 500 
    message - ValidationError: "firsName" is required 
    url - /api/v1/users/userregister 
    method - POST 
    IP - ::ffff:127.0.0.1
   {"timestamp":"2022-02-21T11:41:28.797Z"}
error: 
    status - 500 
    message - ValidationError: "firsName" is required 
    url - /api/v1/users/userregister 
    method - POST 
    IP - ::ffff:127.0.0.1
   {"timestamp":"2022-02-21T11:41:29.854Z"}
error: 
    status - 500 
    message - ValidationError: User validation failed: password: Cast to string failed for value "Promise { <pending> }" (type Promise) at path "password"
    at model.Document.invalidate (C:\Users\anand\Desktop\fundoo-Notes\node_modules\mongoose\lib\document.js:2782:32)
    at model.$set (C:\Users\anand\Desktop\fundoo-Notes\node_modules\mongoose\lib\document.js:1349:12)
    at model.$set (C:\Users\anand\Desktop\fundoo-Notes\node_modules\mongoose\lib\document.js:1058:16)
    at model.Document (C:\Users\anand\Desktop\fundoo-Notes\node_modules\mongoose\lib\document.js:148:12)
    at model.Model (C:\Users\anand\Desktop\fundoo-Notes\node_modules\mongoose\lib\model.js:106:12)
    at new model (C:\Users\anand\Desktop\fundoo-Notes\node_modules\mongoose\lib\model.js:4911:15)
    at C:\Users\anand\Desktop\fundoo-Notes\node_modules\mongoose\lib\model.js:3157:22
    at C:\Users\anand\Desktop\fundoo-Notes\node_modules\mongoose\lib\model.js:3193:7
    at Array.forEach (<anonymous>)
    at C:\Users\anand\Desktop\fundoo-Notes\node_modules\mongoose\lib\model.js:3192:15
    at C:\Users\anand\Desktop\fundoo-Notes\node_modules\mongoose\lib\helpers\promiseOrCallback.js:32:5
    at new Promise (<anonymous>)
    at promiseOrCallback (C:\Users\anand\Desktop\fundoo-Notes\node_modules\mongoose\lib\helpers\promiseOrCallback.js:31:10)
    at Mongoose._promiseOrCallback (C:\Users\anand\Desktop\fundoo-Notes\node_modules\mongoose\lib\index.js:1149:10)
    at Function.create (C:\Users\anand\Desktop\fundoo-Notes\node_modules\mongoose\lib\model.js:3127:23)
    at _callee2$ (C:\Users\anand\Desktop\fundoo-Notes\build\services\user.service.js:60:37) 
    url - /api/v1/users/userregister 
    method - POST 
    IP - ::ffff:127.0.0.1
   {"timestamp":"2022-02-21T13:28:06.494Z"}
error: 
    status - 500 
    message - ValidationError: User validation failed: password: Cast to string failed for value "Promise { <pending> }" (type Promise) at path "password"
    at model.Document.invalidate (C:\Users\anand\Desktop\fundoo-Notes\node_modules\mongoose\lib\document.js:2782:32)
    at model.$set (C:\Users\anand\Desktop\fundoo-Notes\node_modules\mongoose\lib\document.js:1349:12)
    at model.$set (C:\Users\anand\Desktop\fundoo-Notes\node_modules\mongoose\lib\document.js:1058:16)
    at model.Document (C:\Users\anand\Desktop\fundoo-Notes\node_modules\mongoose\lib\document.js:148:12)
    at model.Model (C:\Users\anand\Desktop\fundoo-Notes\node_modules\mongoose\lib\model.js:106:12)
    at new model (C:\Users\anand\Desktop\fundoo-Notes\node_modules\mongoose\lib\model.js:4911:15)
    at C:\Users\anand\Desktop\fundoo-Notes\node_modules\mongoose\lib\model.js:3157:22
    at C:\Users\anand\Desktop\fundoo-Notes\node_modules\mongoose\lib\model.js:3193:7
    at Array.forEach (<anonymous>)
    at C:\Users\anand\Desktop\fundoo-Notes\node_modules\mongoose\lib\model.js:3192:15
    at C:\Users\anand\Desktop\fundoo-Notes\node_modules\mongoose\lib\helpers\promiseOrCallback.js:32:5
    at new Promise (<anonymous>)
    at promiseOrCallback (C:\Users\anand\Desktop\fundoo-Notes\node_modules\mongoose\lib\helpers\promiseOrCallback.js:31:10)
    at Mongoose._promiseOrCallback (C:\Users\anand\Desktop\fundoo-Notes\node_modules\mongoose\lib\index.js:1149:10)
    at Function.create (C:\Users\anand\Desktop\fundoo-Notes\node_modules\mongoose\lib\model.js:3127:23)
    at _callee2$ (C:\Users\anand\Desktop\fundoo-Notes\build\services\user.service.js:60:37) 
    url - /api/v1/users/userregister 
    method - POST 
    IP - ::ffff:127.0.0.1
   {"timestamp":"2022-02-21T13:28:36.937Z"}
error: 
    status - 500 
    message - ValidationError: User validation failed: password: Cast to string failed for value "Promise { <pending> }" (type Promise) at path "password"
    at model.Document.invalidate (C:\Users\anand\Desktop\fundoo-Notes\node_modules\mongoose\lib\document.js:2782:32)
    at model.$set (C:\Users\anand\Desktop\fundoo-Notes\node_modules\mongoose\lib\document.js:1349:12)
    at model.$set (C:\Users\anand\Desktop\fundoo-Notes\node_modules\mongoose\lib\document.js:1058:16)
    at model.Document (C:\Users\anand\Desktop\fundoo-Notes\node_modules\mongoose\lib\document.js:148:12)
    at model.Model (C:\Users\anand\Desktop\fundoo-Notes\node_modules\mongoose\lib\model.js:106:12)
    at new model (C:\Users\anand\Desktop\fundoo-Notes\node_modules\mongoose\lib\model.js:4911:15)
    at C:\Users\anand\Desktop\fundoo-Notes\node_modules\mongoose\lib\model.js:3157:22
    at C:\Users\anand\Desktop\fundoo-Notes\node_modules\mongoose\lib\model.js:3193:7
    at Array.forEach (<anonymous>)
    at C:\Users\anand\Desktop\fundoo-Notes\node_modules\mongoose\lib\model.js:3192:15
    at C:\Users\anand\Desktop\fundoo-Notes\node_modules\mongoose\lib\helpers\promiseOrCallback.js:32:5
    at new Promise (<anonymous>)
    at promiseOrCallback (C:\Users\anand\Desktop\fundoo-Notes\node_modules\mongoose\lib\helpers\promiseOrCallback.js:31:10)
    at Mongoose._promiseOrCallback (C:\Users\anand\Desktop\fundoo-Notes\node_modules\mongoose\lib\index.js:1149:10)
    at Function.create (C:\Users\anand\Desktop\fundoo-Notes\node_modules\mongoose\lib\model.js:3127:23)
    at _callee2$ (C:\Users\anand\Desktop\fundoo-Notes\build\services\user.service.js:60:37) 
    url - /api/v1/users/userregister 
    method - POST 
    IP - ::ffff:127.0.0.1
   {"timestamp":"2022-02-21T13:28:37.990Z"}
error: 
    status - 500 
    message - ValidationError: User validation failed: password: Cast to string failed for value "Promise { <pending> }" (type Promise) at path "password"
    at model.Document.invalidate (C:\Users\anand\Desktop\fundoo-Notes\node_modules\mongoose\lib\document.js:2782:32)
    at model.$set (C:\Users\anand\Desktop\fundoo-Notes\node_modules\mongoose\lib\document.js:1349:12)
    at model.$set (C:\Users\anand\Desktop\fundoo-Notes\node_modules\mongoose\lib\document.js:1058:16)
    at model.Document (C:\Users\anand\Desktop\fundoo-Notes\node_modules\mongoose\lib\document.js:148:12)
    at model.Model (C:\Users\anand\Desktop\fundoo-Notes\node_modules\mongoose\lib\model.js:106:12)
    at new model (C:\Users\anand\Desktop\fundoo-Notes\node_modules\mongoose\lib\model.js:4911:15)
    at C:\Users\anand\Desktop\fundoo-Notes\node_modules\mongoose\lib\model.js:3157:22
    at C:\Users\anand\Desktop\fundoo-Notes\node_modules\mongoose\lib\model.js:3193:7
    at Array.forEach (<anonymous>)
    at C:\Users\anand\Desktop\fundoo-Notes\node_modules\mongoose\lib\model.js:3192:15
    at C:\Users\anand\Desktop\fundoo-Notes\node_modules\mongoose\lib\helpers\promiseOrCallback.js:32:5
    at new Promise (<anonymous>)
    at promiseOrCallback (C:\Users\anand\Desktop\fundoo-Notes\node_modules\mongoose\lib\helpers\promiseOrCallback.js:31:10)
    at Mongoose._promiseOrCallback (C:\Users\anand\Desktop\fundoo-Notes\node_modules\mongoose\lib\index.js:1149:10)
    at Function.create (C:\Users\anand\Desktop\fundoo-Notes\node_modules\mongoose\lib\model.js:3127:23)
    at _callee2$ (C:\Users\anand\Desktop\fundoo-Notes\build\services\user.service.js:60:37) 
    url - /api/v1/users/userregister 
    method - POST 
    IP - ::ffff:127.0.0.1
   {"timestamp":"2022-02-21T13:28:39.835Z"}
